14056
2963
15808
1138
7226
4569
604
12894
7480
15870
9695
14735
5264
2923
10544
1002
12846
8904
1239
9831
13783
8970
4769
10582
15438
3087
16062
154
485
10151
5892
7174
1852
4107
3744
14109
12352
4713
16103
12823
1554
6215
15880
14143
15929
4411
2553
13772
12486
8652
229
16158
7168
7181
14022
4557
14779
13799
5280
8032
628
2914
113
6209
8757
7745
10590
7022
3376
12021
12276
13481
3361
5046
2509
11133
12320
7148
6175
4514
6293
10020
9201
16319
7314
11932
893
3411
6871
1813
5806
7475
16156
7677
6227
10074
416
15193
12320
10721
6664
6815
10730
7039
13246
5081
9361
15128
6900
6322
13522
2881
16052
13530
2061
5016
12872
6377
14374
10970
9266
2279
4333
11333
10232
5557
3217
3594
14686
14168
14511
7587
16105
8506
5019
15237
10062
12432
11268
13389
1941
9224
1166
15237
728
10432
5513
11084
8596
11030
5378
6258
1761
8017
3401
1883
16021
13139
2419
8501
10593
6079
13838
5071
5613
662
423
13209
10801
13070
15726
