14056
3021
15808
5878
2277
4569
604
12894
7480
16179
9543
3022
5264
3059
10544
2034
4209
15093
1239
9831
5229
8970
4769
10582
12313
3796
16062
154
485
10151
5892
7174
3501
4107
3744
9621
12352
4638
16103
12823
1554
5477
13762
14143
15929
4411
9937
13772
12486
8652
229
16158
7168
1151
14022
5565
15200
13799
5280
8032
628
8947
113
7439
12609
7745
2938
7022
3376
15379
12276
3922
3361
5046
2509
11133
12320
6075
6175
4514
2979
10020
4962
8693
4739
10277
8932
3411
6176
1813
5806
7475
16156
7677
6161
7265
11340
8927
12320
10721
3193
6815
1168
7039
13246
905
9361
6785
6900
8066
3673
2881
7403
13353
2061
5016
12872
6377
9329
10970
7865
15014
2120
11333
11437
4008
3217
3594
14686
14943
8806
5326
16105
12454
12452
15237
10062
11491
11268
5675
3832
10450
4181
5680
6233
10432
5513
15615
11656
11030
15005
6258
4885
1748
3401
6670
16021
13139
2419
8501
1773
6079
13838
5071
5613
1890
423
440
11791
6392
15726
