=======
1 1 0 0 0 0
2 2 0 0 0 0
3 3 0 1 1 1
4 0 1 1 1 0
=======
5 1 1 1 1 1
6 2 1 1 2 1
7 3 1 2 2 2
8 0 2 2 2 1
=======
9 1 2 2 3 3
10 2 2 2 3 2
11 3 2 3 3 4
12 0 3 3 4 3
=======
13 1 3 3 4 5
14 2 3 3 4 4
15 3 3 4 5 7
16 0 4 4 5 5
=======
17 1 4 4 5 8
18 2 4 4 6 7
19 3 4 5 6 10
20 0 5 5 6 8
=======
21 1 5 5 7 12
22 2 5 5 7 10
23 3 5 6 7 14
24 0 6 6 8 12
=======
25 1 6 6 8 16
26 2 6 6 8 14
27 3 6 7 9 19
28 0 7 7 9 16
=======
29 1 7 7 9 21
30 2 7 7 10 19
31 3 7 8 10 24
32 0 8 8 10 21
=======
33 1 8 8 11 27
34 2 8 8 11 24
35 3 8 9 11 30
36 0 9 9 12 27
=======
37 1 9 9 12 33
38 2 9 9 12 30
39 3 9 10 13 37
40 0 10 10 13 33
=======
41 1 10 10 13 40
42 2 10 10 14 37
43 3 10 11 14 44
44 0 11 11 14 40
=======
45 1 11 11 15 48
46 2 11 11 15 44
47 3 11 12 15 52
48 0 12 12 16 48
=======
49 1 12 12 16 56
50 2 12 12 16 52
51 3 12 13 17 61
52 0 13 13 17 56
=======
53 1 13 13 17 65
54 2 13 13 18 61
55 3 13 14 18 70
56 0 14 14 18 65
=======
57 1 14 14 19 75
58 2 14 14 19 70
59 3 14 15 19 80
60 0 15 15 20 75
=======
61 1 15 15 20 85
62 2 15 15 20 80
63 3 15 16 21 91
64 0 16 16 21 85
=======
65 1 16 16 21 96
66 2 16 16 22 91
67 3 16 17 22 102
68 0 17 17 22 96
=======
69 1 17 17 23 108
70 2 17 17 23 102
71 3 17 18 23 114
72 0 18 18 24 108
=======
73 1 18 18 24 120
74 2 18 18 24 114
75 3 18 19 25 127
76 0 19 19 25 120
=======
77 1 19 19 25 133
78 2 19 19 26 127
79 3 19 20 26 140
80 0 20 20 26 133
