905767402
54059225
683203778
592316083
680911026
539990720
44383840
981097004
785430793
50143599
122442600
605591216
417775168
650137966
632217807
216611192
91416960
382113639
902894120
169809004
796969572
400244755
557497906
78862980
719481960
822218306
981287598
167659347
217825587
795607100
689213439
818369941
616537327
55906332
101672014
74100847
209921086
688115716
782612299
837878627
282990912
80552804
939766146
403089093
678407344
96562418
181923854
506924472
137843924
981670362
164441358
713696127
458533004
952009104
943592469
601032285
273454561
248423291
710379007
170268514
584830124
529848051
819137775
401150059
543770844
843670483
299428304
51414428
632259981
773091173
929216099
500941764
749644846
382623753
117969896
944994209
607529677
609930964
434775020
365245904
807723872
629388954
524713794
785886089
799779049
547407521
782350997
389535646
843421511
298047371
429946242
144970647
430293859
11917799
371427005
269974549
922767683
532627052
328598558
972207058
385683139
159254762
495067256
621675332
937318118
214316198
901800476
562429193
253158627
734523123
309944603
931626456
611919988
807275719
441614621
375836129
620220593
50504172
131163361
471772257
166374374
10297751
292402906
435477577
318999845
823682331
660871488
281090650
806899440
8202293
401551697
405997724
162520592
690651262
578351497
142827472
958878302
680618381
183707198
304581249
803691494
904254062
376940997
208125630
615157437
962193687
284087350
56385944
737351764
600306744
806580381
167738243
975221291
969394140
28953963
422016916
229080464
712880187
569673241
402582585
699299689
41008693
263851181
210383794
619364022
515425381
693517261
691575243
8302691
410281621
681115569
427683872
626270831
865775515
67443296
917645641
572351914
40838008
670356384
553224502
722353054
766135006
174253726
614953745
901239858
344990473
608097196
663528596
537073946
108526875
517599355
276440457
18373096
697909826
319565732
576347121
712590167
84504410
268467780
240940165
313385866
576940084
95223110
618113995
872872179
742600000
882442831
266632153
351941705
462245983
34087504
854061761
525582024
848383981
556132403
266873106
198636638
125393333
712360174
461822693
770023104
287844560
264905273
969391711
336041866
287864554
363277456
799251034
934172148
492988684
765170695
157627149
82173011
557628226
120353978
66863948
945230810
432044442
175839982
492625214
330588467
594019039
75078678
455357429
434211061
833963984
977982888
767877706
928257699
514488577
107830370
593585642
242713978
845447560
125582756
540011207
407900236
168927748
882241451
673654614
744156036
829594857
928186408
577045440
708621501
760833162
401313624
327117589
291008237
375594733
328009438
546158398
188617548
988108154
782681007
602026681
103827788
939724263
14072675
752126695
873975328
741335122
880373144
303145025
172629395
332959352
883974956
629794235
69900749
480077425
23256167
233303070
412396167
986286517
713673586
478215627
169463806
268852565
454774565
383662280
408991789
793223535
138115136
814883486
457266772
524875094
452579103
786381053
713322212
456580039
569151609
418129434
192192037
290775329
12475150
743978650
334542984
395124640
45535266
24264684
649287832
732718165
811371144
123782072
541096088
646889990
982364026
702157195
356222480
175680295
138175966
529331981
344658241
887645675
76123080
655341275
579496005
214864530
706538826
565083554
98685056
27719059
31327686
69366499
849818023
51275492
277937178
466244954
18772470
54780586
800869285
278939297
935669992
227029634
818549909
502079790
676836825
934472785
196846735
143753771
223662945
161819043
485635523
627988621
672212732
310446231
636239863
682909112
865203588
783243315
190775131
991440832
497917960
219896335
796109849
938897348
296177703
817557376
239958816
316815432
111276760
37007987
891363541
495352252
952320918
698599042
936400232
625902062
458407188
996379032
344255428
672231829
185941311
350419491
481484634
742152065
877612168
673177155
608067269
273866732
738754021
388238386
736667597
862494595
520144909
654964666
920969144
19731358
921917734
608592161
339797238
188510472
283224963
128797541
241585827
701667739
835651719
720917245
95529974
454242806
434594748
704095542
125333853
355047318
627085619
273853732
464947078
402575869
890446165
836602591
756002829
448167691
871794987
335154030
931061740
739016252
261670081
901524513
107058113
378034883
404198354
607097610
206836865
792288801
611557612
776235768
948648758
503923756
49902477
886714806
581268296
514908435
110411723
497688116
715089930
922107840
548803005
570894123
252945022
135255407
667173908
712971955
505776547
509182199
614081756
304753407
645212511
124570248
615405412
964722783
817108774
282913361
143870106
233635530
881274604
159066414
613706242
286057099
514922247
965865244
445356995
235101987
588787970
928203014
833464077
434598160
760139908
846876733
736799469
644547418
189895150
812880802
483232631
835655580
356123854
63954795
628410232
902583961
71743806
84697996
645740585
183423841
712869891
671948001
898483736
944857746
492740002
956908102
641928152
611106377
920154584
764589998
189319496
670224335
994448002
954727061
479861975
894204115
73552873
53280530
997077888
897251327
459829437
292726316
795640849
704558272
485163289
432222265
847494801
314455860
178509199
904013833
107467786
613943255
251742637
93937428
603926883
736348480
26392203
696553395
802745558
490931320
690217154
665984886
816375207
266390901
486493567
511566874
770822284
931307832
440965385
976721
758979381
707805809
512217605
145847264
177942096
809976010
696347471
904508908
309658156
123247280
477957799
778014506
46088628
142938959
524138544
699372040
509474863
244539600
187937572
325599082
866451263
577075075
820530868
717896816
93255899
447619991
172301198
430738554
937257122
34104300
366589834
9205619
543668762
467757290
593520372
539709329
458844733
344980679
898983424
426693358
67805902
847832567
33005783
490197210
288302987
355993496
749673052
218900167
488189872
255199575
795597943
621007832
30869436
97173889
429598215
59833403
809046585
466239195
239815033
14784790
479065383
672513651
354498379
567526316
474453975
98752787
855653203
114602615
724644966
614425107
473059538
419942612
416586378
659236862
16455998
826384493
880268238
218518061
272024274
23749791
27909300
844354990
2333146
21670066
951490641
229972582
419139067
756008172
178147086
75224335
941426204
606165624
119503662
475456004
60767986
515687112
599154654
167668738
128540543
907776416
630234437
952802874
134517902
275530918
37541257
282101816
907783844
80544311
109486353
578722162
447569680
735596264
361435274
626837287
900115117
406648419
875440568
101765424
530023978
134187141
256748323
370674537
378631281
252753348
725920025
334596041
190673099
67139843
990916237
461311242
880573249
275993112
56492691
736194793
165765770
605914776
514892160
550878214
800319690
589517888
291688346
101247979
886519304
832938313
87568331
459100125
651073378
853618152
954607223
405248900
121181499
258515520
359563994
434488640
766882684
440484325
711754269
44142532
804252724
616536526
392684116
298275213
166044220
996376034
825495289
744838287
321642375
60558089
484754862
207960039
574018939
993673809
535665786
647659896
503881807
233844858
664917161
954307042
600554841
735028150
935264286
105254291
707037279
318119561
621320312
696520282
443778160
527388962
745646725
43385077
833452704
546686973
586531711
120484388
259741942
478854416
413138883
948243674
167296174
665889057
485054156
76717529
22988618
147920160
522816242
679592389
822955713
492428464
555895694
3602780
990533846
508815137
444433127
743586697
361720738
594347643
629073755
781327657
998950087
137906019
662139296
20458257
733414033
820137852
685359656
257245427
806274610
778179924
159007589
459972222
847522859
754932486
573330948
62893801
671459879
977264174
656418268
379300143
561043436
714015090
638873625
982056371
176904613
29393904
431956346
694353902
318579934
203407501
505990777
46202844
881133206
635813348
685516529
753229557
35894662
17592067
426817895
940157189
229959084
864185458
987738531
607368987
714980159
987790275
266877438
173928945
36045391
164390054
845471847
784488077
460245250
602830724
183098315
14580371
474238445
294395023
345293060
145956454
852154958
590570152
846494200
543150939
101468491
511652325
673248949
822979781
131855554
308798382
317750439
802867768
170765524
431708526
262256646
584941833
781396689
197345708
75225337
472786344
239754374
547325096
728620155
654397999
634277306
580276766
129747125
425386217
42617685
58363628
614705784
285616581
602186892
195023267
884855557
948380872
993251254
18427229
443992925
791876339
236689434
270199913
746861378
930103569
144397199
771682375
875926849
120981600
588164608
719508321
936231559
120500934
793401942
497714673
888195543
268862843
168827716
369673112
457893893
303765503
127634670
254845880
622388391
40527741
214554375
653465563
865042311
996368130
177522325
421433185
657025987
942016032
136939971
908404900
804634376
894071934
981709533
964607029
996842842
609200137
211926664
105726210
233085772
224572870
881339438
689701920
939214508
846555272
106353949
564443139
710886742
636613413
925677054
242714802
279003132
980171137
913188395
13569994
788557315
938302096
236513849
356896981
233333842
205398426
822864320
98358645
441500873
454368044
369975198
635561617
403786352
842924220
829324796
134960369
391839590
41069577
155081564
918569317
88869439
831340173
335641808
876616792
780407388
755025688
399668585
278475536
196802139
763388178
193678623
419262965
340099121
278161585
844430389
868395535
53337374
880711775
616714100
941674110
632678616
613441023
290786863
511336983
768870324
571940314
689888777
786951324
743541843
417644350
828997555
919624611
381611024
804243262
40054653
181586479
671349011
694584079
274712378
147151846
420171752
233629378
198752405
269852218
581208945
479490529
65433011
501541835
940805275
896288704
744536114
94326476
246758198
377723283
698726510
70303209
262433640
260034468
501480147
825258817
975536112
466668139
975227241
527249324
854006834
232444447
660247960
436383394
279902019
594279142
109813464
239027642
411743562
942992051
328362480
420127046
941734845
758560469
492117447
60796738
199911116
374588885
785183307
371946119
196140789
887149514
291092320
240270006
321928272
229715871
802474318
560335262
600724336
206383904
659397779
44372668
762640571
706343820
455828535
242601514
85496001
536356368
65718035
348355006
959968254
999460900
747158130
57188234
142898064
768163015
507601989
234734996
498977406
917451506
272299080
972976678
915538680
254368322
648531921
933247455
269516236
309650436
658969946
253819658
755316574
574711697
275433961
597046173
808665670
41939411
938485954
574185345
627759847
645575528
716983751
872706680
24043170
359139485
279648934
976732823
350238574
195770229
911762652
55566367
143015677
265621949
222629912
416072306
9164458
432863941
2013155
180471152
767529911
858447459
858067650
647459136
982247072
729931505
690658527
524828802
399644149
552011983
146991262
772196713
832039548
299843639
208953061
287650315
271554904
41423739
838416670
575870443
801453548
226199178
467142397
190188589
488238250
3357643
140313013
869301708
385606995
575237684
239187103
476825789
340566318
974864430
763937643
534758017
675092650
307327035
535201671
955480707
805923380
112229940
418336151
733946250
57201318
473608153
391587666
381310499
159293733
825600152
823026783
278128382
360626154
642837760
182112899
912454686
366101164
7983992
622633525
761391038
577965859
242177195
548546227
723860701
848363004
403913263
905198077
165284901
382825876
110319510
748314441
154426722
667101143
351722537
450359432
830230066
219660719
895955771
2590322
923419408
297163938
642865918
148574433
651553380
438844011
781834838
593970812
591908748
193208367
151853837
268233370
393630985
887919242
876447055
782454538
301870577
672449261
240179707
403096397
843207865
333969061
642162511
943010838
64415548
829361353
302479303
805755057
614855418
172047251
159493694
733235071
937058143
604348242
311613601
649978629
607215852
584331546
643284738
464310873
506853928
393159010
117549725
305322650
722760842
643244028
171123387
887172116
37707832
301573323
475852223
166205665
829419733
585824296
813370540
524978860
555145326
453763878
825550927
29604999
749521201
103791061
998881694
792803693
495013203
460356828
470090703
590212404
672890508
162326335
840198907
607243125
768293711
149002615
130718464
376700806
679742548
869678368
37496995
417053853
765480244
449105099
808541028
615868925
838418434
288021694
18118873
39436281
833717529
519248812
655107438
291803021
335891613
881012107
729362345
700473925
66834598
204824634
836839786
991006905
22757226
358734631
588764201
308877037
925438284
797041807
513480022
80190421
646027367
37887302
677122285
983206641
575101568
871909257
814711018
463548046
138267350
710699657
108682117
948550992
298135521
39444412
515300910
8784079
703262837
207730495
275460936
580585543
578224618
270476701
794487517
45579637
903192981
551759985
430537339
469273352
290256957
16877095
103721089
700357809
164947414
812706158
51990988
910631594
922767329
842962737
737006178
403629081
77984576
332039669
473413741
942617190
122187345
634754331
702670200
654447928
668624370
54177683
418239784
593195932
703441968
41402431
29896605
666188258
701284094
628784984
64391519
548067286
178976123
764545111
421510692
574138120
720992097
548606926
935909460
389811765
481460502
228391655
340396123
373659118
719350947
999922327
934968059
936486676
421344423
143909009
475065850
873697244
617016025
495075416
865435003
634018951
48570250
193104608
536077524
734012968
555620669
909799685
670359310
230759633
483152009
616281604
381701000
837930382
586596207
475747167
478586232
901618079
949063957
611280131
728874395
638311589
989018848
678000515
271437495
540246856
654451547
834633120
625085960
219761307
853403721
681161916
431825528
217823719
190608983
87077367
342738938
321355416
691805625
532565856
968757452
193010382
73868571
889392339
162209611
426860107
695176855
444661140
814837490
56534927
343769995
856348658
562151802
849525122
364748025
863160529
289000268
226257652
94454299
7412796
745647826
865127993
928801712
964532204
70625778
273129051
131925168
660682313
790791907
433247766
5557663
488599077
461127860
425779118
536844307
722751944
674174070
3778727
511228702
343764117
542628799
87499671
334534875
418205017
608059010
261389753
156611408
987464676
462223879
910569447
650888192
342919189
306936690
636565296
245657161
928413180
712348968
577002151
114319807
393772590
491600858
907154390
378933532
45809763
745617373
524362423
154990600
443253822
83505467
728985508
392304464
69570714
72322721
319889059
685189328
575927782
979884895
129359446
247416289
549168430
825758507
64145058
304237140
166045016
524491179
288170355
258835106
316433896
344420132
416598747
398379931
254894902
90693863
655317166
458057667
656286493
934549335
980750582
235882661
306851554
247099506
273752855
927706778
954548136
505196634
490049520
353476118
972917619
741841236
501475939
456631393
351846111
86229475
256314947
965532900
978210679
136641697
417683985
965425280
111974535
352804674
428724487
479414795
954788312
949154483
617102782
766725276
975346264
903394406
456841321
587646692
535461007
804456750
545938635
582997335
989086496
838151413
256247469
626373185
909909979
101835329
98111247
365301512
776496833
624062263
989602938
838454399
229688060
875628587
454500583
573564735
905209834
781629256
476748908
33814419
299729174
389133839
207408590
100798564
309391239
60891829
160991579
450178730
363469056
662589265
82539798
427046816
627098204
884218556
885688808
582823216
455922663
340163365
732323182
403215461
315414246
3660688
323450950
192179138
436273338
235190201
552933647
332656626
970530044
356889113
729107626
117311537
997736073
36476343
98191341
130382210
875659901
584625996
74602578
519660356
830670786
361387546
502892073
660235545
34119560
672699648
561206316
940537180
692427830
443592424
429985145
10677822
593439964
936419870
820243201
430231481
383213886
536869508
142416560
125526656
905286568
6241797
346574521
427975365
530259546
959846292
775854354
902567827
842594019
574581227
835860607
414783562
151106974
511782496
481629844
620331943
543281011
848826237
840581110
494096706
532036301
60139604
52952798
231658979
609027235
689285243
971556034
221238553
257069537
423026682
870058005
204466732
126574713
444951690
336429797
465888869
85998403
820573874
899931893
426848054
483233411
428212501
76519242
913207679
136799035
749049318
414593319
829955726
835159735
275899667
547187492
326392528
13168769
256430994
468499018
652685646
780517606
483233795
548765503
817507390
908890286
40363306
944568355
331711828
922071567
899252193
928567899
385362850
838444224
768691201
861690759
545202307
274035203
291326310
884281559
918970432
637307735
800772522
261115172
270319591
183935389
404947522
708264106
730823361
641853030
911585865
937305455
340707106
659726648
471119051
726507700
493882037
445944192
924305883
350316916
543813480
93084608
783563361
387916754
959607714
313370681
724598728
842178540
541974522
801200625
407098604
152986111
983415763
483021740
184920190
190861933
922714575
764169069
186856449
64163952
806867505
567017572
566945110
110280453
210427653
239237823
750929826
485804386
317564445
361466246
958001446
759933100
918112423
434882617
144584420
163326699
635832472
272097235
501702470
469286010
226912135
900799888
991149803
656773911
439709688
971190100
475139365
469347042
162195328
302833783
326625717
598819512
566422828
694153396
899197728
268197135
430034881
723984243
882482847
455827797
994055649
948661953
365768650
175646020
914317632
940371187
843739053
784229689
691124851
210477867
132320069
776049254
923759923
398767465
993642964
549086092
464507873
994688157
701073464
563781584
909191555
196990797
673792275
55539933
886408582
573289346
676263274
113766407
418592000
607919651
456004124
752073349
637642172
531449559
139634246
288320444
168341059
635942442
266346590
451117693
663880558
589481293
871436139
428206401
792992151
294951234
302910442
115087033
801603762
462544233
428035738
730614712
499813691
615334735
376765657
621409770
307657770
321873051
451171587
739945686
464714539
601806652
177290161
92708912
854280479
958812426
901503290
898397587
890492729
105832864
730195107
990972790
131694917
267432749
935428574
395666230
51716856
167573779
92562708
822851599
388818470
825459291
301053454
249732842
988127181
110964176
357812914
895539775
63076393
953768280
23866365
361436124
243470904
754663637
802719241
66119348
185851203
254615404
7925560
692939576
895763212
317289659
319372100
652211254
620820151
117970567
794392552
470748263
419892621
45686251
869096380
402722481
70015945
116886188
915236442
308252410
251941337
840176263
597604356
128058146
396573243
964592221
448674560
744322627
569472217
514846193
927640916
395408813
288653924
968282673
796905372
229467569
810282893
67677598
901161286
355438270
336723503
812348718
401073734
554569492
360791490
934828523
910065608
530484605
221667567
572941866
144804928
338904720
517980112
608304715
352656208
806441409
220524770
591041475
834889241
274617085
517510764
489131945
133088995
395218757
479822352
507832656
288115981
292907761
463840424
945431165
698004731
986801615
144744564
353817250
728397364
176380167
898576112
956705742
953368789
12051473
205487001
847759371
882445402
474863057
231906611
124630363
821692672
9000369
110094556
11002967
410444114
40843828
863545519
90339748
222880698
636171411
727929552
916429477
521321990
221302149
72134804
295849449
135610543
243391166
528246259
11044809
564888808
107585387
572995880
614830619
352558383
974448757
433996946
907036416
817786823
562692626
434139751
386334856
227666590
547017648
854566179
476549334
999921956
654879572
51757740
864913017
936670453
545328116
927658323
262913761
725782035
133982297
213372661
597548193
953732144
644211229
220651581
42574836
814435624
415015927
534656882
485257059
312660285
981243672
458166841
454756950
56034177
672037109
655916621
293618878
212495550
418445291
386009378
299024165
800051334
396100821
310271882
642546555
928243445
762866214
185749116
397656434
446231195
170519541
599556153
143059663
112931428
106778458
391315017
389925228
794808730
165565011
498527261
782025026
38705789
710791142
10968351
647863357
739353096
593658461
806036352
929542218
947974275
335060247
978673743
626024367
115573589
716911754
746368843
198448069
500350880
656112205
309948608
600214830
66270302
260514648
202328223
531574676
668572973
787817578
263593377
928090785
694991583
621057638
369803537
343876717
428015523
438228409
937451103
295546592
908999835
848438311
311023212
175397628
610618933
182529416
769144070
724185226
248808127
479579894
654416898
678453872
239417416
94765361
295631858
405246826
893739886
629345921
415084038
888583681
777927916
70335924
703856128
495304036
626446576
885970651
609253057
829143647
853884241
517956973
476024197
276663891
989764793
557517676
513306370
457927568
330103161
679470912
558225144
235161088
64759136
41173775
949312977
580316123
429703967
993409215
792559123
561361692
612151773
699152814
735419047
905650769
936415488
394057145
92304895
562566062
254346541
875899064
11659224
655063225
515493521
760798396
73980468
414638995
832456614
602280819
136282818
389001716
419024778
80587874
329696880
146189251
755336950
80664197
940725816
284248645
746126445
793439923
922174405
401453306
444659626
297185250
1687412
887961431
19117577
563274003
640255843
140009794
537214206
759242194
339192902
785102448
853067497
332048788
80155372
455978097
741630280
24032724
205844527
202302075
949406272
310386080
152241006
695974919
249869921
239245647
841905304
880115344
331951785
306726976
685885078
33818437
743842659
794767109
883321136
778150979
460690929
464112037
486200502
820449681
907656252
985919010
974513969
578126913
565764305
294987216
823598835
256420609
992192191
832317468
646695052
881940819
106062139
182431167
684820781
655861413
516984387
352575752
405468694
39794067
350251
880749817
173919134
251023485
36532135
346777332
966321586
235538214
959661002
100677383
871088737
120862366
250801606
546962967
845835179
468895156
82224773
202312730
986044866
977045936
511941612
160499056
351671235
303872069
957057870
901651605
234032070
396503314
656730561
289920496
779337601
660096081
45589963
468031912
674243438
504447746
831836163
406618146
603486317
252674884
226206019
893726645
739561028
303263799
152538702
151856597
731092992
984886576
131541803
233176768
156234745
958403593
984917638
720957882
568973421
807159609
535143244
194480920
788311458
316249603
97665419
595055806
246222289
660447222
945563710
189733573
106746494
516912950
246613162
774526825
765063748
936873521
948259380
395471687
462481644
779845996
560989953
99984936
225776577
539371670
545089034
929138848
879468512
593032980
692020486
327318629
974890742
498861720
19192906
192027697
756470327
549701278
639184859
435883256
289742357
896122147
340751221
539733985
80200561
789319015
511068266
882824815
330520933
487012854
27535532
79159834
734169293
526858742
395975981
164844454
662640160
483436723
97150145
515594851
583237202
1919832
148445424
815041078
126348690
504015020
203551309
875506897
321618729
979378480
340310400
951023946
587427343
424066840
425365587
58041038
743279694
591531070
179331256
340405332
644160774
835940007
482501019
273199393
743009564
888688455
12672067
113956930
923167677
341514591
924298986
877982892
163781199
6117924
701901145
748689003
999514544
703040270
519322505
903370695
477113772
580956727
691016070
698566013
494145767
910667154
851094377
74432035
867108576
308441955
102044750
276732198
882022075
132684526
822088005
742596803
736001174
443656586
482075992
657605436
634332756
164325206
615338578
232621256
675538557
883580762
967391760
110716598
565942157
885148064
738779436
446852942
158424382
232122497
326866752
911501560
581283019
100961893
8314550
368159774
696934737
352564638
472733639
850409574
683863314
65008191
882290442
981954301
183948718
452054948
207354014
893988067
533720748
237093024
538151043
866465555
138152679
647637612
357628319
609137340
785097935
944812189
725232788
366592267
989848395
641740457
954937206
740699784
233646502
115768778
810605499
167967964
757565854
740473558
689537160
245425384
820554606
149962733
901185797
673318466
177884141
263781923
195896660
985271286
147004356
424723884
850165676
64138317
102385673
736577125
279922713
586647662
891915484
238145022
131784200
613836462
781494665
235520626
248664870
55145362
703406167
709359707
226383217
692046684
173126818
514917644
863770646
745074315
753333047
87002837
451773306
516177670
787276905
243197878
577401490
874096117
33034674
975690050
462084985
547740212
122965987
408577002
122948956
233627285
323677673
566320999
873313264
584200203
713588113
802536602
648086033
877677089
523613656
150529957
970577784
295859693
961036099
684511656
331446280
572511529
654619280
478724631
889778753
365239541
304452789
602202330
348664355
579407709
811722352
489694641
550678450
435633577
823427987
552817223
906038648
800835172
764880595
172541336
131424082
637689400
209087032
275728709
876856374
498317938
371083092
487002919
700646605
811122018
976278914
971444212
500844113
315811844
777144977
367195268
902436071
469746719
425176616
235688571
727931551
231130427
109571474
390407300
811069037
936639198
993980554
49340291
119602455
951822184
540775713
567764134
292965080
91072610
128845368
467003135
524363523
503048299
439449585
543956036
76463073
703149245
184798697
986651475
982293817
699807816
735444336
469101269
892302289
635836532
136065988
626611023
372060988
933477522
802769452
535131754
300799011
337540660
344748491
312388866
158686809
7154542
273063815
181199812
62186785
448195239
534467278
159861813
360957548
760367147
822217835
780805118
68557412
91765969
119891040
171318510
417912401
511423453
302144119
312541477
717030564
103201829
46950217
217484615
755272253
335756540
420517583
671114910
56825896
933724055
585462662
763062087
17675824
385526533
510883851
676348391
389713819
502498120
281804627
302856381
32749006
306915084
228158023
195350226
47992854
100811196
617006382
916597024
740284559
506947159
46722673
799145446
408765085
253025458
233790855
89429555
467175696
426810151
192373276
399583735
642499150
609439590
934019147
515031829
521857587
855989308
891418309
382644592
627958046
851095027
284426594
979884919
660803211
94110656
656538626
319159339
718360844
419744132
6284170
224613980
567321271
769681293
242225121
950800009
102245612
225564414
275597271
803968787
425521522
593174192
330857427
401285016
722382046
933915257
260788617
879250144
284211271
629298580
726896531
700811642
60562024
182481309
399540830
354538987
268569685
295064584
547434058
802054126
685757553
96853048
153138522
697947028
864297541
900618134
671493630
885786389
362231375
747142851
57116022
577654677
301505654
424038229
261405092
78509374
898081750
338587471
777194628
541453286
776042054
79067196
365519238
549111905
761328381
154256807
933417692
533901907
270828890
737441954
421217410
406034938
183829453
96792133
535507342
944236481
538588011
642224779
154736768
224307995
313175875
788667634
934274674
961163867
853356562
296087205
946805388
153997911
19140595
582373820
905103179
182181701
595388735
201673847
556459459
897433418
623616977
892349987
479627889
673437757
929076010
402163133
53948030
782983398
718891616
205233039
798199590
770986359
364731582
345291850
231547293
6909401
527340974
581730276
150785129
847213831
915559245
527781401
357823310
237988725
678239573
32665615
444299154
818971026
128641800
717716630
585601046
492181379
627780300
649636485
582279339
839073044
322531429
964350337
616727322
396490001
688459498
303149246
145377342
653031961
250082295
468195410
581063421
561321801
899859973
872118766
926272703
251041279
12282530
805440878
832057361
69522585
841521818
299549610
520501754
80294431
972413971
6169666
948973466
382816604
152465009
132206568
727629996
317775182
430550885
939342711
559518731
2946933
438371008
278897514
285976398
378284011
524254800
374125582
27411093
240548534
657640979
717421155
27506451
236988783
27670468
246492387
245252190
563516690
431027944
379270462
555054103
25307
964904086
628091310
484297994
52930371
874759700
835319072
827954833
842379139
258483550
328578795
191555153
626926107
903870028
593914597
326321494
781095994
340414978
465974489
518208896
396770982
418705840
601580411
234633697
349184117
124779837
137580029
588394131
924501452
133527278
866852401
712441589
35423199
999329632
670237149
298234230
753609840
617675472
503903751
212025250
869749777
418433071
65058107
717950649
709315146
916641550
274286554
574618820
482114016
511512562
686827676
756974751
117449361
194292616
764808584
332670717
341161823
756084599
678558070
650632131
146204244
774663278
684923532
925473471
91135819
439927513
952046917
900211658
934651367
914913761
660425128
83307096
148396534
462333303
651293084
720793843
751323936
63040670
586576557
648771756
801752214
660639172
714845392
490740578
792161733
954935203
826055703
562392337
738670222
659558757
489433783
399873574
358899584
935559005
856175708
699497474
326502255
872976924
652797880
722855859
49108022
154951612
470776379
538697744
155637496
826112088
602123672
44104050
92540563
108239683
45262575
968758048
691927552
360911573
271185017
342203744
548005085
807266576
314617871
819018934
769418143
330466470
139616642
551903926
634783142
272440813
336546831
958496783
682599231
995156351
826452350
530888273
322457443
366381408
103565778
283441572
480037440
67887511
520049560
15115370
79032889
502124831
884862615
193755285
186121780
266061268
257891461
902072393
2189915
753542466
812243488
743684541
307324475
624371243
757334679
598764519
997124629
287244187
501726480
134223445
399170912
110003571
998130803
598826815
730448689
442908644
372519975
525730591
943578204
72727258
831536144
425824796
433867931
435165994
609965202
514359364
402173555
381978567
509494036
790224663
248965641
256673283
822912465
476660663
840839580
288354272
471071636
838111071
17744534
598866269
737419409
406136822
430569954
688442536
543960289
880088904
785224734
431692068
187617167
448298158
219248258
476312503
728106451
536015974
148697761
495482637
129700773
950976306
608472437
663129607
105016049
21367367
693195234
550584526
342590338
273709604
812214813
550388287
651139459
731013442
218519118
183911717
408161812
792432738
817352691
345751478
166441858
379907315
134504266
11860518
350696564
500617860
682533316
707061512
340301486
282523185
200152553
676039812
247923982
311786427
761366633
742635832
511241775
506546635
694194293
613132827
475742962
196539148
987913674
803395647
165038736
4041762
176320184
825082
185332796
676788748
868809850
251465113
749644879
70312309
471066752
663376324
725315484
796099377
149999401
551753835
994104285
442544653
598198811
705218358
836509688
765347137
738570535
874582400
54957174
837406843
295312480
605450381
801455510
331251122
216814458
875382350
728686625
674488193
478755929
36801228
579654279
549384977
741650945
53891382
66203384
70921818
988056869
890744286
949859400
411170721
172718051
255353319
463374172
406691214
668251297
695210143
847253333
896135917
928834457
95390964
33308998
329427325
777292372
949583366
752750819
172721634
920067127
883387061
313924990
955733298
384863772
571757086
465060464
499687927
807945324
464005753
560165989
648688916
719879877
6078495
290104829
226653460
662196653
144414621
728850847
916604226
633511146
361530502
489545322
70906065
926089937
60227777
183858044
55497777
3996036
287989583
716272107
685325478
265354649
917848918
275690982
26397036
747617898
730383623
134976076
796681397
393442225
878204725
602798469
974521956
306982218
568297950
876828492
669642031
454329719
707917146
502825085
897098637
285993570
320361215
85785462
999197990
175453774
611192013
947488565
515833128
245860822
101866348
182705355
469371516
958220019
970025270
811096230
391329598
13961539
39605720
642728558
292262503
626962996
136184867
885248263
845830827
901019365
376270926
428491644
506575793
709094893
395285093
920066757
340867302
228837628
776219083
256748494
29052664
947888477
608355889
585435771
54146307
566711814
395709979
853344641
443714527
449730448
845739818
688812325
664746780
671639566
921344503
793042437
728013184
46287234
320044809
201454596
557198404
402638645
82837101
404875625
341993930
7953475
396325770
299238346
108425864
127679096
77042519
656793024
340346889
835283123
317261475
508253333
383359825
509112223
883791429
472368420
92509277
741041942
291427812
115941190
726552966
27981430
418554314
751880449
281030605
674320309
738312335
807358935
643779328
685498954
715991313
344149089
864956228
541036093
867035952
776198387
706073399
485326500
747811638
456041120
389421306
550274130
201322820
538897783
556116079
162917976
67129398
519909948
963203423
851637962
273647805
940183967
954367386
988076434
853599228
704522311
553276763
817287029
758471965
369531426
920639314
64662984
315228203
276852246
556658296
247632715
218248590
900933255
334605782
281980311
324440167
802472423
957611982
556348928
696952170
80719001
626446648
84534755
447479648
495023016
430703752
936598264
42946730
935286509
998425664
604051880
936638611
194912692
556316413
815895987
726509412
759422620
281490962
933029301
169177827
300869628
952631472
75926422
740178370
669255706
201843610
184219506
309469321
299522106
793303127
15477091
612650099
282218226
635869435
654041404
282577289
857338690
402079240
710123613
847484627
286161816
608517055
230599019
727588238
952585164
327079632
933058237
621118263
549047938
421663934
31741659
896360131
27861921
860879888
64540281
34871303
231328457
582847940
490533521
324518756
575468490
984223603
162677582
70500919
91584829
219469100
79956687
930182542
954417549
615925043
326234806
989162053
274038848
530624911
268702488
100234309
957320669
829319488
302956132
723986594
56455943
485782676
544827365
104783049
832989467
511519113
845037841
417420337
145870731
926956093
319408070
525199948
637229913
275263334
889488399
181541441
621574173
54188846
693852151
127695291
47615105
868593304
869355174
854635090
104825054
559214485
58455112
830202195
560287079
703725067
873676842
953707929
828960317
546950520
606820799
354574428
211531246
173849776
205618031
226780119
889576393
723673964
482656614
843812105
479046013
640874384
962770218
860673596
120784855
954974657
224142639
101833496
691029501
438165037
118716121
164078889
955939300
774789505
974039147
51152277
150309860
786180425
871588935
134223580
914859623
619871157
855192762
897629484
363605973
877525493
668846395
881214509
390641401
481436252
424745657
706388847
779932709
926237815
203250652
541109421
772806291
672620754
969025267
276862581
451032284
519302652
278276968
434255306
579519424
923326881
75812874
972222799
404964607
439693089
434358496
454197043
777642401
525037742
166902161
444676585
391202514
376156223
544833092
887853430
261928380
158654338
704239834
221483905
912140842
941588308
622049512
856106860
52119228
396885123
351216490
14778442
977783259
613080012
583433164
943745954
636109139
571820480
533854217
732330409
274046389
647908076
871780240
401116545
302591347
933623590
626659563
905196354
738451273
946893198
355789655
690404400
646964411
651135654
928548822
268399757
68679222
906817917
15041393
889283894
76934277
306561752
387807063
191471368
513282062
243692028
201174099
969293990
608620518
698621467
948863781
80432624
393180703
272328250
42364584
544681416
8929263
898232352
236048534
249745002
297204710
355106009
622484664
489610130
653247029
251943553
129910943
42434778
607608368
840349728
741045200
936206704
154879266
556013450
563939331
10701436
510943162
52167098
32721594
724803815
87881251
349902457
415073850
30718712
427701891
523765045
773336409
758766196
493959659
382275771
780571546
378456821
760421563
542102666
864370372
500328323
897262221
749263841
874854609
378356151
102969469
458611346
31761969
929058790
438885751
292177060
775168441
372105630
669530275
627617109
895654338
283698045
788656433
686335829
83946108
603471213
256576666
119205231
629010831
491947305
857987294
327093991
638922273
311052183
743693493
320785803
97037630
279478477
338621545
583399805
563280873
544093473
871049572
567461561
946710205
587101379
486135757
238244504
866069691
87775439
863207596
37561394
462839345
822925060
612182117
691070829
910482162
924624807
644647276
563935342
512130410
292629831
182737730
718258211
817977381
742250538
495736298
116770260
136084891
488195242
101883034
777310355
207021199
798920586
702684486
282401862
99631414
731776938
903537112
434803921
834892584
359384024
66867258
870866423
888329650
208490762
610214459
151232921
65197420
127584486
492148891
472295813
129021896
520584397
424322940
226975171
661604313
372130787
102715245
711436215
774122120
704991392
935593459
491348570
567899692
966266129
270576437
214403174
694804509
906586691
257757123
530798025
456558585
974000247
933537010
100016300
37358138
356783767
478822326
409722440
354757669
285921748
727736397
665462800
558259981
103931974
643027383
532955379
56561519
939427471
446721768
534681409
835623344
921274315
828541088
223896325
185795428
597015350
946137764
364720858
891636709
483586407
518357033
185176220
159689985
923670067
451757976
328626243
797480230
730944061
142359228
113358843
435650874
605378845
173090281
36484585
283248173
711265515
742211588
625392346
686023333
160724180
176231222
157223850
542990793
462210880
504185429
881171365
829473897
441966303
17417869
392492811
266721261
238819763
59473003
895528732
700540064
573644350
89397661
366948295
924672200
1453742
676327747
144653433
10951872
104446081
448366098
973794845
546011239
798478671
577449107
519384378
753103330
348810837
280264531
741734371
590643852
81722637
933376786
859651380
773406960
301211857
147961837
157226854
529600308
144225668
463717230
686564552
502555259
477675069
883650206
287221326
419532648
320228460
379008318
118050352
882003232
298538641
195478960
328073029
241302628
206040975
942786062
124612936
236916891
89614148
424166492
53158182
962159762
317216929
217930579
964927758
264258014
632876769
249596853
732338494
67631544
403723129
889582426
194367219
460286585
431617661
836637879
7418326
964932915
949009315
595561998
855710308
873335972
890278416
389249928
849119981
4109236
394117658
311745408
28210397
41475764
492496583
289187576
318723807
607204940
975250859
485370103
149634722
239753449
445146178
117970741
823936941
896378645
12539548
764147038
785004513
66835603
376534747
416680725
229068512
817015266
951871938
420485232
400629747
504844549
335450669
185866936
248152365
474002197
473036674
700425376
904032841
948123492
846441930
818807710
470640317
725585756
381705953
205855958
124218715
395122238
521558098
97479605
700692624
472122374
37528461
933489285
262794961
130896838
860311507
858122248
98134946
890843584
699707188
445121449
78105103
351755277
333145704
250476719
294329142
772360483
423056261
10331277
200245652
268267941
164854459
2820624
50523882
914654503
9025687
633984042
738378777
129488727
828189477
94400540
564621436
557602352
376656411
665834738
104548501
27929075
606988520
923653210
198985415
214560988
561629663
41442503
524107902
388242967
507746403
316547433
573551035
318001689
717791964
436592895
220330913
136014959
627353602
938056572
56177638
273790217
61532445
512434687
266037369
343662515
843206552
336502795
95904134
537269503
930315650
428676572
18271853
771221529
366082632
515679095
257204566
957610533
46707300
602941451
205446349
817789867
395789631
319055059
66565026
484897569
671579707
235976031
975564933
775908586
865912367
129411729
787849099
187628361
829364836
806958400
671423131
853119010
871188266
313045218
879933165
173376331
242962507
659284555
540577279
499062579
367805033
784207481
950924722
152978232
580746095
458384890
514671479
560758332
294390444
551016561
576168757
709471893
798714067
646985501
381634884
324120813
516603566
74397065
24137209
243628102
145563496
172573052
738009680
807937620
63120584
291571676
510865894
468736588
214628488
987691425
171814745
509981563
194901841
854579880
939918059
535624303
854652167
837708281
50131056
323994874
343488160
141607490
316679264
696779660
294921449
849981808
622770563
41309961
784006410
23011590
984470900
461323510
418787439
2754784
228031770
869717882
713256000
334535779
464586728
846813797
575437021
573914027
290054960
122205566
220475196
755569135
389717496
494615301
728314723
508557368
716167757
240550647
231772451
351173689
919826155
439599381
693236980
461946921
298586706
761112518
110108250
856667951
474860675
15198140
510186715
54429284
53086226
290615115
277446461
846068549
981699862
84647538
414701024
566471287
431536743
636415536
670394501
416357091
375597584
152355248
400428965
901364814
550241927
744156910
724684886
961989057
527056083
994934412
784818806
980246794
656664539
287339097
919171552
14990230
330001541
344162411
257187338
966035123
628853627
310350710
277222097
2020930
891042551
357368971
52621808
537572029
511976052
597384580
896689409
809135342
94119995
663428031
471273497
813130151
245906398
742524609
708686812
44296865
795105824
527575101
10454505
323254752
488642478
749289051
857823124
456051942
247294867
529478977
511655034
700487911
220177274
23909529
736219090
221696594
581052745
334373845
818264864
52111987
243289008
177357792
847250718
261322945
317269930
819716330
150481544
41055520
626614339
761665252
163792583
933820432
942858554
906981359
530286610
812501286
80210383
807499476
603446617
484097128
187206782
637827615
216071896
467412091
247349546
973084353
937757944
353101309
354468596
926126625
31825734
806539602
352678247
227886377
346857877
366934817
793547320
222472716
310717809
579619299
104964785
670810063
955848118
350268461
977604088
923843175
230353250
243464374
94155379
690508112
4692507
742983539
46533964
536890808
244272209
391131475
449122019
845085604
660814205
89120580
637602079
98426452
310256996
956852261
634952474
835010642
37076235
706269515
77332013
641235472
753365893
52669184
857091092
817604416
707891422
888898908
805643662
478230933
347912369
17167031
236695742
712739408
818582661
916009427
292728557
639426272
739786099
921105561
917197979
836086928
988945450
992853328
788751613
827937469
372941013
358213869
160105598
859235278
502798821
446295280
814539374
183956525
921931240
486634189
881456552
741715253
554917243
672238680
568827840
536727305
287254978
699641325
896552435
382782180
167729459
275849786
196308608
235033503
546170337
446194468
893313672
636557457
798723314
420225660
146796369
277188819
589602554
11802869
891066336
365840623
387633722
630063294
787851152
275472772
228245167
584564579
962183163
102062749
753794293
297501231
766079494
917537643
460003342
748920516
665243602
448720122
769699877
383239509
86113964
316766554
42285817
805517292
890098804
415280279
509171039
350725106
284417220
432698525
439902671
185644728
291021849
517852490
397843456
948773080
516549242
541613402
828981678
888950999
506637506
392037075
626626352
954076095
772584386
339792275
203587833
143284089
638621336
534422613
837837507
142196016
959414910
156263623
255802450
153136095
256645181
603754742
377466550
717917226
720340049
970421563
703404157
889525016
547852013
178880858
680427398
28017441
539378439
681972715
216961253
600783709
125507447
617881345
780797967
913984862
175057171
461225752
88694060
666811115
347793339
583909073
128928848
942020982
338306987
328909964
444230876
221437078
269505751
888181522
565935118
631423217
560512877
621663803
805239910
62383800
820597671
193676785
395047724
431527129
238651619
825321803
487700074
609229650
790613661
55527407
287592208
711963728
11413568
296609320
898082076
752054407
473112145
904800805
44068890
959772371
615688630
628294168
746251221
238139056
157275334
391174884
787680419
609887791
329722945
394771202
697791695
263479422
435290244
805857269
992481741
345591537
523430486
640525161
84389940
755414414
512173540
947314989
356228349
390434610
902370058
24663399
743503545
785273104
92272470
202766381
177278815
143339716
800527556
627581407
719672313
192412462
924118604
846202347
936181918
492329209
681226701
179463942
749366702
74319138
366864552
758664737
424962656
580761226
378394593
129761634
413628103
493291625
553808988
856145003
615444683
169069194
241811367
818363093
620054551
669197753
841509715
208463851
503719322
240527431
673374625
631290458
747425443
167569583
277899117
497762678
967547396
877551342
322032874
713594438
910867273
457503672
749663087
731921460
475852308
192547238
535177659
8447161
82961801
15856990
645760265
965642583
982876618
132207370
174449852
420165088
15963393
563616472
780519318
341760509
960962325
80248644
508168915
558686745
668132921
600845168
962813910
729033418
561696324
495065471
952824056
629597859
7105632
465134828
121323702
30963741
186321760
836303282
259805186
293655657
952097807
198083387
418378972
402901275
910485658
188492358
886459364
367367095
969291150
349361023
800766374
233182614
135729275
425529028
284206370
536637180
75923872
285648866
605347693
762348799
760163909
265547272
739375942
223859981
540264402
958799596
784678983
386545429
202118696
719712515
690241606
683514866
123571997
815306683
729095445
563933045
951175148
447071031
44787814
20786066
307123658
446632219
150981620
562090142
485203324
147519981
101856931
750886765
145302949
119191486
500048593
438086855
481312995
692105744
81706226
352340775
954994554
983017222
385789854
597230386
36868249
841345715
883813933
726605155
164535024
807816108
618914763
816346210
486774720
853791151
927395493
476786181
564143918
248586254
791642873
410514468
907238029
316148167
32585757
276004667
902820535
81905662
412328233
479453882
988135123
227916501
130633398
702089559
921761393
443341143
912664452
118250913
747438111
953083147
605984382
210611894
963497132
934617458
847437015
1349740
380444302
708129652
328633161
548829938
344411973
780622074
531010204
978417524
100993490
568702893
879540478
757459514
933765305
570430570
982636747
648715234
663327132
247168135
454649566
106000206
605276508
601659944
369788975
244664968
929327774
353931939
240670088
635189778
387903208
640117125
923152545
22068140
263262890
187868546
437418572
676463883
796312458
690277471
131607030
681736111
500131235
139599270
968048157
682674096
903298581
645184908
729546079
95354980
231156421
29081004
161068680
266333823
967050656
686326324
284438534
199497733
474801210
345650492
282655479
607307099
499492014
271493094
630853664
895995588
109039607
436488625
20472290
170069588
73567983
55908282
198860246
992454447
711076768
938369714
619129846
729994208
808979862
772388054
405893815
160508347
202847408
515980382
305602691
179843112
718469100
484647666
463127550
432874247
962053328
536195175
315764479
116421933
21386469
838223417
472530060
921694615
489132384
322633117
649181641
798056711
709195082
902210018
4130631
459090575
123063286
191081510
259134826
22724726
913947852
229162881
800609174
661957244
514686144
763164366
471689999
773947376
485159979
297680868
389421481
613204459
451747945
160522365
971561398
343039188
692987062
920117148
111720968
140368955
616698376
191892491
641348586
154650387
823663355
688231640
335089540
652043338
208927591
934209919
286385084
103527643
133757811
185346295
32931404
46846514
8947227
77366236
419375241
7198387
60045736
140121010
777710232
375327891
905392386
773100501
876428132
387685272
60379263
673360426
814407402
68529817
478354878
70984351
837761715
995813835
511223801
713124223
908445392
225708478
133064392
701072601
239342879
754284002
496949190
776387361
758567921
126520578
34362395
760013093
539377216
628879557
738426562
580484588
598306165
955514054
444662614
491404439
947133456
72701622
522176756
608789002
626210302
230844740
428879158
76239245
820496660
90945517
29251802
932704967
169524601
249255657
576550858
994490886
693125263
33278337
585095720
545901840
81591474
64269978
292399890
769521914
472058270
479621411
936704473
114401821
877010218
796625768
284131698
787394012
898280085
944109236
968177032
457836446
604209893
952983117
187520646
622906398
834242062
65895045
932242482
378881911
380977650
526408017
581793594
466869091
883897763
852604667
869886496
730721925
51339595
17804879
935626552
534236153
337654746
476657775
297789764
787593173
282637365
64062490
369881767
144381672
169922331
657325234
80462877
211025914
614917772
878871954
71001587
613289527
729739150
949257392
851190010
369076925
31121199
188208520
866392687
331372651
843640770
971932828
435289990
425417275
90547395
850598279
485405688
936239024
960569443
6306720
418696802
46573795
576386748
776690119
492583542
875849529
841102293
575619505
310396730
545404635
963650735
162423686
692010853
256509859
334372643
71677804
693835877
258077831
963514100
175443065
660153163
57122832
360994148
186749783
711597282
496757965
702946158
764634835
699999138
679754040
551247631
660576222
709716548
996477470
533614784
123731757
752889934
749842391
788796620
750165904
651702623
353734785
58997494
795881316
561362420
216488143
208840191
955152344
425540941
510270564
300431002
792159670
278822286
675511135
223656163
288101895
917130099
761166238
968832863
51073656
327260695
555085589
593828552
551797385
278994851
267732172
732576378
637128657
457138128
842251488
685768290
869331692
300345169
893026608
687567279
717080546
623165043
395440912
862074984
484912784
582002157
963728112
135021583
