10818948
817618902
484912629
345731364
198072283
879136117
451800745
334183811
297403952
201918349
64287203
20165243
428708185
151869707
413912646
714587420
974395165
595934591
526731814
215390016
628454759
107707423
991805334
139912413
360097409
247112810
537218666
8163452
145396910
110782198
43388955
450599245
2566027
645877074
8998416
155349026
66089327
85699885
23463961
795666318
4614039
443301389
36938001
81372847
75493240
1078003
531016212
675980700
20655979
14017837
63132638
640825012
344288805
3932546
342914152
431587626
154569288
992164789
791424575
218233156
215101350
24239093
92300833
149017321
485287506
123229
173517790
158091958
61542195
833366609
307102570
325653006
389940285
17270185
414724493
90276157
66517526
414767668
92021688
229239399
167029781
16082654
792624250
54755559
715415904
498319071
743458633
431523262
334587487
72101110
391969923
101473446
614939485
188447336
607281369
86802567
435196396
149811789
28261992
147905811
3820650
75739265
116201402
18014994
205514083
141476822
734035944
4605587
548176631
213353199
62916706
170308302
185051313
523694964
787833220
492341006
944260055
37899645
19915049
12155946
58973501
409993680
259564452
24673230
801138724
20778213
291044648
385645626
196386431
363601226
102899504
417737436
325218525
410330668
66295059
39076605
20411
767637962
258747591
37953865
195334152
70217295
67076025
289128295
121636178
190087816
105800655
170537436
11533284
889848350
106128550
163293234
584034203
442726072
328577770
397699336
398872257
405056430
291460619
528061437
57431323
660488103
96692878
464080629
976243
272704702
370445630
174633122
329629239
25034844
963895145
300958838
7473792
265749237
799017204
219978286
120043702
100323217
13414475
43194815
366697587
356765942
375477891
86242549
395085631
70944108
317000324
541086230
554062909
639434060
271367906
346645438
754565561
710922204
266449733
321498137
101057361
5575954
26220681
941888182
77899635
340950572
616388128
10474197
950204676
124885687
517992042
267272515
394722422
916214624
44357892
479823749
53616792
941925234
3499977
78060728
564023655
244335240
398954672
159416138
997072004
262101283
526007968
56772931
77000284
157658087
899717788
339666977
352071991
800205797
16229043
283789432
630850344
22376427
16942726
832941410
969922201
63590539
128067228
350090350
411561188
903246450
385654023
376003660
563109220
262583197
579271137
520147269
29928381
41317461
215637234
61599821
481787854
937206714
536824521
65280397
194686873
406919685
272423371
61466133
384183130
232290192
525197187
325496858
594906377
157844260
428825016
48089838
148255519
161085490
51564765
84125038
713237436
10801481
562844270
274710782
309621382
62825803
103405363
548260360
266312313
318276376
195639534
127453147
909169876
28908996
103568609
410877638
971578084
339301028
94877094
854967312
16904598
305987434
205062323
21116734
131656689
167294855
71778472
369194827
224634104
729863975
902717327
124849737
432052753
163900563
714355180
862583970
745512833
67628473
376779728
728162438
583323721
411095092
138913232
809180137
207196580
3746960
424054517
796695288
33296082
318598082
3839759
568884423
373823049
217131073
545430982
63115214
920763260
993897389
286262717
6856261
40187631
3384873
732343223
251839112
473092432
504884320
63471005
180810387
488585392
214171127
183204748
421921414
22010454
539398378
117696320
66600764
52010650
331106452
853387587
20367095
842206263
12192919
244887044
290804110
233907139
971289757
36668312
552845169
147628468
422612479
169439036
849195328
182231079
215035507
94629588
877198316
388892309
524120192
302280650
583290239
233437156
296915605
812824994
443463050
51785541
352018970
171128957
65927038
62273914
67028558
24727673
296467046
167069278
239364204
66297917
544842622
971208102
284118323
71226021
5250036
513362372
483164686
334920422
399647123
28577410
495499302
500831698
90092763
66619314
19159256
