872065955
639348754
806465139
517714285
732576701
116804068
849954239
562062508
248114624
575996481
800996892
828936851
354668924
670253194
131044880
672868037
324868078
819870993
710565434
650942310
781439995
554846072
964501519
758066457
740791163
156102439
756614920
910823167
585136148
304469052
753746601
410470463
842015929
698079122
843027383
654340961
511091333
826786225
748908104
166255763
113994577
360362623
507933606
62911412
826398762
602059059
870843756
765706997
566341374
909430206
674555126
475520300
341945281
684021783
816899003
197029822
888417421
817491998
385208380
538797677
661104565
442263793
311808044
348949471
333819756
565461966
192946577
867779636
262535030
727615941
266562290
232987082
51454916
697862450
582538461
813625243
360355989
540673960
434997363
864538166
599293198
313920589
124647749
903590818
471583566
418240810
267846909
192307770
395886103
73223964
347113238
546994537
896293517
500230376
144363162
729723753
139328001
536583973
285021180
120734403
266848169
106607153
841007812
78349217
882726360
588106402
226229588
127045760
670792566
49027400
737729519
324636282
397865031
397530189
390142954
604973043
327921159
480810063
633199681
885454334
854466483
261130318
701919568
610638326
986633697
435057598
431407106
463210244
36467876
561704241
518356661
584259356
627457289
521795707
26356022
607839801
816316886
279298803
122875671
950111540
775290444
891725723
130755939
26500532
434260874
748922651
78612623
596557608
650985498
846887414
964616542
813083265
397910565
639240971
443205762
956540811
310405140
987441798
697501244
280335742
918583134
556952263
810030200
969890686
343756189
700621102
819616584
76946153
848991190
555948093
613291454
721117793
601693709
305868322
491515062
108303043
695405391
74661193
542948847
122005664
253791686
809625737
559045284
630832712
269286246
863453249
541332147
551070360
241906817
195625464
424795274
888351806
860760827
691730588
543213838
589467906
589821670
249723656
789833571
363022716
255340380
955264600
410092682
700191839
333256877
470989141
293775057
424742680
129534941
887846524
506538672
535543899
675557948
836023824
316886550
48494930
514387518
986301453
338546758
516941489
576634955
542723132
454337686
264028770
240699972
221044339
978573988
156714186
769291320
375704559
95232626
622272972
380072606
306913365
936621110
542798425
348019300
505183275
173380032
432212001
279250291
705624119
795638171
37485170
924208943
701438602
952178618
704879316
178053661
850542178
992148632
946704620
686134534
452645290
642513833
676496463
24324918
490476894
700520267
755092980
314505532
394322601
779530132
581757302
859385684
140854997
767118719
611496723
135051574
95386453
805272853
768007196
874293901
649434106
882245254
138038746
518513631
944781215
562634275
89266137
250240268
306950274
495992321
324357720
487856089
196938392
368877673
544215635
418442928
572875051
906058607
122995504
701552831
649328537
79656019
721267601
691204401
263240579
543446024
476350799
819770763
451503181
176660957
679352205
461262694
852015423
677227145
973889255
264612977
529591641
450628463
875955899
824842190
191623513
1453418
31414028
613610154
421681815
812053933
371585085
176036797
385541216
625701483
569122773
412795551
89355211
412269519
197623175
276359450
649972036
69818714
917147933
966779798
930815024
129156342
713876599
312848399
829205859
67947470
457662232
301336100
395257605
701786934
204794329
160184983
775595079
181361118
884205731
521221689
866064922
964612348
919109199
967892031
587650873
588307779
364146938
263378226
277911417
101275260
328722954
870959744
98917471
502176872
598822233
328520088
669334290
83385085
749590150
529560939
197028090
322077912
403061031
148441515
466275734
24543582
961810414
716116310
529849049
50829094
344161773
5189973
875378805
306404626
662448552
71526597
515008092
177030543
251269446
759989388
314489367
576947797
392156221
12281463
363045216
6917349
162672169
122340905
832181209
403652656
91059197
634443014
2529816
494364633
141355449
595574936
508041426
987456921
801873527
543047453
154684366
597864646
372009822
463392996
419707312
843848149
448611483
819326465
738341337
296806152
737677143
783023980
17437527
49536546
267514895
223576562
378007794
253380329
788850578
89563498
382327879
764657091
625849382
151815121
930199460
487818863
129201822
135110834
237920068
416279477
101490384
129090232
789477614
579692713
58881070
554894423
930295671
957703696
691523536
594305699
734634003
499926782
441584990
336827259
447061163
87949713
582613655
790813695
64329028
138189548
347827859
284727262
758363167
24128884
209917052
330060262
591552454
176326314
946665578
762478392
944671619
533358659
662161934
491566310
174462939
195462674
149335345
652032346
466057700
686999484
24592933
949219596
740103137
538589854
624457865
133879759
163653218
903835399
567022358
446833358
903178624
149937332
663252809
807466705
575766562
929144170
425218218
335830613
522070729
274039316
154915841
961913363
605919651
944986853
792679187
372829952
527476124
277758577
771108601
509337054
285224313
593720561
705971824
731088126
879222370
364326941
407988281
648470459
671812942
86025755
614831293
621851066
156636491
386470641
116893959
756120998
436603109
663189688
704069026
834555895
274892085
877498515
26164498
179790839
50194869
297676496
686244511
326414626
761173769
564021110
457204526
704163314
693119832
856385115
448311983
720711707
421877056
86846308
7555619
324123411
379759819
321535538
185437645
180770109
248730738
860749246
22036248
365515669
735286567
87083073
437523386
414725653
249101960
643327073
448780708
851738286
853056198
804936442
900979648
774777933
736140773
713941674
193473228
502287023
310849288
67315314
752561102
575735586
210427773
254310272
887271620
840421841
315586066
100372461
535701386
606921607
849892258
762691426
270479431
529896998
81649749
289291745
746857969
608327573
776990652
391739080
756341834
276800220
147341963
524273608
566331047
491648290
916695954
528735919
148733152
447051499
477243851
572536854
728369904
291470040
244989539
104680474
506858565
976239659
433832177
561785054
824399995
576950404
563434658
898914363
544905462
970697762
590886645
713770777
795102166
834664861
704877055
363541523
323603549
167103272
770708572
144687349
196608140
679826053
173291336
281322991
159368703
647198093
327102214
87238439
926307833
237096191
832078701
920251058
991944773
726208698
147458928
710392246
903407525
165021578
358688945
638932899
942050870
991867365
151898577
53296135
917728369
927242749
899108184
631036860
711605895
961364185
536872295
968431034
959247811
960137016
992722122
202022393
689688545
72539038
920145823
236360807
494798310
926310026
54727109
313567118
564400530
627910108
134821761
32827259
940112488
819020669
382071905
623236691
463666479
896111715
387332156
819396960
543665934
44173397
197702496
882579132
128289480
821238369
358094754
805946721
432336299
508190833
496326150
135114104
603828398
530758413
145750126
792833442
377906417
339158839
222812452
182472070
612770885
601720546
912801753
570515914
636829005
332104411
707299116
267449586
370116938
735319191
348071635
89961013
432737236
561598378
434465806
441430818
109351848
176048414
531822303
688495498
29119194
587056333
610393258
550005913
606162567
446100766
511127185
853027814
487974234
820968579
610569414
276543907
570822875
79398949
33535433
127918693
300410572
805452323
778786606
882914516
966150781
602247328
843498988
414044543
267019725
225307832
577211700
120691719
53976734
198845810
214782776
798129839
61250173
706716708
158423312
658313326
469745379
917428035
396802876
802191231
782834990
68228084
444530980
206731975
78965769
631947063
674313567
901376774
173574334
852647419
364691683
433293144
325478347
515283017
73460933
725560383
531667370
991957588
341517378
511041598
363751924
805517231
155431849
960795264
905900481
366861351
509421891
106314986
210333606
29181586
932448222
924383759
67336965
522902616
248184484
635524250
240083522
751759526
157047065
361708571
599086381
82033482
664862022
177731195
539314616
736370369
125419137
393900327
917958467
423341499
216093021
893966359
854259822
409703621
841715515
320581142
112267464
853644687
811328533
790168822
683187721
26817540
760790716
730766290
849048092
716969097
342022556
766541156
996534742
151405698
877164644
641310512
526255870
884543138
606245861
906256201
721575833
884335808
710011839
863190623
148884794
298869801
890277785
39210646
222603047
817045608
999315979
280430325
196375758
352340294
275995892
509684895
438220229
254309489
296225647
162245955
181051846
331290202
786985354
334553798
782588880
300140027
867086634
95849724
934737401
219617937
537421876
427598836
512926458
409864716
210974158
651052000
225983749
160507829
456377503
596414393
656844391
740848162
544627573
961479851
907206413
542387754
789037617
604712017
983630476
243742308
952219883
282067239
517735328
658482421
24253564
601165780
774917710
828508058
994356767
377118266
135402929
388804471
308500160
143005163
544873309
626207778
493814688
537552870
221102350
445437448
664960717
564716971
936494015
352230174
447420768
795678202
795605070
257382359
718305725
819972293
404056275
281959862
929669981
119657606
530219356
10158538
864864362
214679581
858438926
911027857
108090166
535940961
192323910
597099171
48083626
965196308
787109604
284361719
946632160
226748905
792424013
914559483
810779778
391127069
520115935
777263576
63572145
8538236
7075324
343155576
324017184
337838051
572590111
960039072
999249838
933091203
558491371
544348300
968489154
671875685
523635067
685421782
66704132
251384593
589308621
806905980
578610861
592580259
612266022
234665702
691325491
74357396
215777508
617620557
528577465
957995714
845164686
418088276
285553172
867122063
288479352
225769202
38870737
543199548
454047988
260996208
501290071
134979581
451583047
570929122
605528669
338006642
862642955
331471235
494529484
790984224
551414143
513273998
858461614
66701190
792736734
866750254
619510326
770534807
281652460
278546786
689715608
733313479
87970066
506706778
449096852
222597776
360783684
515598756
575050796
741823265
859382633
674377335
169494387
496550493
714895097
411370966
607867698
534842138
671071890
205450421
258639548
534172376
182810083
304142454
288273001
74520871
884082127
954000430
383506864
229124639
999666524
887139280
35028036
678692697
276340063
184188624
55690053
56287685
56947705
878432979
808503800
217453852
458520531
232624833
790096341
433666044
251943219
485066945
226304816
629614059
367576883
279833752
641918682
775832419
91532602
171845979
720854359
873602521
108731369
362548192
856623285
444133874
966484385
719398176
906467586
784566609
41593389
211784390
704833096
953017755
591454843
78060578
527697301
872212807
238638561
158778777
100640603
626671906
444012928
328655842
424062538
485195832
317532383
55461401
162337360
689122412
800787531
344432834
335834682
168435061
341118557
264729579
886822088
670607934
468646678
528184088
705944410
811644890
183722658
870122606
631938387
803695535
379502572
317576292
419040473
731530262
589241837
941493971
664411494
959302556
502292590
844179161
417980123
921889361
561778914
479261635
190096361
965161703
348253998
356290137
860262076
896692583
430267257
854637303
226231246
321251537
761228593
640570343
928902040
497436204
336778741
495412574
422021613
524005939
511528841
897418727
676703464
637085421
965044955
141793014
419596745
940402459
873441995
891099245
624319325
2563619
534145488
242238843
535233611
149754817
484807870
901290139
381163830
608560023
858863110
586503936
7080861
826660985
73977375
548053401
140400513
501464077
103750137
84883899
832435064
631407573
814637979
576449647
271913847
813191085
801656812
794517149
619205486
945328296
857965264
274797629
165352369
231381086
430937690
977174570
792314321
190402418
854497402
901285834
979750630
170583715
218260772
288197454
805119385
287029320
873362893
493328139
668422432
334276222
737943504
814624013
604810692
498880296
806621024
449305511
413313820
610569898
308832378
224929562
716752236
621059276
531679788
48223461
549908449
473677381
833513326
444111927
190880403
576650600
277155307
289091463
61922207
721963554
65379881
154878759
687319124
209631320
509132465
175253888
779775732
464024641
912678521
857939057
198269194
672204151
495411749
290218485
793407460
476264945
28925394
489521932
257763293
1967043
365671638
52622775
572728537
346361663
515310930
90739363
820719119
384921211
225124310
480890158
625919136
396634059
474442383
77343427
733882062
830564992
586253466
180087907
203397801
835807330
874298683
850745053
696808458
990975307
420513889
111098339
225735298
183306651
130462764
794201150
706530024
198424592
285356361
890263605
191101913
318827845
174880951
548111243
654464328
340922563
344871733
287338082
194677455
510207119
681485523
190002816
922963667
451659004
394281916
798806231
481258770
68227682
376585320
960850678
618315293
80233304
15594290
33386703
814680309
173205862
58341077
169332841
418362219
266153644
163812383
92675577
976264254
952909488
466835464
709594493
154505448
234327969
227065366
741743177
447592686
496767506
628724903
855991154
15322819
348366146
111966323
53683951
754547265
840369444
23005141
968842848
487418793
183212957
986779753
347502249
920753645
201342279
260324634
450086003
190865560
376765023
730067222
475750177
811254190
30276000
613574728
188799894
203923389
989890206
74333305
24515351
701276004
51542442
327122619
327832669
982083273
894048261
485352555
58030652
195504674
587280742
917042904
779346156
977195069
454067340
136744805
204871393
540135891
616179588
496753773
422259470
264692474
912921723
344468868
661168486
175339405
677811202
954774250
321672903
114923865
764242883
866445932
858539159
512247772
972469289
146932045
771633809
435729201
210322740
531484839
337508014
688986356
806662330
305516136
628885144
840617516
531006009
981211455
388222002
935578099
194840987
945252405
577754198
972804120
845028659
821379283
641123340
879974534
794256205
13303745
596123485
179269940
922910793
789867963
671831198
890988940
44367210
163771579
690686485
340581909
358132187
770983022
217844244
489587577
398463905
656521590
42331899
486226119
78026027
264805907
771228175
77760494
461953014
940999395
686117665
566598664
551158871
231225558
640712601
972935973
538472618
252393636
999120475
851747730
737304952
748143133
148983462
860788862
301790934
405903493
280259171
800678070
619701992
898437120
765671464
755078595
852935552
528626410
846204887
150800464
262066021
245488552
734172682
871794157
129945458
513810973
320809577
420519072
808671616
550652090
572358932
301376622
334087269
107116086
15576034
544004258
392850648
869122312
755069884
787243670
593842293
58969840
386080884
726760294
214962127
260915184
536292681
762702868
976287548
633257021
360272048
555628571
261944352
346175564
368706633
648532962
310728933
436006067
723619512
122607419
439795568
147187008
960435763
140922319
560335030
88105645
738135968
396545856
961164062
292425589
458218788
459976997
319368827
560308401
157492770
510890215
814688833
977909564
734175825
744178082
386250651
869100415
299516734
852431619
781485683
420151369
371076956
668435048
460294485
136683134
267090314
575348320
346312246
517460571
530837405
658382547
528275255
957573354
956885407
101857838
688333038
654237429
799070936
123113479
800576857
865961383
658248386
149192307
813091111
28224923
404138573
179262248
771187968
759845825
717087663
207276972
703068719
256817597
594594126
43177124
718885625
649263248
178790742
389969805
13833370
638131747
891705821
564270057
117732411
641184160
885497719
273023952
846188094
920639475
972520733
886157418
652270314
555480459
593059369
496032482
524196672
905955002
907883680
847613348
874003422
552723597
505383482
695603242
813619197
648890862
800689288
653236072
464871883
515432679
958157413
389958180
804593253
550424263
900058273
833841108
433340435
348651725
511385625
94183257
980298297
77266894
340738731
908571632
858441116
411926765
176852323
45400155
817752349
296101598
783203679
155414705
16424872
629573720
194165673
338171058
172005184
456338451
741148303
938314068
382898749
597585254
857153050
196046615
711847688
897443312
222792862
752577390
957660965
887797570
5025417
63350103
429914742
313494630
8140695
828272808
710240848
823736264
270813817
328330003
19305463
930660554
755032265
353904573
544701563
519048392
267120491
115544268
541651442
846406460
485352950
367758297
69611054
283699732
841368306
105930767
230824811
800919787
794655547
276722481
852348317
825817905
602536168
415449664
612664722
737780371
410938330
205616699
504746501
395007107
317044607
151510651
85538552
881422946
919997155
859913119
883926204
441570393
799783672
626989984
693411415
40740951
412474066
156600622
417976475
78435633
3345903
829165418
880050210
996718613
208665219
323568341
345190772
892391049
303893645
162184417
598412460
492319950
375652817
431639622
560013469
502583339
112992360
49313765
576461371
574930174
931046518
675441009
139891434
145573463
493640596
680516848
217244075
61378015
675750415
915496580
411671026
237883961
612899354
420392699
488681462
636746225
569411843
541120258
256532673
426475643
588766449
731959702
903148487
503219074
668484399
85276885
992519724
660730108
869984442
83866784
740420547
888127811
620171568
99707489
389287515
523829513
994023218
925999725
255074601
654177686
624259908
755037004
687060293
962239989
430818887
755767133
537774016
366112569
271296350
919372964
693861396
800600378
988100202
70112059
441074417
410417722
434562377
442928747
949983894
180458825
347408225
925174255
427885014
368241983
454976417
330012690
779437831
78188558
861625730
517865834
181627276
36480528
85307465
618356540
268473017
991086536
978028968
406747420
415099581
50745827
485281390
834120469
612537268
303218176
72159748
395172232
631678118
829332560
890660127
521669039
764039627
744506863
34530843
761205943
359992213
73487130
671019105
272196034
375536743
117800960
712576618
504532428
174356809
659913215
629800796
193027706
944074347
328389534
562717917
288817055
175769277
381367259
663424028
629099206
824574227
736199823
725096819
301152613
493042550
476319005
700036464
158321502
895973688
801510975
450966993
136040019
837908816
903065134
421355856
766116054
688240821
675235458
376492012
228574382
720715507
258966576
873505083
649866120
379600055
338470325
821754909
312516042
731389952
901022972
232161990
386440619
485643414
919466907
851127300
45390701
876408134
960708914
25393103
130278298
502269146
928778439
675046257
198686614
756458150
513199016
702577602
54602125
393834475
989897410
927403366
90218698
62729445
971197368
642863713
511909188
696208697
745786547
977734141
861576106
175356271
722700187
100762136
617250770
592204527
260609112
934454983
686432709
532284687
949016350
788357201
337897206
492795750
230347832
199765131
153375537
425164042
542682641
482440144
212653434
988980154
274832144
155819335
587284400
603365369
164573258
904870053
274365778
192895035
289474899
751351039
234267528
631626983
763736938
660142120
334017240
128624542
305776172
452033514
850045289
583186600
618702100
74448684
615578199
947949972
603692076
472925480
119248805
411298413
786178495
407705691
809234284
901997596
730122891
499695725
66770458
879368235
100477822
94492879
88308011
704215031
787316003
709115166
638329789
864410641
582725310
989067767
320146036
855330156
26209018
966229264
373502829
35824669
848216203
257641573
326738162
402541202
257856569
86387228
421606880
379546902
948494121
985896919
350781322
636494214
887467393
741780424
770320160
32700883
865721654
742125127
794223339
475649101
983566510
366046204
611828620
282805096
127081746
784922755
588542725
203566806
896831973
909703253
172417173
263287515
108992912
492606432
338267752
888634244
719777975
179852777
815116607
533311386
97683133
973907911
287560447
651506399
259947036
292571527
630761001
814475415
728229740
779119242
79863654
420795462
466040462
538407388
107938472
962713189
48514716
821184182
431968317
69749787
19676383
20747985
826885289
39500069
37271728
173824888
229448824
660977794
25426196
576984496
875905204
853702456
51735651
963795798
418179859
694442921
935796052
835013290
131115306
605555846
721868981
680154780
353968168
32535871
523288648
792331096
55964948
945068688
42811512
160809404
888679550
397337977
978353501
552553146
109234768
225937639
614738203
189577858
173054409
664800920
624459430
137701092
154253842
496080842
230633689
347720935
953192150
871320406
228173912
552339008
378336474
487209959
459014828
492730258
151553662
503203997
420758126
462361880
499557324
433305097
250408729
453535692
704295931
539008947
830605312
2898147
59846904
423279912
266412142
581148070
607463352
334304915
945615267
525918508
294133994
203948402
535156518
33154140
947647974
613238313
327387710
904864999
851159410
352988389
317104601
997298018
664732786
641418833
813612820
229145474
982752498
64147611
647641558
106400605
62849766
404159382
17780916
247393984
602464612
430000422
576570848
290871371
362004952
674617637
831260031
921188930
530011973
555272512
472367738
66320508
302636354
793382992
735212745
135132539
907005151
867505184
419761534
935315930
213271046
292310855
650241023
835345446
333927093
485063232
961809001
833646946
184166400
335934696
102792677
42693162
981592110
595278730
962111983
916164
222665403
8114910
899663569
986023757
983320604
568532286
71161931
309455268
351951685
198164315
463672078
552011543
409788833
143869041
570149171
845387277
404111899
940551832
952439288
449389236
125447700
359658512
576398989
914436624
192274535
238348616
620248514
665479041
983333393
27569767
652226926
956139059
913723065
547134750
725160712
24125775
225197764
941075502
71770491
178913613
336600310
170321946
175602824
894086909
525659689
775645772
795957429
529448891
166785913
409585167
950233420
659939278
167973062
920756664
308839133
870921536
13831731
562534809
3217735
970300397
836502875
960904777
322077736
545373723
419578578
543200636
962243978
577374688
468151893
991744472
391140526
895169555
69675791
359192174
601084397
207730367
357675801
32703029
365056453
694253989
142367886
76269420
364949169
61026385
626367952
419820483
491449367
849291921
290438512
103322102
227880991
144902507
137932568
925105621
62832916
629362081
708520477
211600157
421366750
407135663
794576088
538845714
455366127
473914298
207933186
513644438
837071433
299147950
618602166
230515611
575682409
387840122
456253762
515774095
286379235
904926462
589110418
982727235
6630130
434359730
839572426
597319322
775069907
17123440
371624935
282573197
443714131
277650105
452403461
365392928
635616707
562749268
42526142
670246572
512953246
127781977
963765497
322585357
471084203
511305360
239535206
796177270
26443013
526621880
337072399
912580223
450818792
940745857
693336687
788976319
540435133
668847634
874736927
169908477
673454061
791644981
211127968
590129111
515618923
779471238
597982835
936102581
820616785
434205608
448872855
500586582
18746456
158765311
818784254
119732085
466233199
107856214
683577114
53301384
207028895
534040664
429053032
549595613
307710929
939624081
890337097
619504808
293790688
433652546
949813274
799048705
131127340
241327382
765556321
587086477
171659367
128396769
571466587
624817357
943943626
328053253
541808273
729522928
610757216
68381217
24168524
585900321
137067856
559143268
181085283
944756227
560557798
904481825
477231519
177529416
790487689
216753505
754373687
587730530
363437865
495701120
532131032
275844817
447899596
694557532
42046476
370475863
178041762
849436032
423934392
287879419
936019821
49944926
618012353
907499296
889015067
395999207
445053051
738391114
492298794
604664097
88124927
932962716
864539261
132593232
306212289
127713624
351342890
653665405
21298537
832421812
732270697
434811045
451808845
103571609
552743580
4873290
76000669
244077242
561148535
480049141
528128233
999265512
167319046
101398430
809585919
441693121
221048796
636443490
689384807
440054927
391381388
799290257
761241350
52518856
881168517
818364800
669341653
213345864
363694130
540882550
747358914
180239805
488735048
699580331
47311037
277230242
323618467
229898582
744212698
8608696
121508552
960299803
615169230
761109761
710760218
478955443
460333851
391757807
781670378
138123108
39230533
684704386
178046416
826495362
923022932
436016674
997423242
902225341
841034175
358679154
980604132
568133665
500093352
609359271
122063612
307061539
554987735
138735975
720569020
705742853
103226744
301967561
695659449
506864873
557713279
375732384
663733363
577867997
5725248
250191106
867657035
192550556
290328228
500068611
240673605
48230181
936169060
977969525
291185004
958044574
683108815
913912882
568344555
599733729
167020044
246504796
917411000
776571893
188206871
909814225
17072663
258521171
463664142
554507408
783480460
297823418
654985325
776958874
500629079
409424880
699133206
784251061
79761912
734285210
506408158
482889020
623376207
387312973
41708565
491168745
46979851
384015768
371602349
24716952
154473533
736830245
913388064
873112035
130902953
54153519
678951465
805248350
968321469
730788959
898516120
381401812
399959536
766600578
774474305
975395964
9106737
834266771
970905420
918950457
63566237
976636331
376976274
369146508
197836531
355713162
951646495
579150458
377788979
848904630
201366099
805175778
498881917
818401638
301728865
461175152
183135897
228434879
724356500
143076499
130846874
440741100
499281708
435123834
930699636
503048618
786071319
128739243
920669772
177245046
291366563
721496864
470925000
400111867
168164651
9213509
778420929
299078215
34300272
907776663
952257523
932087439
166908732
90880155
98030814
615109402
516094547
786286980
375757889
638382383
195959305
837718754
199220945
420817856
856845498
972230133
706724141
28197622
96329431
703133740
968787040
219271379
1516266
518905589
584878288
648870120
753261301
106894107
967731294
139489037
689343738
213103336
222644663
355693344
481901188
394862114
449998915
926318737
990978974
371412845
227818859
875473674
187926679
163520822
994539399
221859677
106567728
978729580
927971179
573977746
825045054
773729974
977207818
210689752
994923137
626438734
522811651
536276440
206443253
287778882
1708296
12127791
935344937
660241957
772336809
77718637
725409138
440320976
532585978
3589939
463640707
265773967
107961510
986998013
265052482
930608740
716348596
497580795
877925677
633647419
464072019
854660919
867828735
264645599
990532283
129828960
934564891
133894285
267689132
892727256
526422443
872976518
975332205
90468479
780431628
800480599
181184396
198443773
29814915
20511496
391837161
180834146
528055249
968561899
948219993
649076390
920347686
277587169
253743572
730879936
265335905
917609872
55165269
736806966
281365568
858569087
692437000
588559615
348503380
16514067
93558321
716808237
868574557
414411910
836466964
614822308
448094811
832985361
430576246
6981106
829701516
558023153
946780809
575935900
778346890
209955483
81354246
894320806
492885858
35295296
724101392
436409512
750480366
294466472
684336323
598109354
509754271
998232641
262389238
484194124
345148701
293165015
629468562
701868440
234849338
627081965
357888373
606601646
190983148
29570486
69543349
262907945
917167005
775346664
57317403
430917454
922420995
987412546
604631491
134009170
931580181
679899071
474033167
130702568
475909938
295681008
822582550
44842716
183076703
353112053
408224022
85493950
260611284
373853092
672696236
934762217
775654370
56556019
973721016
931996476
419799108
322068947
341826348
954194832
274359515
243203678
676564192
597930268
771286066
357511206
346897937
230621169
967529107
749861657
387396908
452684154
709145626
791468714
284399767
885622050
333613773
761371897
198449033
841150390
951207287
891690870
431515238
982379661
246453337
8637386
524236479
417475325
808893783
401263859
598839163
695999939
558397708
82320626
587864937
33518205
380658631
53342704
682185503
451729881
992994504
138375073
156686920
698618810
766903094
677792202
796011219
437879552
347498686
907680975
924709186
117802289
422484373
159681103
766289342
893944480
529160306
869054138
668764274
77337031
577925768
560522492
163230114
264434086
468884337
60472250
47121640
368915650
153839101
611149016
566772791
707611409
909247081
274138476
709782690
433183854
148801009
935976201
191763934
501843268
943621442
949327563
366882972
233351459
170209575
221198263
55313895
303122961
569660732
935785924
485696244
715399409
137497859
542887061
688038123
287713964
243558015
718755869
208526125
659454900
974887981
116526347
255794216
740503706
828288811
80898823
520188188
301377408
983412746
740884355
408131308
612090758
299342828
537756439
857736847
113587193
839013054
274942733
626350961
431237512
957203555
102402185
391593605
126947532
638400517
142755791
635820230
454251463
222127946
646623574
939833376
250468011
669843142
505965096
981185007
684407719
302984563
953010621
296285218
54729161
127541001
19203832
175403655
690889257
805380772
23629994
82106454
282912982
533020119
870029560
700829483
446268147
803430841
724599369
139314994
652693745
997934919
676788829
636951116
541729701
266689751
207598978
918643651
380570207
293752243
386439372
323012928
594741576
919093270
533604915
606624804
845038791
748973886
173793662
750429694
752383820
536927723
717607661
542401303
537393997
905545424
472531832
927486032
600407508
232978695
801028102
466657786
596601490
231476290
548473109
911826396
380768741
766804172
314172969
489960169
582423386
863193368
384395022
870067625
615155733
48704055
968038838
583582689
373459994
340701576
468460922
587993194
342166454
567650599
470040291
639002516
458012398
552953656
437337240
467358640
381362397
570230744
101565723
430720500
809407141
904601840
992293395
727483871
245844082
537776069
565102021
696107039
261096041
564211654
323008882
307892281
472540150
877381523
18589701
907294713
89583905
990818591
447136884
556710021
587789236
973554791
106093803
723132824
22535896
832009112
128657127
351152195
392007136
941974760
43750744
726505806
738019772
126649005
921444285
731181287
524619998
432842662
320305113
913581651
553449003
244522958
357003964
86507983
567082916
851179131
309975001
88999885
444945391
138653060
400703252
421613823
493064674
761685154
837980225
599069509
930725676
771452724
845630485
566283278
48527964
855792742
3191606
680715133
905427956
584246051
705708899
475213487
405473184
89059332
561700152
730723415
450134002
475150064
827620153
834638475
537701892
337028839
569963022
445257491
786668257
48401318
598251395
153017211
415347209
180104113
585938210
283450996
713805590
522649924
246513393
201410453
894859889
811508017
643218535
756824291
355718322
571824392
494369095
4167670
449975910
571320490
137404980
31801883
945422638
573445804
324710382
890322204
229482060
946559272
920597559
602925638
972357066
817564123
62963402
934046507
152946056
154526577
232344672
378318050
818379332
777875821
566418467
190802109
602530464
991126399
938363322
504912346
726759219
947484537
386518325
432778271
608671014
148141954
344997222
463539044
87621072
750382764
990069777
42424508
541884857
518791331
923788815
762269615
204463320
941630967
339376653
846976514
103385608
939791320
721402169
186328851
706765659
388631052
145558960
728560593
523829607
835367242
855288771
130248299
884095851
357653371
847453746
808417712
285979728
114335641
51782100
356271401
936499231
275549486
346600607
671647043
338434510
815100138
543923881
636582768
812709258
156133026
318933782
276884476
71096505
761250458
852402625
520338812
946471112
423148389
427392272
500474534
229148248
469999888
566797915
933703148
127884828
265280665
130978706
126527075
543253326
234321244
54244647
372516425
264449198
259381366
608222017
398955277
510449699
197004225
50528760
792958488
83585244
145430991
327220008
147231097
599240905
271701463
88141725
76665204
641651855
365166080
785494892
235130212
137408666
763643802
661015898
840332836
240559064
192600619
359163442
441323971
989576705
712841081
231861148
781358761
331184689
408272898
85562559
787047982
240009833
32708402
873707978
903123922
257302942
308245557
227765677
770352518
494182470
426405589
42219603
124196529
502058755
983631753
551062376
644187821
806281844
614768186
113028684
941517069
266903761
464204640
86130131
899239347
250144342
426799139
11985113
118793475
159064577
1784417
611810791
141982505
349380242
700765912
506581217
301998718
105550618
505425763
940186866
298146791
886464817
356920419
793870337
251348865
582037874
667975689
617273036
205096781
278327826
617085957
98070691
184583677
24766055
686670685
507123316
240866054
484303575
401420019
417654343
618425308
867266505
703434467
650224501
988598643
434780584
636743385
650588203
853712392
483278862
705049436
434265409
385975797
957264775
44733535
941495395
287545571
557120467
70415553
331112438
327611799
878555548
423945865
737004928
700219403
61088017
184223291
232622800
157767260
898995871
430862201
196428565
269794208
782165980
322099058
452205047
471749685
115703502
251184051
533145833
335934944
877150896
294999070
860729606
885070860
503833017
589306657
763343087
460712892
878161231
73849653
591365518
700121091
970979557
765838006
914716263
458408867
496262064
136691553
243898306
625218703
430702400
326173386
41341377
196868518
751014218
170647781
843521197
207281013
536155659
608855365
989529668
829681248
6855363
622159851
176490245
646202100
756627775
52747900
98135306
511918726
105664128
113211705
678707536
609947538
281704810
670128914
307366676
378858921
441278137
883112610
373235414
154478285
74137076
260212857
618594612
770134008
267515562
829739076
289112505
835646573
691556976
835757031
956483592
783425872
836752014
187863144
782979971
367295555
611852657
373951030
389011071
452347748
616097288
471769608
80384791
996764643
721774313
818153754
415410714
789454545
879528576
573864482
721381403
488231886
139358763
158899911
381324371
593214267
598202572
106691271
991613021
812062289
408311499
699052272
37740172
721968468
165900236
350152344
954565843
473781261
744304058
158393899
357579768
95407092
353197912
302558165
709328070
393458829
73141752
55252166
339338784
916537731
569206237
372236074
90581720
462283334
701591194
453364395
488942109
599694315
675338201
462205271
27671393
163121801
279459713
220279541
45458212
328393570
103285316
175663551
154548476
589856568
785813919
567854806
86875345
840758433
170404038
880566387
379922415
947693794
331369808
805578485
390050041
952293832
546901199
655484126
428875901
355333247
426628634
897726032
119463100
800922848
230138048
981860020
779483315
172459994
873034169
757400961
217647681
56408303
939214740
566522171
535641613
616242040
993328549
624528028
311945227
486634807
357281916
625778648
163460496
256829838
179332713
490436748
931942400
533401549
188441218
788185781
831965751
354068191
514520313
685633754
481362962
131095633
575552143
289100610
898404975
840548355
591436210
579580606
20129937
570637873
507662776
74064747
744013707
201346068
526018564
160884899
799183313
392268484
148682025
790697263
759911345
135696775
783469910
189650615
582408557
972701383
417965741
742774672
814833521
409114100
734480262
852242441
51841848
121921836
670475792
162619978
391706575
274755941
852453556
122107019
229739090
688718275
385905726
949913343
422710922
558487076
16988567
260365254
602278312
448978211
637931904
748747316
887886111
306298829
494638749
377940366
245560037
606903958
980041247
52527376
431471875
585451227
285493449
157552917
659597864
877910130
754220115
297830146
9655204
159423020
961292909
303082210
321298100
763495614
608531585
735408690
448642534
503678747
931850794
591229700
264572890
4850640
795359706
155072670
446852639
847121014
471256585
821130793
11447035
860090685
775580416
452355449
283778220
761662594
585433276
874737564
211029448
61051793
558170118
109264605
776124635
51866049
267047277
491439554
352650353
707289803
620951647
402438149
429568527
11891362
26416257
429029508
655626724
408479922
489118267
116910128
20053423
592445208
918834963
620674352
311808191
673075682
6371615
15842415
183645982
10099195
937462030
951678382
366318128
290060806
645462777
435070263
456627251
614385070
374301329
564196246
489722096
471724761
725572320
80611824
473213829
246070129
922076454
211251028
430277592
667229565
826879789
203631555
92846221
508305729
882815424
166551477
129045
393939214
75926328
650299638
439658641
352748156
848892396
632048110
762570270
525422008
971307403
138000017
955836393
518680676
972919649
100680156
393960331
506216497
766775368
742952039
57694430
912864783
817369425
671852084
634558048
204673059
907600103
436428919
517962568
599318900
340775605
94534945
55476325
671194241
705065581
256970241
669505602
116716612
633897862
410661918
866401715
943178365
102604173
675340173
788644533
351885043
253972370
652964716
538735177
66366477
338433799
485594536
525517234
492290524
31279660
94576113
154729402
948698649
592478354
283693891
290502116
490692674
549360378
834485479
538483048
641191291
722396757
343129364
679008245
715538389
572679815
555347694
727388520
964226772
258231218
257493031
426419038
194258891
265308621
843340538
39764529
419406272
8719121
329331839
221397923
25000388
805491623
97430859
588889966
927755886
770870786
907112467
836974101
182190354
907446106
158788397
474826449
390755207
64620169
813962645
571984208
465386189
982566686
185154798
628233121
745730436
907347026
854822372
434337257
134440828
195517891
728124448
130599057
596727180
288386248
736885905
603325201
311309662
914198345
231055994
600746233
473451799
896153115
208267172
51008512
257649292
608889541
6690655
985893717
930861930
921533764
442202946
708175821
450913968
12918510
329373433
319422895
272206075
966385948
876990818
909442021
435396376
29983239
171901661
213435173
990080927
792722513
896086575
128047647
479885556
585523713
598237365
983158609
807024515
424653403
197336777
253701625
260760580
464431322
963742837
240539313
652803026
947853384
643700651
397585575
829709390
8484994
634960826
778287420
776618548
104120195
74370029
487463051
550768805
321476571
870488345
808075205
20549026
9146841
744015791
369356746
343712314
99990035
650880526
170476036
224232492
22888713
585980168
997969932
830655674
110564812
470643585
699538316
945854966
426938744
260267986
49039176
445139845
189746303
28325351
300850756
465795249
372769028
843682100
533295507
655807363
13094841
251763659
83395183
371272306
740990706
564041049
452488013
102064510
260875375
764582427
489248046
864949265
489909687
408311087
369246334
981623318
588142105
751619284
693135634
401027709
148968583
834326468
35931363
127906911
361611292
888077871
82779023
390696522
262248218
164806663
460333067
129221846
809896297
936348594
339751092
532358667
936649402
952384052
461819299
406695385
224535821
295545448
847749325
742409415
821518671
351830732
974075705
753052715
342087112
636596034
398617964
3471266
544463443
751441820
417690607
941935478
921854507
281470762
267858831
324913607
898510967
460896162
249252497
580576770
867305571
534479522
782343954
445927194
581425068
554972370
189926801
832095995
371038286
782766553
355559599
304166602
63588706
760880613
227336351
624439100
160530225
573692535
93860492
83168350
220392013
709522303
987324595
978597284
827387366
816329514
752538586
429144882
307642459
788829288
533183264
435982596
630451476
319196498
864189832
654458509
279235671
823915015
890244095
877168372
978673927
12754085
524380887
191357817
633242370
460202014
137539881
658899232
345839777
18927175
16144222
757837897
673472086
952911691
190102708
260904188
763347849
100646934
999986789
102723419
955000974
806986256
731562814
88620543
982098031
335593019
257783845
118652359
942368570
649843539
490697819
653439388
223675598
722584675
444635189
248980427
905930423
115292496
823399784
488235861
666537139
853615453
768697507
777891920
844253416
785548944
196229907
324605020
625881659
991030690
546648994
117242704
533279260
866137411
108485720
585626128
267207499
529842203
447076165
189807655
463910562
96102014
15044648
335634392
64700738
851353283
479594197
558731151
22923584
786194967
736016754
790169458
28063228
944633774
210262490
625494938
629982125
11397528
352020503
574495694
563770307
460882566
819695225
298678817
33257015
333251595
336137186
912276656
644657281
660721265
205980198
153853928
971139937
827140874
852915172
772047109
304275283
663007065
838020517
141661358
538669905
17151410
901818137
333787983
666842928
47716734
550727539
673676931
489574510
938873329
971250996
420752217
955077002
789576174
770044539
81168002
197881101
931816972
781578444
664422940
346665894
683411289
823192339
706163678
285542322
68114678
851809363
449167203
495077092
11429324
600988947
370162731
973109227
597864497
709146843
211962228
805157636
401550771
341542383
1060372
70341937
364032443
882321090
130719340
207841579
292545143
412054543
392151332
510302432
570779932
888709752
553613393
442663670
91845011
427170644
182835638
925432522
969252790
654342453
69841851
918750058
45849028
467836598
625060269
211372460
252993991
278543854
973197372
609979501
721377630
536236004
770108661
885884706
234636650
880402301
293358513
608886307
737495897
759663016
437803959
822697419
434749258
113818183
981929810
729256154
621666620
479769669
988823338
977123639
231471247
964139364
146806865
501391255
387756913
82566193
435807589
316298649
823757152
507703255
396497032
683283544
670268954
653533398
591174029
649538358
846951628
772257817
231047771
917288016
982570171
140244413
747883304
300963595
844387252
750767196
452410936
673369023
325293722
956219416
864046750
930583667
521748366
775864325
492007013
34325910
669205941
236658480
622321992
283417019
955631184
411779184
713196812
648792133
590950190
427591049
343871428
31830496
423668817
892210643
235283694
247001229
335283970
594453972
979786003
887939799
113510249
278699109
867330109
590251226
987874465
512883134
755433874
796243014
673008158
572186322
692090046
776613679
706215347
366382773
754856733
437884106
535440216
137347142
58670784
405333984
486658151
527235460
605123492
930993713
643819702
205046118
360154009
545006730
410054678
111309221
603251710
58822022
708704242
194550524
280310321
369777435
421696368
511389959
277882937
686711489
581115917
307152063
214682962
7784127
523222558
518099441
460435509
268244788
857667587
370835124
536001075
631767660
158499466
199963596
62548997
604398638
21431201
991126274
105001114
886185585
593088832
850720669
494320479
536822213
382235464
315870576
445251236
693593731
927992906
731346752
541365421
844332069
795675147
167230028
435307946
666865305
474764547
127051825
79454282
802443699
998441216
87044224
875370170
250934348
477325569
312241100
399935392
154318792
135541577
930291794
509855021
204405450
819029038
826581907
410056373
121268945
980573144
375295314
326268080
863434606
55773890
720789865
823797890
862486659
535418096
321121070
166280474
757038771
162999384
857907701
936579531
878318529
258784192
815977733
3543045
336810656
758247124
322209278
438670840
928854195
284607498
588091258
37458428
866904917
768505244
96219802
808460229
181666376
507238347
839956552
70704126
613894120
242084781
875247667
479836403
571247288
201958602
91276755
832418037
79893051
932258435
837590382
335445534
493405351
28080064
475591720
914600465
690651399
567744582
945468585
134944055
752050707
753688491
194216861
850916325
592286469
638181725
100636855
882891659
597856010
610521221
924885261
226949675
410678286
419663388
76710120
955966147
785110968
973534574
381080797
711576925
932972355
872614103
184049939
932355914
541378518
193913131
650909676
642786719
914798860
848263021
382815692
716167560
154126453
577983427
976038930
320995260
551425080
484242456
932459548
850856854
593985608
255289736
42004774
783902450
23348351
348670840
351220591
71411517
921379691
79089813
872300040
643806014
12262864
919642829
50399856
248990874
507033938
569489245
785056838
377112057
749914532
648679328
296216618
975033071
727647867
655618761
197421820
180271101
760869680
730558040
158694264
590307395
959086715
191799910
981626345
48553550
479470075
65288294
109155170
976926412
327062075
55974745
21060928
92887388
207915238
122602944
45397379
649461678
467453310
672751057
104130230
43362933
525672906
413244401
582648517
840973524
130627582
503603389
482530146
42515898
612158219
444684231
329164876
4143561
246547067
140546301
159121595
72560836
923680478
505895796
854618876
194610796
8230240
33682571
4004666
75061423
438328988
357916621
633863876
841407325
528319450
389685319
275593273
568498258
420280281
564078458
990676786
954434467
829114314
100264132
878225101
68456196
137326787
551966487
350246542
141607790
756092934
399754033
346902455
664213335
258796423
346747167
854785930
169470817
423732221
665641529
895922950
752707255
97291014
778486324
808170283
634187849
509398349
135121460
608211531
954567280
670642548
864746347
499810957
572120049
242224514
691069131
544913616
30635818
989167445
181607669
854492462
613582559
326543667
382659315
139745614
180856200
609523822
67231956
80327251
653645767
180175967
341689360
543542008
908873549
176102398
444801770
738105092
94771877
633094899
687724793
35603848
743141500
737102044
887780987
335254922
371961485
169064278
992321516
423230802
422471582
117400436
264258262
919115825
491712157
176927433
882985410
16007706
557124274
585613027
335560953
27928348
299907054
478456171
568761120
372229527
826132642
984657153
233653163
728290732
453835090
778420529
291282881
394000406
603689103
898460460
974654432
80857752
390259818
232365207
529705315
84038249
733265278
346327350
469413912
742686657
974129084
700069357
127920520
259453025
185810491
130642657
399841002
295579201
637727636
183555443
257936224
474933933
374682471
828515540
449680254
660606460
659493537
832642257
621831134
748536441
47024182
198809876
489400849
86908765
673142908
311425278
418207484
829220762
847358393
321068929
480617313
583624376
949553686
740046387
205537495
907160122
455480514
654344582
774390347
687946260
828973194
47386670
550072906
609271114
515265440
278206947
743924127
286494718
964510880
276787136
798224930
713859931
582945018
998544106
177174995
93247198
702404715
160740908
43716532
547651965
382569132
466683871
347213272
620992566
841075873
118573026
969620881
852322910
273361368
109309232
135407722
859153070
521429565
442256737
828337431
228275704
299618742
327198958
576359067
360935975
135264082
454399931
798479355
653229996
832643182
394603651
668984292
371859202
159093791
390473099
204446780
327534312
842077157
855814912
192574687
949017882
520770877
505137179
521941626
177396779
208231803
157133565
822661730
426349762
731605326
980125954
194327137
198559868
297659825
662093814
986931096
53966673
339983251
584587272
348554346
878695090
169383115
379331756
14813385
814570255
962132094
924678708
12675111
945491923
635049911
626240642
619095540
729477467
147763031
128399902
579357417
999409428
537784923
324956884
788856328
206132822
164212012
374067378
627679092
452367175
609276597
538427499
521158090
748160312
666523280
354206983
4498063
258339290
658786741
753366239
914178116
528543083
154099638
473794818
708011331
937727788
575792366
699177790
87975838
820795270
964856397
101728743
408615216
633811494
407958431
411066064
955408562
916214561
586118855
531118864
430046025
616632270
918067622
180203200
912250176
231852536
994042552
729836198
267834045
509191960
135422973
529009519
404050667
576243713
485697100
529116608
666062077
776768113
100207524
537703956
446306691
58906219
811099765
875581237
57101670
599949353
797189906
379380185
354524916
484717849
707896027
548527555
119162499
405437071
122453639
157296603
346513619
173308241
842788202
420256730
202773842
339065609
43496513
491668454
889932807
178397223
717791389
159082242
905461058
848413867
702517857
637977772
480697829
819882872
989699275
991512684
143386838
484178806
653149343
850488040
532939441
115030841
266319476
717226592
872135650
403907771
341161058
922343222
326795917
946268421
429068625
982072750
125273467
772567482
298935880
192418379
137595937
634399693
149393205
283892044
541297313
212390689
94206954
905416547
881295242
21428692
768581031
176633086
179823493
128315905
55171727
288386388
455110991
880312265
52533583
373041409
375195377
488803397
906330272
638042324
127522908
149246558
863826807
297959004
159911186
22851923
659728108
564623339
783500923
35958768
264579281
751411682
93728364
536507299
953377812
455044555
60759608
39685925
551759224
152200999
990001246
450697862
646000437
455319118
137071080
226504276
969157255
924554762
90633835
734088523
394582087
235337661
819485008
924633847
756817218
9147946
585456142
940768981
237653750
731007670
749209847
399322509
190602677
183791486
450582664
846755085
40051772
4455678
472573167
518186569
839202781
274528576
398625396
880305383
964808075
115941038
574688535
962476743
980610165
88380412
139190916
909647187
542558710
833385983
211762183
706622724
314776407
1359711
596042370
567216180
224332462
561553191
321518650
453515122
85987403
535563844
106503632
916241230
760044520
131108748
502791778
656103216
719746265
667784908
965760255
3638357
544401463
564920839
904939188
437965764
142571662
83637158
279078805
8443934
400329668
731785031
830974106
375364571
653290973
227387731
68397356
122400729
338804872
647008152
325164009
686038102
626966027
374601954
9492013
469409356
967453720
328642522
354831905
291355729
634858892
823776595
998459955
913385825
896540273
50690210
850308818
735097204
651181102
695745196
686944013
717425388
687784813
