84911111
15589994
327382954
713577121
314371309
290414575
218456691
649864602
514041985
362954520
79856848
432832768
16005106
193104375
873042245
946790695
119573039
316983953
554703596
764014228
955577531
66083076
585962769
611575907
453835849
54690492
407576228
154228196
19733457
125971851
468408974
447605990
464807638
625176764
462768848
558036365
681953756
852512293
374031433
854890981
59095202
990929326
384458081
461981776
96009798
948037272
445999552
91069713
252341379
122967356
501299164
941985066
809751179
378262909
715350159
721926625
265964221
119010551
268623381
307516890
203308183
514872277
982968707
862073464
565900314
348066002
319691941
123963279
403220831
815911495
305752549
942976672
648393185
109749256
451114619
582370364
922849923
285286409
947228672
290395548
801185880
126204460
898547353
82711435
968285942
161228122
396229965
898050114
291101425
831526190
771856610
251206830
863986821
415007587
221020240
123293183
989200086
205721548
377524575
696288493
676837540
837135785
692785198
573819707
415794318
388861683
758683998
43946586
398609078
542725935
486875280
732456608
483913638
941811170
599715175
455802407
893039575
71262951
677504844
253437648
318087132
995759342
798820126
503298541
744360062
338487083
106325299
439796774
630212268
80639660
913638913
159847551
849138644
452102903
562413336
554165207
829097650
925044946
477391962
138192779
3869162
854175211
53103253
466768162
672453659
205869643
444433487
750043365
144980293
34164778
844482497
855264226
578048889
575104378
145595550
907655850
732333261
921057672
233905060
489063647
124017847
607981828
833067422
245766679
382711606
849285031
437330374
439537845
281270468
701040579
381460806
181266185
263168691
890664090
793143759
443207812
537007293
113836513
644810667
158055618
904841209
907350574
248239713
7493186
953036539
733625054
627691978
739605628
612836099
517064135
899752307
514242412
217457339
455527650
205757702
15458399
63838093
895708538
277186518
40063671
680152745
728610227
936462206
801519707
343463874
13616174
490668606
490290153
616640273
670005278
804901795
307135775
494577737
909307009
499476362
793646249
758001165
641515072
987984203
16083170
541853970
85545881
765539690
933001997
602303840
600901371
368850101
735111224
188866434
618214211
831123096
977450912
530544127
720705328
157472030
582316786
413579340
511289194
947959760
376732249
36275517
553774361
241848211
899733997
244078876
170977585
504202282
728291667
939864118
339610251
764133759
782200469
108995824
64303988
548740430
711136919
126769653
276060585
580981990
517402737
144673192
289957477
349280123
563170014
896872650
688387530
204830650
209072614
829044468
987896820
619173954
830888658
546811027
241291304
852435741
44260456
203439824
751030212
983565733
847519503
533875779
828402752
734737870
228045001
440109407
379857186
710347810
471599277
664038586
295274855
585983757
443407849
78201236
73482295
519821043
315866888
341949967
514524168
377170045
166902431
919209647
995675017
11449778
747493950
368857375
427030969
584073097
180892052
881006492
692796874
140358198
445371095
379979889
775788325
138990268
782375202
125498333
330111956
452608458
507749998
902572543
961144611
277722553
73708533
436777634
111068256
599646402
839972542
725705098
214970411
734308677
965333946
622950843
322812990
256360940
944162390
792131567
859721024
993317775
637671410
827284853
585382994
773212382
21893279
31153594
507448935
56115398
952144599
804641635
867743725
793414839
487608654
751612646
142868738
210243397
593858910
516925428
34046629
122898663
848488354
596516625
446176615
57501674
969187285
485358469
262291423
71926471
653525091
392999198
603965425
819154422
632792468
304391532
893691015
314049744
404134934
459971369
798137376
906048243
252689367
259713219
798868578
904666507
912422914
17725717
317657730
587681202
56551835
836444630
192226218
630997489
744077888
156253560
880042695
234365244
582291188
227844978
619486509
509293533
303921072
358333868
640912605
200097041
167156792
549813889
912733102
743331692
890946822
526814391
633593046
922152165
702434020
331136210
822815448
583152980
651529555
943038560
441276118
47576100
495771851
326813346
422374651
587099412
966242210
787473429
288877455
55480511
186545820
509226836
653194674
967562616
374792087
268063643
31120962
809568632
372311125
292986515
263770707
178282927
5213013
103942484
374064455
992984345
521250589
279093742
408897027
746865582
310678672
97574575
975497006
743145060
665126494
16575283
219214451
875399225
804224423
171859755
339709296
657241478
918693495
410858539
554928845
932440274
692507765
259399549
216024580
280743206
212643908
350340449
180961156
801165256
687553931
374650614
190508688
332960600
442696963
613076808
983607544
164056013
399256160
414208150
572887413
992014041
69623794
850422165
964143085
849322741
658335592
853467587
476372175
504799690
835491905
669707347
164701321
829436208
739968717
288581217
242164707
199589162
310724803
505162857
668293803
788839395
258122150
216299149
297084981
687665186
307172084
238101135
171734897
114395782
228867456
74580036
264216495
431986690
641866466
448235439
382198656
368083095
973104425
299098357
961634429
817438699
701565624
514629538
952310666
745547732
572312399
614925779
245612847
331023486
808015464
526283618
632824130
305688981
209806196
818326919
983477914
393727082
985932160
152586941
973789931
497212914
39234579
889062868
43088854
309584049
123991413
487363651
933186658
369408800
550646740
560101636
284400094
100072246
843708160
582829881
662539720
690107197
203262069
822051144
178087224
741846232
215988075
264170619
326432038
96111618
418756395
594230636
816980976
355916565
621713543
424948708
28884250
823346323
251144506
658344665
525182934
232023001
811547779
65340532
573194722
245973154
768867730
844536542
598546364
104213535
253794537
167656597
728325719
157529736
224572576
615407389
442516445
115708790
72434604
499222964
20201226
144848016
554657760
609071044
717900722
589963934
746445985
909063378
131768434
218026538
186297627
991224198
462701444
20953897
296130535
629509493
427999210
872894504
89750218
580604192
870206237
23716101
632082684
434628844
890915645
957331437
800951037
813778896
948755105
864370292
20868079
204490655
549101550
492447254
290009270
615790515
755906546
305646052
797611777
952169640
754157659
121295589
246248783
280374931
644480468
943674482
987238713
271892968
634655409
569943693
920786392
719895418
557226388
210265639
906073922
196023164
216385161
157725545
155824789
497160459
323748524
412739880
678825451
52996472
344502168
796925961
707603090
652556931
601751444
179691082
735003365
57324062
316242996
855092325
206248872
659051026
237614483
393819258
229115258
16698495
660164736
48227843
913560710
672999719
882007649
653933343
454207985
617888280
5801983
405479870
461168816
501960314
19688459
482961504
744519169
633457659
320172002
125643258
749888797
4693181
598554009
798323053
597399500
600560331
20791063
968817502
261992768
418886003
516222554
615517007
66134163
902238391
803981522
20155849
961517840
447101540
100717427
885444626
334535775
715363734
488451005
919642746
441098620
246624435
690085503
79556451
176731114
571632201
134576602
22036673
814695148
246514340
878542585
880847905
630052675
649752311
783696313
394024884
767184416
370518731
322246643
738767118
267711429
653620694
917401583
622919570
853301212
781067094
198541970
967773579
303212284
218120499
567118274
509845723
477294765
959916862
741785535
210299413
50088782
177902385
123302680
35135698
353602872
511441128
375326936
916859447
984342299
376275675
651601606
537326814
637316377
791060050
467625049
62407995
443352332
879468640
806815984
365862785
959223368
890053209
790053337
3132649
825615316
46345550
987575424
655567363
500937533
528194977
939942510
173041244
340590631
203248761
311782451
946572641
635039829
990294787
465095973
281779248
221252661
590997335
844716942
3092494
429915387
156850454
111588109
922544665
198436094
12868835
955326227
180575591
382576912
605127156
396314200
947193619
829113036
774087710
54543375
177677222
112145299
18233863
407109677
506352583
316918985
943650412
61854652
105281728
94275413
222322378
314674684
660719445
661041950
723610324
813553690
533589007
39532035
291920029
764228800
971930275
33713957
168806390
711005791
332297221
648702381
944798454
694617042
183754866
651242676
376245817
310637422
897577400
619730575
680092792
604489117
189397330
123862869
484625974
763833752
379752044
815291597
574688900
186094059
441626952
237300232
341627152
845717304
37213904
792519986
846389433
415579352
913966856
640780591
389056665
396024480
6197057
898427997
885803959
208956391
158919860
211198056
375766219
274307827
614841107
63210200
497973044
574323769
703037911
702071089
138580571
508672036
778353638
703667370
796002774
485459785
755777086
142575706
661496267
857897223
253698176
448282438
505199766
351939801
808852299
104775348
387106466
615421022
77164392
280556358
893536210
718054658
797264784
408107850
955674109
373644211
666951676
876540946
521173365
870657441
606529291
203356432
447469503
327428662
452867532
509127434
569957904
595083757
423943191
766114973
167484072
766257565
773087453
434266159
75781708
840037486
547028435
772199308
802489370
353987531
466208928
39878679
361751996
296029134
990307223
50557903
745508463
509865975
321280578
99277095
825297003
189663879
740275852
124810575
226519853
374557833
826433569
705082313
634092373
283544698
915516392
365267590
823222386
926699011
555170297
967046152
265285845
413555554
37094677
914996802
598900677
993603741
254491143
254493975
851376125
214705935
359874486
112760177
132740483
803579279
288598375
984554587
485747065
862774551
493705108
244291978
324144218
857089678
962821693
93608643
871141005
605118758
315674414
381546174
910034041
149134325
459555013
263787406
116055052
284111355
529506896
257095202
40069823
300810891
49091146
218363949
455537037
153582308
850620617
277220928
468011593
671132451
649229445
275329902
547057046
145239028
287879668
650108656
407737441
407416240
210691907
13762080
901581490
586298524
673969651
187296617
587695122
741442566
944737339
624239867
870552535
651062864
41262932
623652492
701269019
566320232
352275626
826322745
568703841
25960893
910115570
699036612
848972939
185384504
879445022
346044607
529957544
684743479
573767890
485180172
472175459
370794910
147709230
315289955
553499151
254243886
944975054
246146502
708892622
339043147
681626219
671580891
819846884
433193877
14241484
706324532
610454725
149308170
798887561
563994334
432490615
812830573
716514512
662426226
670788132
294276273
799523555
521359089
716839134
516738960
227772896
918607553
521791325
460798017
269832252
342926472
466131642
785851662
971542634
860399075
880997146
853952883
534336407
266748132
663808392
794615813
61644400
912147800
718913524
902771907
807485674
648518014
66900126
181121093
204744993
739081665
438552604
851578597
459880154
875318592
890822748
993937985
417829463
54212935
404530223
613945738
158700265
266105842
185727783
219215486
669421847
403161335
534823230
10079639
996329734
52838951
421753243
608947008
138507382
481651736
23734724
648747514
976694293
65650194
533300623
454641360
162319433
668484609
697521706
93773199
886359008
98252068
712746567
894178750
8747223
529281799
668085862
447834521
455824653
59408222
303497247
894880964
578630106
778331909
311634100
770187809
602489441
587143834
380826858
171126837
939353192
214193813
627296216
388703690
632901063
321807157
780888006
264301078
65655628
800034334
74331563
816328751
321739012
688845487
331560070
827735953
281528769
666652728
897096542
849746538
699897159
496071261
280174308
379843107
399948746
936138601
850934737
415212324
593226119
338508636
22395530
900252769
17973341
484665131
351830696
902784874
162365133
456095733
495749505
992243349
919399658
530475790
651716474
158872987
526368227
466267779
102385064
483936490
297420067
298482587
872213605
364500387
809296995
417249466
343922465
950050586
437569910
273569579
491556169
120807887
308211107
525154483
268492367
443667585
210388114
908241476
924629307
500096219
253780222
807767621
485895623
704653423
532741037
489930212
452749320
18938892
960577564
639253479
930581554
566249975
150188525
851532380
6537200
857469635
27937533
204810637
131632386
280201650
561657426
999512741
774718112
83954216
308936843
301402662
339236862
124326779
839620221
26008957
473784221
561423851
863310429
392806985
501194765
385726406
335228999
543399839
378896686
654651331
527573863
549939935
582130690
905252705
462975128
650549429
776877347
889992816
459055248
576654083
753902061
727580653
18557714
188082565
297195624
219896148
955389767
109391474
763885828
736740245
963968214
893508035
292036550
956561907
48983709
74869137
94004432
392271740
329319902
260015033
918241998
367320858
860851841
751343754
771818777
880335244
513438688
704945047
427428118
333600637
505531496
54441944
857835638
670262687
784758139
780561793
280308526
772665748
830584485
539123509
931213620
978196846
285546126
465250505
481359595
21048445
806416228
379208742
195485504
950447642
398274499
590516173
754453628
959352773
41952091
426165910
416485760
395129962
663409301
638999356
224082697
356979514
35332174
940737013
374981130
395631375
29538287
105879561
954649889
746393747
899066963
260665258
250186202
231020974
824414140
403820040
152388628
372797642
797280219
482515773
726592402
485534519
795390339
624181418
369644269
282878610
461599683
530449850
427131719
495812741
541323417
39688829
500956456
193734190
457893059
135463175
943665406
314949999
757796302
407946384
590407143
867704139
245815709
823050654
317914194
807626286
333555345
571518549
986300566
494291303
940356723
738806024
367843209
351144424
299483824
617500186
67094940
61967920
377622997
212923013
69000319
959812968
616336793
497259197
911092797
225578400
671514153
649017832
916896760
903265483
948255640
795778774
156680541
950796526
942393921
271103079
345036502
236166137
138257457
376479217
997904243
316254538
159675762
86335842
148469220
680043289
846879303
316999410
521395377
324934228
629205482
487304386
169457320
475006538
843095829
919178049
667249144
531796134
195861394
521140279
528344226
125738731
498546615
501863321
45904665
67260162
212272886
374591924
991076617
666026518
893904209
194143507
994290927
261108812
787824958
652640514
76442719
998821490
568045759
757663966
728322016
617601790
669648842
157172679
804698463
795999302
406249483
172644335
420124453
90391739
584070152
748983182
205432936
402578544
637918581
117528861
242733549
236829353
791872302
640659443
4611855
704334051
682613462
904542120
701715747
227606647
485764415
630640974
426912901
629854392
589831400
8816523
4313001
645297852
331547709
501252498
568809617
366089766
708914903
623996072
440752954
539900190
109354626
584366162
733363965
32704869
340140983
372182845
498121774
582848508
895220891
125625422
307440484
277818696
915071406
567393985
519745931
930810195
878974273
646784903
284563638
381670279
39409535
789543743
271766979
714252378
907591128
144231957
71259503
431747387
462264516
296150446
763790228
567704740
478368599
678593346
595744129
948681767
645716306
893342541
199557541
916405042
912111050
101000446
710511484
82917575
939769723
653844774
333119928
342812486
360065359
265161167
483911453
931621392
755736636
883929178
410564301
931388121
78143282
377827795
233226776
513496080
879849789
645513982
582474510
861914182
8228094
734118232
929799130
75579580
676715756
214442740
563086220
100906858
901061268
219595799
432971176
265740516
278160997
293825524
329509184
156043253
847428522
999727621
102719571
138891113
203743691
567403381
387319569
587832353
265521721
979751555
761825112
548689209
445190182
854212863
446553044
934013303
730576323
207953809
868295936
938517667
176916413
646084359
381836226
909713503
603821281
816416562
499540510
513969604
359130674
25801832
200522249
761955615
394497375
490753473
363058212
801692499
423607055
530095383
656910658
417911731
357617970
216955875
744045817
23408253
98862895
596906102
834146923
111766510
361802188
355988999
621040313
871012187
561758619
909606814
811258614
892681343
532652008
579987895
744239166
491409179
596654606
147588722
197906251
580745721
557206535
140950799
863987031
897372485
639801163
984822883
64271802
714812479
313927564
807846446
209627240
393533133
514766318
65979857
207930294
376615809
13391958
511468488
198786437
467072877
429589167
463761976
579248029
512267645
397921691
241884378
82626260
622981152
286219518
38770475
607789091
471101522
595352557
158559523
177303482
353329522
756501477
424199425
188486765
309044580
439980886
422034849
333251973
973362199
660666553
192469459
270346707
622076196
467430840
837864938
76208769
415848820
584654853
786684252
436311706
724904272
909057581
201658643
4273820
482852916
470252166
807652171
939244097
154928021
521274811
136463019
20129016
786159438
504875146
419157681
854032573
723716559
145414066
807543759
54746445
462128696
863701714
760101574
326307744
825260904
447131069
291291835
213652239
229552528
905068881
753684067
91470452
291271196
533109094
583611643
983683042
89264531
192627242
77439494
723477227
872173452
163838519
614051189
384662658
235949639
772642710
665861252
655693057
440939506
726223614
7437850
100835593
264293280
193443340
944144049
461831647
926322370
28311997
840822449
40285391
978110058
448045158
257135675
894416165
193305551
734669332
502450302
249537727
474836481
618149474
302808309
456287994
57145716
971049292
56104499
272292915
946933476
274317655
861532707
740536569
967859234
219236054
859904924
3790940
146246645
879460162
216985866
531098771
702670631
493377062
60752798
439333249
931723664
982635472
125825460
232468354
184592479
400551326
484829963
656047664
523327459
189402823
509614081
405687682
826106120
150259619
843886086
158641108
394318014
252241151
113342917
274711168
752235842
937391230
247858172
87042303
946133763
208266337
572337120
615664919
462848904
184908516
88458829
506728002
820604025
205280221
567183341
238133651
373286263
261731529
731475035
216564105
999111334
862909820
625534795
308720125
523089563
507179564
3283243
664855906
653902137
289395668
890066747
390052346
276777213
1284888
272164294
406580180
21169677
388962430
519629290
364370184
564730790
587592224
360164589
347170650
894639884
156037748
308302208
618166683
690151803
546691553
617472100
193307530
91594888
478176986
641534498
303832286
338657292
502782068
296029014
552746167
230079505
588293673
747632610
338598836
248740477
104935830
794931359
435512406
767069533
145134367
848231662
634412708
908980615
357843483
383803156
723366663
868548824
869817785
106346449
12916503
122573632
86795284
647603325
430564594
689809367
373928697
904908128
485077542
602598433
955652177
533789006
153239018
219028064
272871355
595126318
905297460
867064126
437042716
765256237
139326974
307482527
472329619
134403691
704480031
668006808
204184692
354875375
890294004
729633107
348786608
191769339
918688775
904838837
399860439
311686405
63364795
478656145
213713792
968783709
818131007
166345203
478628821
201723577
400534478
676227650
343699522
68767370
40471215
586987656
170364765
812546105
969965603
580077931
991739144
811604269
171935613
891512736
483626755
849987380
439846300
854193647
282996358
850431781
929827208
189633270
672804396
112631827
64270046
298944328
618539814
546172988
668157780
596456101
168774395
853617332
851524032
422672106
968917743
55986909
89158658
531989089
807548133
142511848
780939712
771567800
567360766
832379238
869463031
362756982
889244111
177584471
293940766
426864571
401720359
492035177
854192759
746947883
27323069
847559576
903852968
873388755
39458652
378560856
508393589
560756010
134128496
770814466
761923505
680991552
524904611
381352556
490733467
695334058
282811172
112922088
383295943
312360437
559403686
146040594
513132027
807324788
504605755
898967906
392536894
26552102
504617582
331422723
916291928
641069883
134722823
518907252
692456137
57733031
675480477
575170848
155771969
597399696
3513313
255473378
188865905
316653405
28677085
841394757
460073912
59437366
308823000
145653706
470115281
875566029
808799139
703240
14284522
598209262
452946779
950177970
564609081
50251360
394277290
533181728
339970874
974037069
345762707
891052741
392345383
688517623
71256278
120144858
425076409
953792880
280838088
686487272
588633547
469152439
743485913
103195753
758176085
891083156
443303778
690603388
890261252
299925856
142272822
542093783
701309176
563225956
336654428
124648770
741579488
406054485
903322774
863265234
830841890
93765668
189711784
28512619
30944339
103005622
256348722
379849709
735311312
312400428
51254353
711206072
282648806
314377224
393881708
989731828
351615798
792146066
795566800
953848996
117227274
748530064
705209576
83950193
282027983
545351492
839502280
944352470
123727566
168082447
533943177
231531793
505877923
17380376
494784024
376660790
313217115
478823711
817820150
70856531
17983237
912832035
651460683
494882696
541789107
750926282
268137307
429477129
479022937
445436420
246326700
944437725
816621224
266837048
453339331
858854338
653240743
490358966
316401002
269797582
170817073
140894081
10736270
364061260
319933892
999185041
942193861
231951682
363895973
285156798
919419125
758919697
866812340
940162162
288701591
951794119
251767075
887089931
451176308
799055373
121959505
88310626
302403348
213136616
392723980
25641565
157403623
562674272
909563364
991008830
994857982
851992776
214454710
386367816
677123674
590129536
830723947
450931127
908507322
214817988
116799279
476982005
913477637
731320260
848216139
967902672
402698374
86134588
748062038
223956173
423807601
85080925
247103587
712321106
507249708
136839154
883154998
167112286
680315359
683416483
322195740
196410020
841044899
547127390
64868356
388965207
617988777
678117589
458077305
463907540
103226890
403820253
61024809
561674359
384893980
907625559
759245374
561224366
477657609
755838887
447255577
732636667
261440202
627681859
228036636
835261312
886380508
139624756
983548825
829086702
510984868
997236741
94447266
741252543
649197357
825947027
976958558
847312933
321384633
492798253
497993571
943915817
948305476
638544693
218745621
204291056
857841230
595015482
218311792
641921699
386674987
847633648
60110062
290949485
227431059
24655343
60307509
357465425
539015358
386957723
313344398
422706103
55407979
39649887
202329567
292955149
476066561
785254190
124737361
290347696
829478217
713545693
253790051
284841693
153864103
999742200
223346544
204929957
137508241
306509623
120521861
821129293
24198670
619565312
178846945
987988116
276618933
491637452
743756677
662596464
433328985
258186027
663919114
431624532
396022574
459426715
660569633
238483939
931998379
968161109
592816403
793011892
850459664
275749253
856843742
267273056
244596646
682523376
452262691
282311461
886153922
855877340
65203868
325152220
801790711
284598664
874361417
392592218
130566880
561193859
740669720
935338017
138918249
91084738
659343418
702014556
533638559
701647225
458491072
154448300
280014929
652649183
692348609
825073475
763316693
836195141
345560398
413082057
852152286
68974691
305049728
398626375
375747912
83058230
556645579
691653333
253114367
288855995
16855449
205682416
137790542
64573427
994731400
820000850
851761632
802097719
398115332
422612125
602814434
224742356
41526295
998749749
513264180
298091018
658598809
142863670
989766086
772200769
459126318
455797666
979322470
863045693
707730864
167304524
889689906
746259399
796420777
92794247
704847814
523864342
619998456
961016361
106230834
200867292
591947566
460223402
761148078
963459113
456486063
859593177
943472801
736816641
575640683
88864642
594946543
636671225
938235167
31768909
478311681
770794892
520127298
42928198
311169203
428510384
623291504
421269375
284446645
192482883
498553572
527407272
306979844
309336398
239139939
854412305
539138477
797859563
400105441
730212598
147060289
419337114
915881276
525237338
341851561
35778458
54164566
570364708
872686595
65890705
306234130
522372137
112491248
338985573
831042587
540479879
677240892
929649580
831783905
288698632
135589795
386870029
823535492
168470591
586388589
788115272
820635006
26776788
683297861
889005866
612485445
342326734
134266116
816040364
624436144
822113210
698840903
858802508
509483638
605047796
60437675
758541166
246818017
694550621
810532934
357830565
887555460
893853868
409877237
824445090
139430667
421609152
528766149
470185640
791208288
539135245
919733921
505128492
748011402
600174530
36145958
655570315
560396037
278662454
203918378
655274660
244732966
308148868
508772812
341394166
188969451
308721560
467096629
493039853
315183516
724390917
158637823
389876111
778753744
898729116
84642991
470827146
343749544
735284971
407460867
451989714
446440920
491601232
946237849
502110559
467134691
458937998
153924648
510682787
998691130
294838969
655930638
192477247
845933969
571415463
934515049
341767155
652140691
365586799
311866450
113188098
210567930
324328198
687752903
702956302
628299251
148610613
959990274
204335172
759520661
553806717
705352635
491286771
912988911
119584084
653783965
781451390
55198339
993943857
146202967
962947590
636496171
123767462
268381250
943954356
846029443
472113401
487621409
508440552
137222174
440438208
641958694
788489581
38828369
295759960
959732012
254443190
855540590
589030400
128153850
148257793
312787429
702243546
825857139
8814472
841626968
634565794
589451031
359410765
756505759
771032515
834813815
837717615
462630123
834801072
828363743
823660503
485266532
707665188
762207142
481486260
144747232
16093494
417821037
189386310
775953941
737904253
982799561
304981104
831456841
40678538
494179616
700719326
590724320
891009828
141133229
751683615
272678138
345269370
249295905
90511983
568212821
18938640
356744922
893417526
938708715
165996118
455052727
728968899
342337508
150120729
991651795
779517250
215594455
623239719
601251311
265508109
977293410
726948502
745729843
936982147
277431852
920637163
956665252
924036286
831956952
146663843
891371957
756937953
855563848
965373394
881358646
407291521
513591372
679451628
308248756
276744884
424134797
502683397
22375005
908724131
697174153
211199066
702785201
11588602
499216335
904066935
162739808
420512956
485447557
509697941
691834259
331760017
753747816
263336802
410995185
397900253
477926625
38875565
35623586
120611621
40475812
882681037
270851116
164372087
62089233
601662717
707084263
243826406
234878511
710288865
464082022
158559126
716704257
751624491
640261338
403374926
253181700
136063705
917941838
778462305
163858620
659236512
932739400
142824742
799890515
846145978
813367331
780070488
516362660
588374458
469921165
735745804
972195919
481344905
741908007
734279489
465313336
65023366
673714702
620797620
907657299
416436117
807842004
144657547
25017589
31740601
508248419
393929616
577597991
330974361
392537608
98927933
217639971
968056502
473822512
259745343
684139476
463526932
57415222
136198496
895449897
105070064
488012561
304961726
636467190
913672816
553333231
983307744
769917881
302346917
257939531
478991405
516415909
147835822
624235857
409925285
737857456
182902978
238476937
736337598
315937770
387959357
831956729
420815955
820041637
406432151
900186305
573130338
395536964
160832863
775101446
413712966
603170910
815976053
804378023
245176685
430097318
278262614
373870540
239727121
20700659
95119738
468216380
687338192
562732666
18105435
797495898
556256165
614556191
123883174
734600544
757818960
893430773
459927440
907885091
649148654
291925857
130355586
811617211
296879843
705515522
761781460
812315210
761115408
869089181
648195873
631583844
518975698
282979300
50233418
569359037
359462517
347851388
488950860
445951350
707728098
57320895
246428973
417171287
100077950
41833951
277714279
328624140
380721657
579639093
663324999
532302852
16743703
363416479
561879136
611108059
361145040
134187408
791893048
85835021
218008950
921710020
680305945
104177299
372992976
580671049
836843013
655664657
317202612
274436942
439881125
987475433
126801782
864793462
398759013
518166141
25863086
383349232
506887386
73073757
310143229
488165472
754997920
94190638
634903682
13862522
550288536
925551576
545343576
68539610
274341835
819406691
769498376
171405190
391985963
476158434
238706406
564993399
236494953
324762106
245048962
257158094
206323981
340539492
778143934
500460173
234905234
830215255
397436453
825333525
97641553
116778083
61150967
807365663
887904000
274867896
207868190
859024256
526926846
132718490
200518439
477670999
835780903
206662765
629180948
505049295
980538020
118543124
442270893
123610767
992271003
672539625
991136809
32055836
83521525
450161889
376388199
835257310
812388241
376253540
287179336
636360152
679799808
797193127
363956608
371867685
248446182
192143002
40874246
971465103
674472857
112305039
759247647
139146186
107874460
995764719
79356373
746512349
9722878
55954596
791722557
370322954
762698713
956838458
861010202
713799875
597598963
632610679
502154118
625772300
611991191
676901305
482802917
19619335
94880248
68124321
242863568
647519046
216032025
717604890
634223128
12550021
915350914
639983824
914200486
24443973
495159732
472163353
467963180
421098764
397289101
93179706
123812092
229979967
113167622
645137503
806642195
312187980
597187547
927501905
465275
784512306
269212975
644711226
882402858
570981720
447582253
809207819
683395418
489926150
639656610
223479767
833148041
696058695
712189020
920658105
599420422
183074882
496933960
146058085
507497923
652206606
438636869
554044938
209333382
213081977
895426213
636438746
799829165
541853146
660623980
72626669
551351501
566600584
343534461
977006590
186357569
927484288
126972100
977489433
209259859
70619342
991530084
404135280
281070019
557711785
588182476
995812105
546805484
50568071
135360048
949284374
498355370
812977315
75027041
647803999
362192785
499413641
591194102
624127121
162720333
429114018
207195134
735946799
797229197
276683563
92184099
65463958
807437652
399490474
132283297
582097296
999262145
663533458
88789049
856620377
638767648
808670929
154257193
632575604
632689237
248252338
8768404
874830603
973399114
200414179
358409244
364171005
340414865
61404230
399677157
707520139
949560258
233022530
920096076
208294202
773891022
320845665
623698519
578075594
923642552
589416281
34941261
845641106
143152909
129608268
619306567
749157370
902359282
67361433
380350080
347160159
472351730
301083596
250491509
277347813
637917399
246391215
866384793
832954569
275102582
803668846
196651002
127547895
61786545
276229030
159052135
870899317
48958775
872841319
744032799
610762476
605233766
982362122
301974204
2712975
878451880
810990946
537389354
367955094
570583731
816803430
272018051
728442995
690081161
885145467
886644073
373656203
197640072
22396653
47999561
960883511
762079068
258647146
211987939
195399657
749778323
892574993
381673068
10718803
859509730
336602849
698097781
867633910
102323240
354216823
423784
430308494
230290314
15623092
798689281
171291416
50660503
685626975
314355944
776063655
277376895
220429527
651572760
495358274
666757989
476767788
331633004
854771853
461858159
44246601
368746803
153181429
551704151
356511902
257454804
123188080
275012952
885052525
553110824
272593506
63717324
911807148
880052922
414747313
302238034
547453907
287485643
497384527
932968296
473816636
164698089
362213617
283569513
778768032
565305735
422692365
813481535
116103510
901463018
165166527
901046732
486619320
133496949
141898726
584060156
445525441
507773081
842772877
857584667
497828501
399854762
389033137
692516865
225035558
947633537
868153856
201324857
986652684
704488546
184070757
435847562
641784290
768168931
568886775
945705709
609551017
568071437
137752072
828358833
956434511
419063844
973123006
779758952
157888532
638910468
865463354
629875608
863398366
337865811
694244355
145081022
756282827
80096888
873570134
254694735
50598822
875446593
883494866
447056674
458823978
85292791
939103129
818451816
55796095
376251699
719434629
454154681
340102653
319965554
938123864
721545833
655022113
490781549
316682872
225374841
681626104
85033098
694979894
401931840
932485366
824158339
932088641
951250258
586468932
588580007
833730936
762544980
674702387
339454157
594160168
274763681
604802208
697931111
403314670
456691058
579657414
26924797
34150320
22868186
748578769
950749489
906297593
334800087
421277042
398606435
703801060
175305517
831785302
17716380
97509957
431247435
91171372
230157725
51951444
166263051
470016320
357531194
304596700
54624692
26487455
659247409
440759549
486280076
103648118
583293670
273691073
876101323
469364295
916424626
856493428
384854421
36001150
237066857
408132562
27508409
455987515
769911723
332712745
905899945
529798897
779298905
596024149
716764533
367802119
412098510
886476189
756754035
421630458
318410020
529312156
630079030
317334965
838786770
604692272
979638379
651843231
740275658
780530025
436036332
508894054
439787566
974105310
980464307
311339017
359537530
674022895
536905571
496395227
811326994
166387561
748028608
564217128
190527634
555799075
880067617
775553740
557915126
63609555
311684007
641681056
732180590
626975098
299371989
436017404
16777888
109392182
345300630
511704674
372875493
688693114
40318241
47633651
549363168
489787344
30272562
24266920
73039678
367444258
165118995
288530903
869363175
648562452
639744046
97747895
154065641
547708886
159965771
244151839
216464111
38552429
531579943
41972088
530290212
903335822
712839325
126216206
134300316
938104440
853998342
856664411
685993315
942417653
183392812
607591444
221387163
103265859
593665660
896166161
230724455
960497787
709245797
567205904
685287986
558215737
695570204
737347533
164459185
412839205
411512148
558405293
742262007
21155930
379338632
512225771
66787241
138511043
16767252
735647775
705097762
820763163
961312148
982847626
744832721
507220205
123123979
369024170
406654665
288724843
967037826
232650677
506312000
726863732
543231004
365546166
453014398
176405592
458910781
966212183
421164731
371741687
5083758
624501390
821898795
342958724
110168664
641186419
147812464
169709060
766611766
657250056
900130562
598830393
606536393
83552319
512606974
185159949
818748080
294785430
820771772
218603264
869217948
119492985
966256425
281747776
348986014
150808681
95518293
909877456
165652209
596666445
281813211
764331620
789780020
232841178
900990001
398912263
745309738
900262122
68492466
188914807
743890093
640435961
54242548
64723747
270232309
288290569
159068626
233750548
150011595
994983203
321668584
546066823
977693924
194725137
95737415
544930473
42349814
634336385
772899364
879076867
69617526
941027828
380170218
87208146
463810402
851303330
511003283
236903464
898688044
17445532
846832443
737421418
250629134
83715303
177373473
799747835
274866981
368229239
746340992
876913214
187068979
339824773
425969854
221705302
530663442
780636547
88113386
29679519
710225851
64885417
872203160
935235859
689277078
223528961
296656588
161739323
276817394
600880196
34266770
53313085
78718161
572099681
586568142
329481338
830066200
53851920
469797789
385727318
242201580
383945733
891510132
11898437
96425849
390724523
421933952
880213833
488874924
195558558
606309753
792300320
855936941
438543571
313392477
239643695
614100674
11479785
730633840
287671914
177540722
370827295
506382951
880246046
323782240
730150992
170993407
458243124
501973342
984160126
542351812
522165083
256561972
618496125
787496921
550261673
895814424
895609522
220885040
429569851
764622546
304747562
895461599
286342492
291321298
685474005
733562684
742637356
600966726
356628592
637516567
658132429
499459439
97106785
873691253
823177377
153743026
864723559
636581854
547530807
595114739
140946872
615342088
700046264
637006290
166079350
141755149
169696055
765397116
942561830
183627441
132244360
514953334
825653280
467466655
407856242
503017813
186260086
237852233
352417884
65124171
472800258
137862344
555829634
273720482
959797022
229971706
592180746
265406488
776816386
651541453
525613708
489109499
406018805
434539365
279791225
430569660
712872301
781815999
749941962
302685851
733043154
301105689
919686674
192347618
82306763
992441494
235672640
781640867
301076114
62691675
996633914
390925034
36873148
483712532
76600434
967618590
139226092
502281722
287412001
547244711
943239606
731272759
387939489
234683069
19465193
139754799
272686366
292481086
905470614
936250507
46291390
950108965
287063781
362823403
479004159
505643998
514411736
370576633
188160828
574623643
435879018
994184458
828660740
336274067
413897881
310442040
846422756
952923320
770040034
100983624
460862819
440091581
634069828
334920601
63445455
603655499
597784381
220545957
372839017
764292637
380936506
517457578
657026601
803039603
88741014
899383127
910068593
317494803
427341167
886779840
430679149
212283529
174494584
582493452
798026490
318389168
253405547
186866898
15957949
255312387
81389892
957736690
968657216
961027971
608611682
636013527
86392154
175927672
416373657
538202844
211342805
517169823
279144840
86357124
249675464
356782675
466695392
117363575
596438016
439952145
948700305
703104112
654709634
763866622
766863834
688793940
522370042
926235030
827736268
474727297
308475219
110834708
164900206
107611529
918854509
970395385
413224464
614469188
260942917
219164282
572541141
598022808
24794528
744721691
798254542
918540005
588165249
621579463
894434831
331898292
907857924
242250993
95427096
44247810
564857433
715182189
825778657
638655089
855430776
971920575
459452743
707231840
586560221
632122736
650846639
208677777
317776527
333690832
763316123
396333602
549731249
145150325
488731337
697492873
595125840
637896334
751742299
515558873
363966952
464617092
945774050
110057654
273422128
848670681
102861169
33365071
806151209
141305818
868227814
628454962
916590979
768388663
353764432
944628512
498235280
890896717
494119343
613146375
903155108
47526365
400785420
823041318
920968784
836578655
974328043
313204983
805417401
283146409
253201223
650479547
480201664
837443805
537886485
908030747
186019744
406873633
792065845
217050138
329161688
430934941
933558887
415169211
989264343
9998479
685202980
737511632
709000813
867371205
34727162
796531263
490672465
426870496
627574220
157463320
86993637
163835526
848504044
521137582
91349521
392582426
152250051
922313831
289848435
450012556
360472622
239391187
520535416
806226697
324349982
705222686
713672245
398945872
539509224
774545543
910303414
308491443
431983846
749376757
86197600
196302890
685574102
933442831
953978510
293085106
380865310
462633849
87030889
428740732
242157861
421469880
464445462
703625189
914756827
629413588
526906736
912248602
891942092
626622827
205733160
879960102
21587800
341602597
719650005
553502047
380253535
265787400
744278023
461260705
183938490
172315258
714575030
416036220
648241786
518592913
991378233
407520393
865550743
475632961
86120597
98206701
999338928
228518686
552338512
859358968
254903161
333001814
989085195
282826421
413624660
190815844
816554300
522584779
913406959
812641885
921428876
692957743
56230097
426327267
38264925
703189974
284826824
392431495
806780063
695300733
242211779
246653568
529894709
581251783
907415937
132518696
791728947
945684301
751689384
441819107
653847930
726090588
800365570
608953941
397288477
401448295
564127986
465184622
164159888
283128607
261612967
276041649
693778598
488694786
563207287
630886385
550993994
358311030
779368385
460232637
400888569
377056930
996783930
945943571
929945631
865131788
645347328
425780105
265555901
279196882
31240057
882618070
70538840
882378548
447018229
77759518
264340738
406395578
716402462
354837072
790406899
705657002
891342538
798358312
361431933
548262682
455900294
766818612
938910994
752799150
433564517
819453582
990680912
654913069
458759316
874594126
850891870
160445294
430486613
559645782
470364478
434029510
80644430
330612036
285073195
605949037
293081505
322686432
622780758
68482854
421652451
178116942
522924106
375442871
941416744
53180922
538079451
71017411
179313015
758674602
857561533
874102960
717947284
671656088
323614919
825355503
560360743
848625370
303120484
847887678
98071729
82610579
177051417
464731057
475909122
214527091
813282204
211264160
802879612
654704749
211115189
678355782
802113307
830520860
675229582
706821500
147430111
361386924
205407383
853663710
532607970
852292862
533162627
189715598
171666212
230443820
903723681
313283727
341920831
533094441
542503809
135388235
287667826
612000105
478527354
172493177
277909580
266058114
204306353
649755112
574380573
580080880
671938540
85948899
726003820
555070677
208618430
863303567
907449649
230101357
722585220
255724972
966824565
407683859
17621977
930052001
904102583
728085511
785572279
966706317
683312141
428651980
100770280
772683585
24969284
909515899
984828045
672841086
66378382
441552331
276356516
640949562
30367240
914034668
559224946
683208557
268391334
406210368
581642218
370984415
113421954
196029194
504893433
802791785
82027762
75701113
768456584
965296579
70894218
171394999
276191529
888390695
114372493
917810008
894358259
951815208
316580321
713807829
874677889
915664223
663907158
452481193
948494357
354874873
497672576
420946405
787065338
493479084
357555150
868395362
389384534
30413637
146243811
44174939
727434615
549436675
789854833
921051887
478389729
151665927
116927286
514424778
163170230
540877536
479662586
619168286
146518109
977744745
266939629
91807832
928001691
903914416
643155989
70945320
172475947
532388504
508110306
256213863
748236549
404679165
462938570
457811389
367990310
347579670
917217061
267286738
591415776
662841445
372187521
676003562
139497248
163120475
111032060
35923154
214405283
403490609
616970760
725399011
326418685
950160098
306473891
514937914
904635055
894360502
497856136
665753447
911373464
454066760
540353444
485114269
460602514
128853581
254389452
260121629
257071936
969123733
377536877
937069858
151677224
186694453
650717485
704939834
501752043
28926718
249823936
828514569
886096128
111868921
911441048
224218917
122538760
446825929
116404650
417036163
125122449
146066606
638334846
750775422
676335433
933386493
261284176
929321433
6198077
336588392
119342960
591835544
429002248
71287137
502776458
411205412
659682779
123349773
213082738
138645419
265178543
938383971
775481087
845399789
14539771
561818629
325281839
802171690
656002488
66885866
922377205
864480086
974676634
836069743
848987022
993000171
278380530
602905344
552583305
390473013
95825727
383177533
604621197
747183633
739576149
533591063
940753997
358099192
199577237
602404405
883820020
337979961
352490806
790747644
555954023
429319851
625799484
409978545
604046730
897860622
599271399
446037571
985065300
57940267
474293216
143179518
395671395
137826197
297992310
574250805
664450734
898198068
394613221
591939986
47247680
409169880
700737838
603621515
314403295
773511266
491472986
12974118
803798739
332523495
294998305
828562916
604039067
397084475
615583011
558820093
187227879
982504181
374412317
853079733
818457842
470751678
902108198
855050576
584379441
924929308
506691660
22558632
14464090
548224112
736011574
978336340
732777578
690113917
418378197
472359918
337686679
269324860
902322172
644982706
887740909
561747155
120416470
704230478
596337510
46514792
312295459
737562827
622324394
513482080
280765714
244455974
254205882
490127360
29055808
138811674
292547544
662653845
722799969
928980924
275330794
434113226
19670533
643223890
158045820
167080865
728093801
587288128
248738554
542958301
106929959
601494097
258703820
215622382
304592257
62643311
769054846
499147009
39321601
839454715
577866906
729944007
139965987
254181980
546236480
702836122
333694072
392191872
932574609
694954717
264902002
523533707
612376934
603076974
410702411
928007219
635053682
831026914
91409657
362615910
148971000
976893980
974222506
103324649
654836467
41985562
504173972
687255808
502536538
209691844
92802065
476781171
14023770
449756360
975736723
974616620
223523881
12128519
795605339
707789472
242852999
790483493
797418924
479415051
843786255
176914782
473341139
717952260
777313182
861962119
877759049
305030112
723657794
366834844
723342112
717475033
605709772
86418731
129047951
819215828
428336854
652868566
233554760
472594749
82297604
773675763
415816099
418291963
845886087
577657341
968010654
178212749
484582365
603889748
967940246
84604009
313337008
595333984
87447652
450934016
498223984
472957699
440092331
59553823
522726407
973078174
345978874
798493392
449470292
891705838
973456252
186337865
236339847
904716533
626001513
975758701
88094825
822042926
166045565
432603314
81339965
207863634
700686194
193707618
281507776
799745940
291701712
842969282
524586818
961794546
548423904
239558357
385383409
570813427
897075427
636117037
913123316
3542843
368441725
528838636
131930275
817229544
556178343
109706399
919522555
822967319
308786674
737762072
777358153
57849383
92704399
525783511
208131568
174935518
893108347
447732754
705541877
168182107
447307490
431268328
330839439
427366456
532389990
90525524
693442468
157165876
529927186
252843199
486337259
316803204
246603374
286267948
107034869
632504876
56325634
868098433
849866542
127485136
456994474
543720748
73898491
248677139
737417092
780952185
502870137
156533739
460539986
382007007
817595060
305647984
528277261
941441586
739635415
530907228
991008648
965969589
473348899
472134468
163651856
101834148
547452450
220766094
556956948
753009036
463204343
182682966
447806691
760808461
118710115
497251569
60584295
841410025
307565334
500008247
178328800
153838622
597504711
129768664
223284143
611268806
126944907
653467870
442865786
626472123
273027070
308586
502452991
825498572
453167104
321238078
15078912
848697352
281668179
549946814
481560671
56132911
591065664
223236969
484824062
131879103
168987468
275070810
485871786
195043418
783420229
630654737
533121426
473012530
320810394
970681946
7972661
508598392
288235501
203686157
252153785
53231099
235776177
505558771
956904328
548111217
697696310
639159213
898633049
896489210
296915286
985747589
286123677
892553245
706402256
325532203
131980574
366430321
97224337
550964936
987837869
34998805
407299156
531271623
258991603
856087823
650398847
844475463
101902836
785772771
846062646
515841770
272753453
751873506
810020611
455485440
492052187
333489719
225899646
192004825
385162176
63023015
21304390
507383673
264063103
250809888
731513129
867879097
41670733
521847911
980508602
784237499
407772820
766005319
140439937
992442393
53421390
907734447
877307693
82660012
106198044
134873603
734624667
660442113
878588978
652626546
839739390
193142440
594777844
494752835
858567105
73824024
445234122
108731343
892280332
766246947
602110349
840738168
394858827
470770986
967697133
461837368
644628970
561181233
608513929
426919034
911605794
672489222
368943137
157791698
246824368
544325437
725949930
392756291
598291618
923784260
39181455
212057267
449994286
200027066
947898490
403986598
496670262
248026889
115185372
947504029
535580498
838357309
517103216
473227061
636613097
347157284
906414521
161474275
90827694
260224081
450648922
863814011
580211026
498054304
901484343
134518538
346412455
772485886
725329675
160968969
974881024
764453260
864156633
250225479
455646395
259078725
24886294
134433005
609899890
17037274
124173745
755783229
380231441
727637420
160723396
811095858
130511481
971147524
759381794
668764279
309644135
721381533
88457228
576946808
363538649
310540121
398333150
146297543
425767699
67391283
513884222
478222998
550454168
520771759
342240333
922792438
887235123
545649537
8359882
919624816
494789083
906928530
204722338
852871136
173921604
916951235
697689604
779688021
113969510
66944152
743576611
396098458
949755004
866593676
990992911
94187751
140448128
18073490
891256998
239569751
579480993
997862621
189287546
779068054
555073632
479411173
869818921
631795785
172092366
897551999
672860350
288084391
119728487
245922133
789428741
431661651
755093558
618360720
315178929
903535180
268609419
607990233
720823344
763564827
951653481
73162421
758531126
211103422
5629931
263171957
927502125
970713016
315391516
343454504
711983420
970452260
440781173
755474934
373940056
855947721
463680400
984067921
91727361
685419324
80147216
704522500
411840686
545413903
784100630
80647889
650251710
220697554
604976931
348354231
883636816
649452445
167441887
712583878
567434046
744694323
425149634
154370822
785086078
646043385
220406022
600834176
606145447
609772486
610525839
526596729
96650332
563836418
956393243
55223143
800360437
482561610
684263860
525677948
117985536
200719915
861898912
47485529
588040841
831922321
307882083
158487339
207278005
903034453
211134646
723266627
792104562
870202136
220706762
619443753
793931095
147273286
880444346
655909410
66976714
348917528
469697562
295147285
173883982
395067996
722581799
619557201
823893019
430020828
562874640
118348474
597951884
708884012
395423116
79495865
153914582
3923724
124606225
607719678
511312736
169858454
568853980
95331981
329172717
88081856
338705668
854678593
309243548
521036492
174254768
789766462
813391163
652056787
979486177
795118470
803431921
711869738
493331246
774740290
607219681
476819884
661515629
872413521
378602212
991995718
349862769
704418951
496420300
43082668
453606276
775788231
950823122
462455531
675798167
80400688
496665632
79972013
925795969
82268810
896639918
921479698
755744880
38692636
883283013
818918027
23379204
777935569
893157824
391233772
398523305
347372597
11499332
575589417
218496506
31643378
865910670
126177219
243513964
950174546
268426647
680182816
595806443
601509964
869464598
133081071
709485897
513076326
415376568
890368054
