492331463
855496198
159423874
948744059
955653486
645291820
242441071
896934235
12589495
482078165
182282623
223855427
872554356
206260176
226804547
464577241
227313807
776900451
815366479
540124947
439616652
159416006
159994378
910069193
280454333
682721085
354121668
617339243
68490590
192239463
378980765
89718382
271964032
563546554
411440079
92904047
432571781
54306581
960774591
826142840
687843817
591223701
619336377
658666462
676625053
559893317
190709555
701654752
92076391
22235968
678670365
865765016
873753098
427675534
523692265
756418158
574574185
211564915
63934715
73486682
520721976
389537410
251112201
483147154
486912741
904956136
282595051
414053868
717951653
836707415
342876038
360723594
959742812
57750266
560715789
501074498
649009840
182907213
346383825
868521116
365448648
414857645
977117668
721975461
708207186
277717707
398172508
523641238
596401686
711808137
933736537
430037417
768031143
447511497
933290835
932210643
749732202
538427234
625853123
570353496
897394782
353400340
642273532
301880246
782044978
367854193
445107492
609301847
183304197
737085080
748135510
450409884
977449586
613707856
643375146
59081900
883761260
199490801
407817130
834940027
415516121
108511316
352746469
959525545
585083927
457421033
146684173
739505782
264960350
389253153
934469087
591964214
108508284
384762201
620695774
157303120
857353027
355407727
481372615
374154653
753977575
498951151
586539759
481659665
380163939
103375061
6599443
590966832
287303016
962657958
592977290
231184367
30393190
573826461
875880252
468741614
802739037
185101628
79518592
397347124
203340392
655404097
609284155
577965135
429074297
720445925
663121969
365918692
56541556
632241507
521373209
563571646
702703143
910133191
198653158
371624982
833464554
557125953
227614807
481528612
488642308
162685077
260114614
4196979
684043445
910290189
871320866
645895458
7784857
511745861
691115336
167779144
154475070
862874165
855246314
24457028
488284428
2834781
890049963
925901051
504978492
840456426
185157167
201112079
202601803
119037562
366297981
281298002
91578473
41255305
558062983
941130866
134789524
3061570
862545081
999014948
689158251
38272645
454368413
581870014
957521883
583670782
951636124
871191734
177091614
298584636
305261015
495894152
492731889
315173716
792481432
38383847
427931931
768217766
759059903
259578795
91144579
599425348
827758226
191397449
212871203
379922670
23316200
972338007
699364651
586339859
378131672
156825458
389222966
894647253
485909007
502765551
401850897
599472084
191517900
799128252
8100490
249554333
892889773
343245072
569368425
329687361
486150473
430632433
537824115
60287229
293803463
60543053
970251394
709984655
465946232
332486320
476020658
252225036
586031688
868134342
2268312
749819266
655856566
320792646
631233682
6109536
571689300
549520836
904111723
219266415
341689035
913504843
679405771
394869066
714384511
35059752
51902775
45136749
15505970
762328676
670449729
81007269
272222416
89259881
607520988
133295348
346422308
340294926
664005099
90412652
159097429
352910225
5700952
41007686
78442666
563730510
697948291
954423491
891869177
873730818
837100815
752350666
912558453
606927600
356538551
963827868
393655429
145965607
760719228
719433126
646030695
40101195
832943105
235189840
325429166
446361379
156537225
677935130
872001311
878649052
888176418
993208512
428100138
985095234
218041621
814006284
154117118
808361617
419250728
233282442
335407884
41618425
567520116
887861540
374410885
117526616
923224564
613180789
901570359
66045511
147787305
207969379
903261379
282824602
608657017
528755314
142410101
849105311
640158943
449064759
359694794
568744955
45343384
558633869
564830366
956380190
437281315
502674276
459939787
289355567
316923082
82388961
746580571
809331202
956554344
936065794
125916093
802503225
876874580
738760033
404167899
878553375
401905994
609256503
706434348
872541761
872283536
167515710
670371921
444277775
705149724
798385796
632000919
329108393
711598170
557497321
943102921
738857454
682588271
484668339
184570306
207884418
535209952
110629019
982420626
755943854
407350363
250923242
138812042
358073328
286881911
18617108
973611383
833453881
904286902
769872841
597511695
987004894
202433618
685676241
508258119
191386070
190528438
595343622
601777188
476217618
672591892
895642586
590735124
238475220
460231107
397839667
584104410
471036028
834937493
49913171
864587035
532014296
23900909
923998528
800605130
119974678
923941685
54268971
172901114
265758964
80353732
462045858
120595217
264816971
802233390
749026842
571511701
209684902
544973112
604916720
246627816
756635735
812962672
437800849
831085258
927084986
481528741
243419615
955007644
868338521
769762693
680488535
630096065
397375890
971672966
231610373
234586688
801313179
176904532
29462842
621423662
680863901
73644284
908177446
541668171
413413536
997642311
458618075
381093931
741571845
803652136
494908981
626845563
427567244
483417404
732022555
122244759
671174600
506093789
472085453
915685404
994961996
386685627
19420927
14509961
255998884
488531856
443933289
320264708
553313997
42001105
672420110
492382012
798412399
378037929
700391450
964628172
666167348
563472812
269417085
336367297
278540030
681371690
305401237
852446811
816660000
155021354
721679504
310258391
536783436
152628003
708513255
281865029
584294341
938272164
857310687
769119897
1927260
901928721
200715145
506937327
705809040
964038802
78160537
209458448
148900797
940275691
299462115
67548418
669445809
555090703
617052434
919407216
781646820
258686301
757155633
339132356
350279648
131390334
670865812
434375039
637902529
402328541
712679059
178363361
28474279
107364890
85967557
802692599
562331155
501416237
378473795
362939180
566128986
444652709
889509305
676340912
123807659
508592514
859476756
608221852
918972709
930068345
288337478
458702608
750123266
897938774
205908722
662971377
909938866
976591434
269232999
694182492
906668950
963320789
130944549
978043164
150868593
715650604
164935088
409444694
360510919
437762359
750664878
832220291
938250815
283612954
241911919
146769463
973460618
91185490
667691914
333850802
641959381
427003760
534947399
788719994
877400803
680565113
787107046
798237403
479544222
291367590
398484376
406942297
138759641
467391835
267496869
313915969
10083710
413856911
431570339
847271727
647997467
109197241
828681679
69548364
544914645
949655388
289337911
855718692
234006102
763782493
945813701
811888468
599938927
775531099
448796963
556050355
791219799
720673483
847725083
395387475
949554597
821091636
18454945
848753068
462181319
730963683
573486412
917038387
333438883
31127004
564524040
434084417
975343628
101587837
21869314
322539392
311842098
749784419
685871100
456124009
658161661
165824111
727199926
813022856
223976090
708007100
159663102
580414267
912010624
552784246
308087296
268485722
75368068
137183034
927676728
262689696
204085574
852750146
243494036
609019331
567457005
746868241
89226211
281108180
383226328
799119831
981372223
8856038
647516296
696870169
965767853
935070088
919412952
26264143
164817623
934760050
184782683
780194817
479654606
875061470
533795782
995963612
875704313
995908735
578628707
360147563
81727310
740153061
487939032
522659944
978634773
78094891
290204049
875850574
184277570
81568992
74099728
46555352
469948708
61353644
658817586
187149621
36616725
316474113
708787950
38052274
933074500
872131098
413929710
772614757
774529783
314003956
225625009
373758863
434038086
424792471
163273990
55766419
625041846
53001809
614329912
965868874
191496415
69349548
888586184
861274647
854265029
561417577
764269386
717423927
675165595
274185806
130820264
278993126
461944
312463602
346652775
117103465
177527420
414049501
67995729
279330178
158491781
155043849
491661306
509560311
8804972
357006718
492519496
878921137
833869955
54424812
915410107
452894068
54087023
224055493
958793425
428716714
209236287
532342987
224134581
11904962
566775569
48686976
143252677
102097057
552939795
42256889
281381966
422772174
722685969
276200829
108521844
803671408
489863156
650796891
372429921
303538135
645339908
759741617
221909291
867337347
362869048
321800080
428751483
890547619
70293385
120535579
314810255
687587341
166605999
976025136
144212244
147087392
138878195
127951575
553414582
454924198
592696061
655702886
40879956
333970832
608400878
298743103
47902652
669996696
178687454
431190905
546684357
883614
99266377
661189962
418107507
827357728
33247766
104330631
633071958
584149860
966381465
12234608
652088239
488278214
24440485
369927288
416581493
545906684
814176685
516232807
571261978
881189427
980180501
101981347
403567134
115210655
442784556
465945039
942671740
714640777
321284703
665584064
599320782
532481066
650147088
989778446
792166190
672418598
726410791
707769163
470016193
188340112
172036235
640438754
85058832
570034564
402289919
833256345
170189383
821851902
611239343
804871680
575023200
911756497
626663062
671447394
710519967
323795123
36978289
346826274
934428977
889894135
584427012
255560448
133488776
720819863
703511422
768968648
565034568
384012640
209963796
100369979
548413549
659406398
648067130
808063268
677125699
751249473
855446111
962333592
672648905
902743122
438162971
732794145
269572579
894972972
688289359
95692280
943446766
339109719
213836895
57789164
52866729
278599314
465967078
182215697
903943269
915729540
768858429
693368428
1474360
187336255
673332416
285265449
664086022
343197011
779891432
954705972
939472388
454661392
787106206
466741526
224533371
190988141
358486728
693123355
324993446
757063365
50163276
887665057
404534589
684690099
971304812
570274439
382290005
218957354
63843499
592791267
105386099
262759380
465025178
701993402
198464135
28316642
543519950
523622562
888828835
750295025
674792272
800043207
720616695
913725522
600840059
244942489
925521336
767721340
778983965
967245228
243782547
729053889
162705167
683428357
268921661
90190020
300632345
250285652
846848210
990688250
167294252
352769027
941256304
981587152
534343995
951982372
650960219
27702377
134715729
589579746
651384955
676205516
276264036
66451777
683068466
176554644
539675755
791141069
283767960
790921050
991466806
365397532
338775531
645151936
929372444
481834909
791524623
706520143
174464090
455216942
810135557
809291122
775497981
745216230
199018075
864978658
65477808
22766968
657012124
659075895
209539934
177740707
699519316
868081850
665849799
78909773
294766173
329482695
797755551
740141038
494865540
658631679
144455791
505804412
17522165
494936245
101679887
798374983
791486297
469866331
278182551
317852832
792818282
886048406
603172261
761654323
466047717
172235004
37538407
562402163
284512416
240589700
987777061
658738
296681978
439469416
853065103
754398601
421729012
649270809
383866541
921922587
470926001
566736375
232793380
298905888
911400980
898860411
300464721
441925540
831459915
104193413
808713238
678000431
905968573
178223829
42393540
967726246
972236375
618004754
525053529
838171942
787430184
180660992
739644992
123617676
24548786
653627629
623227456
324793690
598596613
848132125
891620929
71838365
114804553
563663002
824240041
701023111
452460830
420878149
335381787
221069486
970493984
853994446
781490799
898079702
172642013
295832486
535996557
756032151
469711278
724811419
239738246
136412882
310113423
687395626
568393313
276783248
878816104
945308266
14487756
76225021
287319652
753896981
357442673
88715283
406779355
48958403
104695891
359295229
186408533
830460640
442022846
86380567
993957856
5519198
431623080
960615524
950337668
225950801
826336248
921235358
110359880
572298782
151428015
21621693
243470206
502128219
663712875
57596034
291488453
715967024
52947143
394122477
850034161
87830512
559263337
186369704
936666076
415064529
336264718
598665374
104658593
5040874
979865981
809088152
115707910
700687567
354708877
438258673
921757775
468615616
946065878
814457474
848998179
528472157
733717211
338618962
538238184
704384656
237776698
512229027
25191015
291417035
105305374
456074572
679111818
266190429
442237323
525564448
695951266
50244593
267397550
887166004
766685347
839794527
308369459
405049051
42500400
399775935
809384370
841711692
742628396
766595538
440792556
178188903
21821434
512578912
606155398
938219778
289108828
628256245
879461216
155327564
257599255
630775874
589323608
920947122
713996450
960528389
165012105
274130113
565004060
473011826
941402183
100594467
754505172
405621872
818242643
60445072
329875978
720063086
765785409
437939368
297845210
883778566
892784960
640596637
296301187
620961743
342087527
454628058
528520805
510161988
504373093
131918589
818498063
446844277
334591032
966391200
804112628
56252628
903080108
32433661
853321601
841253768
945889954
418709202
303920303
49286667
952058472
184614283
992098913
197650981
853804234
550237058
190640755
157179879
169637239
134623482
671004771
161291585
316706836
626125345
596937612
498672985
430657444
479600776
903224741
401149993
265781538
420780093
887006682
817543574
167693086
410558013
273532278
430007212
816459261
712741544
918705615
418746284
90485132
275997640
273997601
152608649
784497230
234099173
357369081
470209025
397233400
941282301
33915058
46781790
279144907
600904470
652355465
208817564
926923690
896728200
73002442
956414809
328552100
923264
923555072
795965862
268580135
11476240
79643529
848365450
557993647
390309656
914301567
126791810
71270337
171465474
457093895
105822448
21629322
634841737
264752194
424619243
361211781
784276715
246355348
965720613
33544317
983276070
68520458
249270587
712748872
444096736
955984284
685629817
827993860
823219607
587521652
656484746
160745605
894146726
331109444
887784568
736438629
503240349
216909418
518273065
469627690
118454046
161373025
744686585
623768367
284787949
280435402
739673747
377149478
199427501
788241032
756734984
922702267
236819897
480521806
227573626
544286722
720975726
242048929
619805145
385298454
824844316
292215348
525358895
181101026
598701684
207365753
212633103
590773702
606888562
936441095
239251854
769047860
856659520
709737508
463222403
26660936
305735298
366396528
570660543
120674119
446564471
992211181
894904685
134645590
427656210
266162494
18803518
83528951
788967471
202069700
693532629
809841484
493690424
690159888
148389714
539428724
566408744
814976581
975177112
42374857
741016612
941115574
424547215
606335369
207082673
595557102
957680159
521805799
131432610
828944597
657314305
460208123
164189158
707520711
497941736
330099184
967878942
790061075
267741691
312365336
884221977
512504053
516197343
948132469
581597582
943312278
502265127
455887074
516106489
423713228
714104641
459503198
578214256
558517001
278659734
259847837
363560169
522260050
231512752
947226233
508702787
246553948
93620704
358565541
969674237
737057858
858695691
26778976
707131157
453923220
291848202
33092085
203147967
474485255
307570235
367014024
819427997
461498330
502259279
661566000
967085427
715531243
913312275
758869525
807582711
836423770
457871060
452609681
277136663
209538723
676910329
773409072
274011170
541334648
699980442
959694756
736608386
121587231
676785809
467670562
118869337
145605438
65699947
411925970
491089397
903461893
970521314
485271673
728054320
437440783
573932004
255320284
879483915
451154439
342094958
485335280
786127091
692259316
567611782
246457229
391815149
192095315
143569735
337986614
936401410
280614980
499685228
165123989
306748763
355963894
43754560
974443970
787778371
54036411
817916431
950846761
639067368
834871271
444106744
952914532
183682588
942516219
680319726
72661688
398271492
674861929
149330741
696461899
81020327
19849386
686717893
128993307
241892880
262846338
277270766
838847994
681316705
299806631
164824607
877476713
531164347
352264271
441429780
943245998
299402087
55701409
519832827
77282299
289537090
519261518
238514930
805775606
117591808
217880289
971460752
300299846
892574085
45026358
429422710
873549135
387664971
434780634
493843387
46283572
926021047
134829224
784161374
808225441
124483650
345680138
625886081
791144077
788862433
793590502
396902788
454270460
457734392
457182621
94331980
522595883
376598820
974445234
70288363
114689120
338663687
428191641
595158287
448537864
124532372
975408645
817994106
743694254
131802533
661273808
181240162
998828832
988161105
433819942
992099680
773604916
250896661
674151940
206446376
46027325
750775083
196011362
398675876
842165567
46109816
545626864
411509725
149721413
638621702
701038595
321992666
851351335
141568072
792112900
6902408
485762175
131013393
881208943
722428068
286260705
718541772
718937498
982661814
586176094
837062518
867092520
280291805
37369886
13801186
900449044
942179007
717236901
703711178
812755078
188662177
98318608
219433057
319860135
918252073
614876423
188273547
73069602
678998778
598635941
951247111
423897861
959429708
264215632
759295661
315804973
535275175
19494437
38675839
954134324
938126344
740727472
180913444
419497825
935523765
132541295
404560716
412019257
548763707
571098434
198665426
442730038
224877455
723205053
671818768
823287704
16606993
890407047
817157986
241931478
352384833
817310241
997847893
561992393
431892708
764363447
268715149
187553276
363082977
687362302
426701997
972228976
46785670
350463828
675688174
555565199
560839517
185920729
867013096
868019060
675047600
12241861
108329368
83547189
21450391
19598574
632011488
404126217
723548903
208984386
441113859
467454354
345751630
909527516
275212198
862982506
418032260
611542960
898712885
948441849
671025163
949916653
678312475
461777074
499432711
737565146
218691153
950391881
453898521
448649140
89844580
797074632
183142367
84085696
381235892
131408192
920366849
790810014
483566699
959602107
367246109
70602769
790825036
702587954
57626662
784232007
289743005
672048709
794445296
685216531
513117764
616129416
273501580
710233076
420626296
71345388
580343418
261814641
681068137
259201908
433407565
546348740
441854371
894661765
471546940
652124525
414492632
900594527
629566889
853362564
718317525
952194515
603758422
70087900
620955713
39762727
995878810
871230790
159713289
61721065
289366840
519771310
994840332
241678403
381016506
731386082
796234346
941550038
885996454
667565012
959681467
614030490
836332255
865233663
99013898
701642623
188262394
675118651
926381807
764546757
691801763
168247987
287859359
614462775
462470087
724661360
365432654
405837548
512061735
567491153
453647885
911537048
645985377
784804760
249649086
705798246
423234411
974675915
664734287
748897751
386385599
285344315
981554121
628159938
733402885
739369464
412843324
440196865
118167227
309716055
612215015
921233873
32168652
605489892
400970046
995005384
263786152
832852384
270416827
284710083
194053431
500603806
748883779
791792988
325632210
564565068
838666356
848704717
52573328
954204833
71462559
651369557
330159498
577155255
101684209
38798504
866779199
316251660
793552845
240263714
628246343
249911978
330961907
948874686
921939519
122189228
179509120
944943190
530127898
670174757
742721282
858091214
712030032
947794232
924031317
3089983
865319339
916404938
966774586
626073318
53228104
277241201
255074862
584902700
672110444
825143417
596519773
753762792
213357041
761520837
262324082
617228239
11280351
536829247
543419349
67047678
592960207
283798479
974200937
860532639
460656517
174863646
364195986
973436965
107783214
359341160
567766321
55518209
202073100
302251544
156838491
154265185
581287349
527729647
329804863
556316915
908971363
497135868
602181079
562006277
724838854
977730023
606751589
269797108
471502596
806916765
525999469
433453741
524443881
334642048
422333859
167871385
571468705
84409929
540741771
935799713
993296092
935189032
206834474
785546603
88809922
14207139
415372225
190867884
83707019
849825805
910037135
895703586
460875289
271626524
678714082
726213299
341673444
664813202
62935424
45242165
957710878
898318605
217870653
861285302
339261875
424378038
677220480
793486810
543894893
532753598
33758901
18377999
26979492
43524472
103327690
431325750
355661939
964712317
613997427
147168818
202908740
185578591
908346216
978191188
607954970
802446012
653552004
644685524
393541034
832262726
94339473
104469853
165715767
666863889
563386502
176096367
528605469
618145863
683839783
736253300
331408243
150255511
574779105
378225870
396183661
530383903
337819557
184522227
706809799
585524700
878463818
695742351
515433372
653496188
458773156
271255627
539686037
671092739
376287775
42095327
211651169
258229949
254884603
81905875
842139052
256862602
663639550
677536982
698048768
984260849
658704799
369522593
487921397
455406887
804197240
640309614
668920230
837326635
530699859
621829371
959054142
952251784
568947832
653417041
243036285
528517422
58651659
613826804
552032525
990415243
884946302
405444098
661137462
922067374
581760490
634130342
229261399
395889050
974000276
269941172
309498894
418756218
147427276
520060614
836110833
474214032
78395143
948750880
955563871
313171636
511396040
6248074
541175082
194121785
451481706
686860266
670904249
118148816
176568499
485065032
172579580
644111711
699819233
635335335
703745048
574911659
673859341
97288098
264782503
450057483
810374885
588002610
481275731
37685043
815113822
523066593
400177338
108597933
360253799
548627
402164555
604671872
177313451
236039454
930652000
430404299
280492935
204894827
752475492
349923163
725498235
664948354
778198445
641037246
702690916
926853484
120993206
990862382
404128847
926815974
542847796
725080821
999107586
753272831
837968995
921559371
506528951
883429112
931745350
147235536
736824185
663193690
230762394
305672984
521753924
827500080
555050884
117726098
511685523
533274670
843120338
666429821
811708906
957005182
730472288
583022428
672706690
779978361
592733656
486255681
425810139
99820726
600351993
254415477
711400596
429936973
878922755
322092556
476517717
510688150
24378974
259912855
203778072
693632948
9818909
268758777
527789388
488665123
987910742
103183494
639158336
873948899
406016663
700330248
490449177
201734782
69229232
228190224
432086006
194496910
117782250
653150646
796397500
287629467
87642167
144278055
926092892
821001839
759941469
399771485
723464915
839889684
514990081
926423391
598245056
368282077
750137628
630360662
761533284
742235206
608586320
258890974
352647732
715251488
393769656
843015093
446467732
754658195
766223556
688011881
236749087
671886178
454729524
657629993
728650351
535290126
774187920
906067796
291831690
121010877
880975070
450061278
592206241
898167988
19814917
965362475
193608591
568103634
861950226
195142403
914214641
53503100
738820281
572762478
93497860
171331575
465534269
53004856
940181457
958064949
582367260
610146372
62129576
19472873
222335137
461393730
597106550
247030684
178642827
634202130
409961021
34417755
366676238
758057898
961375398
394300959
400872564
150863290
242465498
689275676
669516419
302749776
582943196
833372110
526464097
602414311
476665858
477856323
460491101
669610267
389666838
622701895
93780958
199414535
598910447
241352090
786231114
85984876
300603665
756224858
223424408
678733953
208980403
514472756
598504680
620511615
315736024
807841074
342717845
419833268
461803689
998023523
81811215
710263409
750065998
126987041
685730824
389858163
59222397
30841744
528273056
271142956
492810180
200513516
811535113
379430601
81642874
591508054
969701900
34564336
931803001
216076308
691375850
289181660
791589647
261842221
214549557
37398045
657736490
804558342
861997245
943295055
959042503
236444970
596317424
330313549
872824040
559750171
288128839
879362199
503715902
488479590
707180923
811708886
587538617
604816232
589322881
922150800
927949533
833206987
720762451
609503557
108045408
896186489
729950602
892777296
730624299
277040347
363043009
719704637
323217752
905591898
1037891
596793857
540485745
665250530
948048322
294207215
196010361
382132997
772409955
275928410
19307009
510622890
35008239
834311072
863213733
717632041
33279915
947645649
866605635
615350838
751912502
166921638
731802295
461488898
289871371
11550053
725926183
586412962
74017369
419666425
868605519
370027655
897199945
457331515
772554314
446429486
840144143
185721367
766228015
282681409
744194967
104985194
978938639
23438784
643976975
289400482
327438128
792219472
865664955
404054223
115872806
584589326
424137770
4710550
47948896
869943105
538769310
222007976
93445341
528623646
869914831
156098387
756105307
598064403
511186970
216556410
257955067
648757474
443803476
484070413
510984174
342250241
967845742
529228039
161415849
538291186
213533969
592450435
367901631
111498715
481650729
456401538
630358482
274663848
478143735
115571422
117775932
833508689
762184290
710529913
203560269
231685632
768248588
269284974
467171562
828962692
170787474
492906851
749980149
961296308
497273954
675692405
108961991
590186293
449708869
602338107
497672546
617114501
95948183
600751959
285608569
718217705
536602941
227312851
978868526
978703413
352982293
843131010
947300518
455618922
624544224
724525816
842684111
540460300
923950020
63503223
935747161
930930954
199299896
111438819
314746141
788260676
11706384
359506903
699387724
198766170
5096554
239819704
790027092
423884729
500343404
896717644
582284557
483521016
262023048
628175898
390132879
187534199
265274866
397021603
669121133
551054205
714651881
766160630
235869816
977509709
95899717
434395855
204630279
294319429
154568689
349894867
426325556
386072931
86437377
718398394
252648899
683213938
315780861
905492648
666696320
468749119
434990594
908327588
560080491
719146844
616766786
534138202
195027878
15844976
70423048
348292728
163477478
627563061
844040130
354225167
225399429
969623302
123407598
316411111
558118317
533130294
412418955
220674790
548674480
952697986
807907978
744285420
304913564
252362517
865039073
25769191
396885928
354668192
924022065
677005874
259008506
414862095
553713125
364197055
23481904
520500967
646691849
563539330
348306475
131908032
51559215
909643016
643988617
384404658
304740364
438629312
912392815
384539091
404669942
974240040
423837419
514845378
263447160
759313593
917094009
976564866
659482731
488087843
850450932
976083777
817072529
599202033
958515565
695792593
328236069
134803596
364447274
501365184
542785936
621906140
903388056
517704792
56172471
935582814
945370934
105694411
143985806
823461858
294599223
803166778
262975900
287211758
843741399
91043593
991998110
204336406
436273934
280423272
832563251
699661764
778187903
220821390
966486441
834716781
442330887
146318678
908589973
165477506
15910906
801875978
606526314
26671458
691392442
602704888
618978829
65021095
939486203
349333273
845838576
34800164
622018748
770959275
103795445
483044392
211510674
486821514
604801924
790672552
438991131
853141123
999627701
616931787
570549025
720047612
476591248
686184143
133976053
283523607
678568691
947531461
198646904
215250297
327648746
741719678
335762793
618132036
980357220
169798093
896800271
678927063
990552663
608327144
27115997
810778886
638836697
945672927
992681609
221910699
692361355
582054821
765556214
289438701
38980047
350222677
589740609
716339862
230443958
127915111
502317423
839480512
813383494
386781750
646431076
969717322
328972973
77291467
79542391
275134431
920723799
92065453
56876067
23913898
793439438
379648291
86271304
833564633
36682460
378431623
729825707
752049130
696440447
708720737
129621626
392585711
825123068
295767300
219858178
654303205
34517278
564670974
796508225
595687992
989029450
467237829
379605310
575918020
317159156
660778306
501985783
516146960
335599683
393735929
434297879
710446370
885087925
272680409
760147573
409373563
154929568
923283831
915575434
575300379
603180297
162625366
584877618
408500603
286883408
776118345
275217172
49998384
861659651
647301644
411145043
196585794
697174735
147286756
14983134
542516315
226254251
560207393
479548070
986487359
298071448
190696474
377549687
146457857
103517687
933000807
71894450
830911842
308319682
597110849
372670339
349478573
722786243
223735755
661698258
997881612
347805700
856887656
21792104
490314318
308487051
729055380
590432369
950081103
790227135
221589348
930437868
381950934
998512982
739664031
736245736
463416252
508558141
381534118
136398788
37058305
207100664
700139385
521013040
589801129
626451719
973323164
562430273
817635105
598300136
168951100
501592804
966810524
931992533
40835749
568578691
191025579
880519341
866157915
900373685
512486786
159755954
683916368
354274008
729786960
365699953
414558853
309288615
505655015
670584972
341845622
888890
549919565
121041053
296827193
539735693
83338242
843717863
257350930
54371860
49726136
214603285
650051781
691756888
364832898
581923027
499958171
516908308
453837277
633275084
521044810
831513110
435352584
666240719
717861443
9889882
480561972
187379108
622804501
776650470
715319010
609934653
137326359
351839210
980839198
974767594
440206885
922532350
394421851
73531828
134624652
774779051
675655019
833553540
879310738
912188686
758694377
492523249
413570707
109877151
925279973
21383117
880153477
600791267
451397607
716482864
287130566
69476123
825099504
764029200
959360870
683887475
373360939
856103203
469044565
499228429
898545050
687080888
321885980
801762876
230225119
185115695
497169716
788533676
71171249
555767927
989556919
250401498
893381584
156178356
42685592
66835551
131993
314845012
261996477
46580816
264593264
907723244
21823596
900836536
910845291
473372552
243324980
31919629
519066214
219396795
122386767
459551612
147170760
793687013
753031358
870872812
645545186
735067930
551946023
943458380
486655763
78319412
969931610
873684013
273703490
263459855
815497735
874789811
643288847
824902140
457202946
40566063
89786709
277904737
900038126
575125023
751139311
693465906
106868233
954721558
807931662
514168048
486176428
37951612
603783378
966610308
722719820
923396389
368430323
755105222
61243059
21115030
41608305
301586901
406496873
515919242
830370285
478541924
97408710
846748400
960788121
225650727
223650394
524498958
981500152
881871044
933753939
859846390
499799752
963138884
678804778
176786127
992379710
346287982
926434657
246696975
375497876
139451204
604429762
520707199
325652540
874126354
899488838
972285928
925150100
236526698
383853393
246190834
934805332
837502158
752116919
317229309
249073075
84466455
977600967
84131861
954762562
746518852
163108169
15248818
867809396
866969937
333481825
109675227
544170905
793457305
317485074
240831539
47284126
939046201
802015045
211579115
997624364
985891093
822970754
697933302
387277276
255754021
75802254
321052547
71161844
337204515
463066764
575984677
491308636
458712883
276134839
220257494
157129917
580309686
54651403
694867591
709293375
349419820
122858942
880972730
177815541
372448729
67207190
168984579
630480645
114215644
137508659
562044477
238286615
91171246
738968057
829833460
994937938
253953166
580386847
960210095
93202898
228652050
516203461
695329407
881025266
470828077
496294608
728954532
297680920
695288253
607740673
277477200
898747457
403775315
574061900
341283860
628099071
253633712
482822044
142273619
423930770
896557890
309672391
958788050
211142344
429145083
429486822
809359389
689611808
77483357
54993979
794736078
710964512
33442736
149327611
345465306
298751822
569378864
93410754
121558598
375341423
751623762
468020924
333738928
590717671
749302182
976739808
488265200
854143431
816739059
23474155
19875725
821151659
757256810
689568898
264751940
818646685
585627851
49488852
30926208
842019513
880131050
676697778
299268887
74435104
407273944
465502266
227477781
774400136
692261236
166547449
864357845
409868537
477721369
101583035
505392224
972570953
20166652
405617852
236199736
448369473
917216431
151708181
118308946
206796764
229095458
889461779
919099439
971957008
861550253
891802507
462571099
255047864
472678725
131043771
651867834
686356376
475858927
24470347
888591786
346759214
155242111
747676063
99466713
794085805
870310812
101187284
377856284
572003986
154390330
324789825
643035361
721354190
78171352
328377266
468298258
236766138
137317961
757761948
656660749
838314806
961172502
188884467
999080285
119260981
70002205
940976908
5526825
116291524
216573220
660728679
496979275
589175313
459904838
846848545
429010284
256443341
453932520
417242770
574357496
332372056
574846749
704491165
165639173
314847415
895429742
486301066
575900992
675995531
262170850
509456406
791916125
446511270
131986770
244369562
861092319
276210680
648233708
989358811
876057204
913297800
856276931
612703125
18649628
645862499
987437055
918928860
638363982
385085030
479219378
633716948
417517350
701771809
493772377
455720327
735134837
547586747
391177325
65159754
174061969
709169739
701454076
516901319
633650918
425616861
104482669
734011203
585239169
221933222
860154939
903294801
530897379
102636780
593245793
692961393
833336268
313279493
288081448
167636282
150175231
876699737
767831436
389981719
781431903
965348595
989831796
477810728
689142073
247613054
100197909
747218124
553147201
802963695
793965031
568114778
318102951
887043927
574268664
195580044
120103165
782300270
517030952
572865176
539213639
525946055
941799856
914853561
178781912
560344238
235600119
435035925
707964849
120725702
806350684
462352826
172934183
263237647
577001013
723398722
28671046
942852285
957327090
270600074
911778
812284418
53078497
418562000
4277476
94338586
690286095
330448349
580596984
203192750
96984312
206939405
727542634
541416588
837706357
885160063
558661880
556067303
62944887
591199275
648612147
614826526
13471885
642497734
110778452
121254839
684381208
251070576
450883527
341925927
618416499
506929515
429575708
304701616
611976792
292639043
517910317
425907607
745826575
605505317
976472365
799913876
14314829
855016716
345072128
449243462
462932214
200300169
278206179
121429638
696371647
759576182
151887957
986427567
202450282
937727690
897152484
557956945
794987597
458217660
291544889
394746769
808247780
490055072
91472893
520684877
957956111
663235879
266856443
335903565
724392395
359291236
719574589
290437611
148489934
775436454
404792878
759686570
717004917
33806413
976830237
57309761
437277396
98535513
641719318
323899044
218741957
82267595
749884148
253006056
296705967
892637638
970594190
474717453
348466451
425564665
927784384
472853717
828145000
766175982
305362480
187673230
114031717
676510186
514319458
121120506
669126587
306626054
803581712
879023556
374646178
284691806
977227044
377219676
587518582
925930142
285268162
801591552
231991641
994099076
729600504
851098513
345836419
675035192
953819500
98868713
438794172
215997387
48752813
601556743
253734883
433117791
790553959
96048816
479767106
391183109
114003166
445430501
312941751
725214033
202522067
851258996
638051754
48646034
820763406
781931445
190322553
384719989
826656708
831252587
812090026
433102410
64405765
448261943
698567026
12786689
399321359
789289847
173185898
941049028
200526157
553965186
342549861
747312068
387610672
257735769
290961978
891956838
593538401
87124152
939882305
473544933
212763518
696951488
623433035
232639935
649666172
112491064
388202881
203122980
461987391
117125072
602781323
404863678
428690982
200910641
501195329
715918832
105693392
562560026
859135839
814870895
850029260
981621410
938491977
458532142
497507940
833397291
722614773
647350743
159708679
197735205
106742786
37164265
792723650
166427445
473693537
383356994
484488989
886120252
99427037
167151413
337713942
361158148
2420647
73405618
615087251
659479122
906700201
24648602
145427447
335225891
47697473
396086869
461310478
84962626
683226564
108007183
516580112
120643305
707249991
772830923
678658500
35853852
86155779
922625902
686679508
206093600
217237210
314726990
899425538
124651537
695289257
88525860
165216722
457092769
63287946
635178967
479719633
52676025
777370573
351274006
288768237
854868887
144543498
40688090
583024677
386781731
280575389
972469656
787403600
263113909
533041812
363864840
469197736
818405328
754597899
193820408
4980714
581459193
365552869
205361780
540170372
522584444
706619870
466489074
910511608
829900061
824516464
803252450
342852758
666728243
93159864
647169128
266834521
527122991
652569190
51739276
1357162
346125429
254008788
149894982
479915
478766078
684825317
138948296
361590412
396786386
137692053
610637563
824222482
813559546
289143069
900773100
980980795
94479315
435943950
548453771
42085966
424372549
583777510
275147803
806507377
39044894
812916982
440790179
496525678
698883135
792057361
512095511
355766195
744995292
874838730
378802017
12959983
175135184
699745429
879899117
585781050
219845479
864983423
937788850
192088817
383175198
640057464
668391229
148066574
743165294
653334448
898198022
845874800
748152912
314124948
443949837
788929052
75796586
892043395
2448325
818072341
187656093
164178454
635068564
294019189
560048922
622932702
943557789
38994865
884858657
968223060
502059023
916653779
966530858
704788174
457304605
84220936
186129789
299001832
70949716
935985046
628666769
810287464
735574255
599276558
314513026
648215671
245042704
158946826
873723593
927490703
521649137
139017829
325085502
85268035
851806077
67151661
487873088
985707405
808616517
398064813
517617555
711063580
402750601
720099657
361951495
924348051
991324160
662729195
458865115
779431012
874349534
446615575
850830124
198065306
221704549
863707815
842886768
202626473
99856146
929690844
883876965
804101931
627033377
561022819
641857377
245616113
728108345
840377814
607353349
760980061
308508580
350949361
863095534
858044077
296310238
617332941
282116621
914712250
945376259
510008812
686259445
789769115
680956186
722148172
459597263
818590513
596602739
792080503
335684216
551741627
858525381
262651982
82411299
834574758
691812893
17676439
191230958
864001875
969353897
135893691
702525211
883327893
760777683
599404417
335155178
422193383
306260635
921532185
67112478
589906538
463705861
144938610
705573545
76057792
105842320
88615337
584706271
389013826
488875840
101793680
130501155
926447019
35459783
591478023
868888278
627597532
939321156
968588542
464183746
859588115
88840833
800422689
924504127
875893109
949505736
944359350
269485294
909775700
524493211
230864984
17285565
829781091
310220474
537733787
119393977
369643891
529756266
916884022
680413211
662002269
876464695
484637452
567278097
723560321
836759853
616820605
288998017
81292830
940760437
174243529
185047611
540092250
774736818
549102855
540052848
360222807
59408807
611417072
949102486
64581218
45069921
626915204
706368802
37670545
920581960
904675588
763463425
79669611
392648026
135823084
872922352
658010600
911193855
411100323
448953557
353788392
695300692
193290802
342613224
219269690
426099753
943758198
179350473
531508669
567549842
856119091
400847600
494200165
421653459
151712284
525972739
377872067
22850393
745746688
650728929
694007128
2179831
395441628
823110630
746768393
577907496
809505045
882490262
421504265
821595042
669904108
873880453
270138011
307715928
996324277
226630088
554942873
932392472
327921937
648120785
665316862
699987587
668154814
403241643
507654896
929938
619894836
902931950
302378132
328251565
802654310
245450094
133932503
835957474
265198391
331344170
424628437
698504264
683645001
201372677
553237354
945473367
826112439
728139116
828520564
48626422
208529194
784160051
533114590
811034355
331172857
324052717
112477857
199845450
196050822
253077739
821073592
298104145
801731918
527642822
812500787
806571136
404962804
556074218
545505820
554549118
78013521
302275426
247617912
111991849
873883469
533343847
193352377
678939676
606262940
969527445
137367769
741501620
585887173
552279276
22666472
442983007
374393174
782897373
864251388
679937540
431640967
180496821
611092074
128858608
40622766
332692647
247789627
10985016
793027482
389114907
777630583
520555210
356047756
570444677
604484312
37013966
826025268
894503690
384602603
544502803
889061263
559441287
765315437
902483884
323838560
478292409
830615405
512202420
29442462
699844561
809522156
506668288
703654477
334227684
505211791
498860188
977155810
709161453
254240413
844767366
588190064
420999417
967823506
560226387
917255740
766649256
545929829
238015727
247163328
693587716
343861235
772721241
636872459
604089607
470568625
321816622
391856860
65530289
509703992
551019263
270421380
888520542
780930118
321965027
52158401
828486789
19571410
590468084
355626968
464492194
452047108
222917056
555672473
736091001
918566256
6910399
973280222
468469149
883500555
188460484
385929724
527287906
155129422
861721486
285530110
783805991
674155783
80772166
453843407
504440511
193522110
146182396
503029462
426248318
921101516
925571618
990337279
853398407
412440300
248480622
910287725
499989058
19857543
906717169
742118618
711260470
377477885
235383989
508205790
377900341
603916263
698099134
106372513
566658378
912407547
841846830
820939438
616394034
99395308
166839729
422055399
188723759
120277412
527764204
705139965
701557937
690730368
67533350
259172936
929123036
73975474
719164352
39293785
631294668
741803938
958451047
805795153
729822916
555493433
844164131
866015939
199736223
953358595
892105414
496529674
35461495
647812537
877201494
141342541
767545439
715014311
26409186
603850968
328225096
398042355
405959474
391234150
726157937
151983347
546523751
620516960
80260114
85662307
360267752
698459135
293959739
829071091
999192765
378348456
140207591
930567945
607495406
213245785
915653274
328902032
410255159
996351672
13496633
843236545
707164379
152654311
822057954
657037806
652352761
597652945
65109132
102817485
79197023
913672639
829118835
804486252
18573326
85284966
730526602
678366814
135399624
584210852
529259358
158504599
586942665
994541169
689033355
882796247
915368499
857537191
174993020
255199693
642605934
540374323
721724142
116052848
573518434
4995281
789655317
286355595
671802343
221276380
731199563
342535521
878676791
390914492
884872382
67815534
405062174
286481061
273900635
875024446
919437299
199213989
535158016
393189014
353315058
257810841
851281237
584865742
511384256
468632999
755042286
721894057
36032915
626478863
15121671
348577164
258688704
132778034
345047783
738838764
647068456
488608775
631751246
719253536
900402815
896850130
515620405
758780028
934352143
448005511
341978076
85343140
586207693
603420776
399561684
238984673
570644391
889541385
920331
438113844
172284040
784213632
321254642
902643317
209196199
372037847
310724990
737358960
636123719
85842610
175711172
70971843
668427367
803998876
59008899
834007742
672627398
179179258
144992218
190932811
696595520
582787408
517013902
316009854
325316808
446195278
398242217
262562711
514504859
155776602
68758377
46962224
427464661
199390952
589076611
191106739
437953926
555847838
906983506
816571527
989945256
827513896
212258748
711356160
195993831
999120729
875696164
964979351
222554489
918102537
101484600
860585639
953318685
66208545
488445802
961503565
505080756
281648095
501943084
731999014
889221221
538396582
372395380
724698234
539140741
489490114
477623264
942673453
191412713
266003432
109494621
265490565
339299588
88401603
232819257
468451920
488806632
308552361
877687786
760228645
310989985
237726048
949788511
877385609
988335519
756783545
801626924
562287666
95912571
697234468
836853688
417930863
691518752
980070451
938678545
619119877
581718586
870044720
621612550
575666941
881159957
248816407
984226370
258736507
501014743
250010618
153520540
419282123
586905358
460685727
693826194
844855194
161600914
132109923
59601849
950019928
333674942
705173321
859467006
619723530
991848353
98303283
6711938
862061891
566668503
12223926
329775040
642325838
339284910
630864546
95743255
718076670
891574096
698530142
821520546
485330577
512693983
183870411
53249453
60399014
249033401
985693544
397720703
974093889
902000335
171697263
234866922
398559767
99698980
581468283
792052615
340816853
838741277
415266895
892244042
35944393
691276228
393353358
564144607
531816934
421035988
466476360
467637318
616061818
319397713
823821481
370691880
519482942
421153900
152646252
569541710
364932391
261284412
216189429
555585701
690712977
172272963
142190454
614201587
646707115
356533491
503407904
474325173
565520247
419840461
651773658
694271013
640227732
209244434
512883594
755484548
916751153
866684988
958654292
685699192
659741607
791438293
114413778
754778943
850464547
819307947
995544994
18100001
486642950
49376063
547605599
193060279
439616393
967763565
980821225
343736366
370093959
460052078
756861104
936729553
191729657
740075368
641323281
318076932
267456633
366173049
128824270
418149177
766405602
77873802
108175739
358292236
553802818
751882025
44349785
968727005
72687634
436791904
742812971
71039929
577072012
460394370
102340559
337439553
358837065
620572874
109368176
462319198
198094141
728478920
887242241
655896126
414910765
971617267
242179578
230819606
569078030
357138399
887818682
418935778
358120099
393332016
571787999
32287430
991795243
178728185
952279746
277664789
10587463
860995603
449391057
201628411
597617870
164051897
297265115
461985980
485591722
778280214
997293420
474635289
33828171
271209046
544693997
16817230
240034836
286143431
215405848
18728077
62563070
468841278
799727625
870884546
400993731
885191179
310507625
243218395
206535840
476279732
164648351
3390922
299358932
307277596
791719198
465093345
384594290
967001810
872257982
670368606
155088588
701562512
676933409
212020947
213519878
274441725
680037543
631363008
144178614
625879742
357895407
145155285
320926178
608689760
411696077
386732975
785826540
414355092
997785505
462423795
107941944
954190303
702754097
956780564
991296719
740502596
498609990
386159221
12849981
931312636
71290764
74037961
782231743
245541076
839980095
518853892
975666197
682743944
910222489
871113378
201482375
591884643
639052293
52656058
16555685
398767446
288590457
444473310
362381983
256047945
122953201
573637327
631493206
986393879
63604914
394150949
189080333
733713950
672902278
447379536
174171125
248118219
382321029
718316623
199524957
936683039
21063269
689624653
343079186
656079940
990754637
79564061
476649267
264101748
321907518
914482500
127229954
787687328
399385953
897082006
360206448
882077149
467050663
601584279
309494375
316389132
59946741
774170655
414321772
786850013
207400381
502855660
795824594
723258900
729782773
229620878
984992473
523068380
396393908
816729873
931082171
547483908
408072102
299274658
788966891
146655759
349468216
662568719
801213560
604400729
602415650
303852347
125361080
763125887
530457141
973962541
281106853
887943126
533699369
176359840
598539122
370347036
208633328
44624672
209601598
812525923
795885995
314768434
471337675
77773848
169765288
209773046
607713428
591236596
363507990
871900617
647883734
53998984
820121705
618085362
831382123
957935892
689980715
337662075
922674994
747636565
899868914
628308953
798834922
631101847
223849308
485562556
733881210
447485911
440519487
858410476
843533842
755392328
718064957
689375094
30756311
90197746
789394890
531117987
426858618
993021578
786201
568483726
584765459
58313804
714017001
509594782
451030461
570103561
638857744
39322492
844587525
252212990
957416388
777425110
662198955
54739752
800915270
470419086
362585926
800613451
466995307
796571879
818022306
767862766
885645619
748805929
731542545
710340108
986381929
146291413
608889465
655710814
200460106
529196816
803255499
626658677
986291200
126599312
780957519
696109271
790941447
776767717
717790857
167537940
590255795
610343381
399085319
95580261
514440350
95464597
597578061
89627313
852809675
66847565
806464306
44402925
955350677
164653644
458369616
829653695
797309687
482207600
437096924
255661735
450861268
243578019
718057739
679993608
40119168
10922739
889158061
18624512
195832845
419540688
935410312
797396480
323362905
37442820
901077513
758594544
551099194
763635996
825688538
979734058
972925503
547514592
64090140
915250860
418755152
225142876
875170927
497956283
849439511
813550730
851893122
413153911
293329108
976207524
616797260
855102699
495001892
366971490
640086609
157890607
540682685
795947330
80741806
563136136
819255239
608085804
280389855
652338118
58027522
75154894
981518026
981256562
342346093
8837718
802873371
821900444
684609826
289561945
210864879
805336161
751858608
196317497
406608553
89673017
644243580
898333124
383159662
887432817
360754500
917286541
404046438
697825917
696544615
366792881
871178652
908532438
626151424
631644177
368676476
407792774
658060194
549413840
246243490
378203829
204419341
699451022
601570957
796289419
980175640
706967540
786795120
717755808
576253746
47687158
834625487
67892777
923139363
280145736
366017712
788434631
668139017
573187941
737920095
896609236
261427490
720321273
756773209
616044363
160899557
518915519
275601122
516088485
582083441
699545262
4066302
177438385
618307717
815489959
217900682
471748892
634380877
919885932
150829775
120063659
27965600
55607656
766633808
506072599
905565938
942308021
8584498
158424210
441374059
153797956
121417527
327856879
936784019
55306575
712729683
361122477
219972413
862556228
770160406
937779659
594075827
325338526
869356304
98047195
950513855
63731321
448767197
309187011
675007006
484056271
318899961
766897700
207173172
751721255
234460428
757791494
64847022
512560822
795609866
837413690
650880082
589332216
423846390
12919189
645738086
821628660
672424209
645349673
229136127
900578954
69863382
676456118
135922337
726440124
945988060
295880871
861659740
287301222
995934630
108825629
881905061
106310360
320946519
70513524
335018677
248322158
269383111
240357679
749146914
828109445
660752671
583077521
197815575
991022986
111055277
114383377
725521325
392411665
664813909
536369716
881746203
617761119
509816074
930553834
242930172
730842095
300421745
375918058
133607007
741477764
465881676
20187171
669377850
947219321
155411075
645117719
251103077
430045731
