519213386
295556360
689001706
417807864
257813613
173895083
338370010
174697477
758790314
722469646
864848753
673049468
929122746
126673066
973342694
741823656
667353135
29705769
487558902
710097784
407437530
898605448
828177442
763238562
921805159
124947490
442147511
787189505
123644075
640257084
261633029
250652732
965019950
356593049
933865135
605435194
967836856
11419166
987004867
316141297
22867209
662712754
58778223
509678611
257000527
172917943
192840771
132159193
201083612
875579296
126262252
336231311
326704757
24817319
875484870
132405400
19708167
839625570
831176913
425230061
423127011
397620124
564100757
454406256
271730780
437572654
478601059
100400740
520726414
369926555
936087034
334319157
594749007
468281214
310212641
217223571
719534138
178102741
322757594
51653096
851160741
976313922
473498353
215034817
134930693
190620562
41526382
399791980
901892259
262184068
164474233
803412360
6201052
411126228
229002684
928277154
346921784
927510019
945730625
414672975
791091232
255110265
568388591
544713480
308975025
80814934
597894594
24520748
227848269
152327816
485202816
700741767
232700002
513540720
455111905
981042586
583015073
128253926
295648079
222685107
184812389
807512911
626052896
146649632
535808163
608458531
897015129
178465281
701119049
292327826
991847753
783610284
171244051
768890782
366980217
104420371
190734829
807691373
2666217
761833821
773680703
253722775
647232282
445705175
429070913
619725494
659624677
65728847
884489061
270202133
3479448
253081340
788025948
421011792
944981638
442182993
125689951
668600746
800163122
835021169
232646969
802236234
210486744
191317093
29619422
865104882
887501320
897508988
893145907
970953555
483272077
827408338
316939158
580468030
12189111
782085052
696131021
703559558
42069957
675290544
991672362
443579135
100419558
280356345
848609148
229782713
133424818
429724628
547999565
760573580
101553659
445317054
227131649
484009866
905162011
208980287
619917122
609341722
754230635
470360071
743006101
181734155
103730542
491513457
722574933
495839567
101840295
480523851
696707161
445487047
818369598
731478289
18696020
939543788
714691531
430101487
408991252
829841350
272128560
329376802
399287330
267721067
513203918
917144609
559739147
107080145
122465742
104995210
577092608
289868044
626837489
694163728
67701425
947684591
162356141
891934287
837120730
803395959
764545445
542993388
348345744
620128943
613756488
246154326
975942719
969884548
102500013
885469295
744720651
292257290
193477219
860323961
798474538
20071724
618536017
413325929
856015111
390475514
817371131
830425742
451856395
869598320
615067876
729466234
243024328
638001974
587819043
816194144
243975793
831226083
876185142
88941531
51519887
53967877
107937107
98024187
761274026
955662315
403802004
852405875
957525928
765221603
383158131
740315767
376726344
875259286
461937292
237768903
729429441
352914754
327399510
126716024
953753182
497732357
464837447
935251647
940288386
35117954
875077013
19085153
472294719
874028757
161582773
608950506
620529
535046853
472258121
382254747
410725252
516867381
224814600
250055280
196324198
943174562
926234772
389683197
510437252
31500562
582552354
522362428
924237659
689268518
543989661
274492001
848431284
138957252
832997010
414464330
616788072
628240569
825972948
750088463
862632614
291083468
485446643
783651238
795350422
758558605
494577242
519084641
77301063
456427464
546609582
719621970
293564920
415169038
847970263
398447945
685905731
671267498
468770622
223738394
335944021
859183972
29596657
465322165
418991339
754274799
606523375
106229354
986872497
680056165
647061323
994567792
6376570
55258958
599698632
978411153
812146582
197540204
644123523
663710759
228181231
820598812
478467243
29841621
354018464
644977089
833040429
26334699
673175538
195193836
388467260
566356871
545109847
758285971
945871448
637777075
213678842
741164063
492838883
451415547
92992562
476235495
39209744
703777256
523973903
103828629
122658952
784057406
326951528
815049032
651695146
312935514
249362624
424618989
277980077
339192852
5327959
786043991
98351041
62323386
220016302
962034286
490827535
773273516
170013196
945173214
544394690
516827376
242965256
556183778
831610278
209312383
219103321
733045356
413861917
232223692
915673937
772073580
637425568
312191716
790616212
672464577
467110300
490565684
394262744
505773360
139705328
634879192
845278476
460433502
933240701
241883528
617887335
519855841
203385664
825342625
502909417
776594316
854879274
121901516
767840442
298297784
367353466
329284750
362962106
865714975
46654137
313081045
509440970
75407960
350628982
149414741
688872244
975517531
330865243
997051147
445996134
874010515
241635366
695141426
626681053
528516159
301897744
264238598
977861251
107302661
484919271
721449886
348975733
7905845
193032698
434941493
928719316
168583049
398465918
522359689
949445254
909894929
214507041
808705185
323777636
472135115
227284289
15439374
416738841
489649090
86973908
11160616
619534172
626174766
316707332
357458331
597047780
543947883
282091241
591978170
683553714
501261798
541962738
421074750
703699923
600159690
461504430
347488135
328895504
427786114
312542064
854448979
433191515
405533402
275051240
882188479
869263942
478972842
220877278
617289048
474761592
736318186
2113184
140761564
712702953
859809909
972075394
2830889
496362617
275788809
208518660
455442220
603603642
9603706
519597702
462083069
625327601
704602704
373564789
747084514
315010052
169061259
733645969
603389926
832798915
50022954
245353842
728552812
60985757
387857188
189387423
422674912
973855896
914541537
887840174
554918647
248596098
487814090
166958653
638755994
218569117
535687194
972476455
737933428
8256292
568763901
681048783
215862269
222753337
673430513
162629363
851925979
883740864
153133310
110613868
790045054
386079806
267409459
657154029
585501803
587362026
529883685
473547581
999073406
483679783
454065787
87474641
477323205
898770930
934250994
928601111
442133949
323345131
797909228
382108785
530094579
111723580
426866338
255879409
135846982
910632369
423500968
892307711
266632074
374643477
864741570
70628135
420838910
720927301
570408605
380131458
251707050
41133617
488769624
982441010
320629755
396407902
564771019
313810645
747514530
976666500
227117081
494967735
964804788
683252886
73710342
216195269
229859493
121071215
149059503
800851403
240179571
474258536
51249659
512449809
965341186
338551916
564639268
98437860
838438638
565791589
561255222
988443266
401727636
143860734
180102
497839831
251216660
508502094
23186790
619622638
719650703
386721955
206350888
536287795
617339414
438470663
73652150
588066814
362990702
553168914
754657595
641893626
742099038
42282701
439317414
76213215
260892392
294051857
756619342
967921194
349720714
214728136
376237041
323889774
786810370
540368351
560754107
792522040
997354102
51758255
399809716
311226538
698952179
839380138
630185934
77709073
588038157
855037073
211068050
60497556
686955877
96193507
660281692
171205694
156352226
114194515
183639011
356544844
317037062
882205135
267910762
290016529
988890498
112539545
286682975
143525095
483429112
719650631
887814356
616971466
782161259
353412571
592077326
950591134
416516411
624939614
191725516
128050687
181622392
699081625
857281651
669065676
544909330
455917671
79508080
817761635
604405921
206232049
938278590
619132841
783267448
234383188
289700256
484459214
776034034
659335211
989596967
318501616
527140720
392914418
514651685
205435326
560179263
613833666
335307265
703099370
505985240
722637386
737411359
337539608
9667471
854475846
546956615
732218673
544458421
384316660
5287857
88601089
401977311
831987192
124253428
27291530
83762316
854951070
170196224
987317937
924371715
705264072
340034868
923924199
554042991
511205858
683047764
748857894
206339655
182942270
575630099
331047060
99477374
320406151
791192266
148921920
663944232
290207333
957944650
960172285
145627987
836935281
94588231
387790606
276636243
218989359
911142147
178125119
206854721
758071256
962196031
625233928
999094490
614627314
577935985
729790502
745162853
200973567
453762355
644599984
541094966
852320443
515831341
186596937
551034097
668574317
101928542
199771265
466291752
510714049
79264953
217446325
149434011
724924391
955912103
126129463
738114540
337752642
486515587
31859401
515123037
51331319
879212062
698864472
915998934
820574283
492267164
188224149
459450275
506117259
358444594
773238970
446153049
688501856
543383583
677341053
661742279
300098458
316386862
397735051
576572314
571185067
41555373
869991766
690539287
669411156
825812511
781934195
413613662
957699667
899414056
560081002
834012911
487199178
929858660
131757401
814458565
542345393
284919139
745066926
352005295
237953517
303202182
153059766
962870370
613894870
120889132
955724734
795256908
785216823
788599828
558867621
444992757
398277622
867083439
375588215
876662554
748154494
640903767
139655224
494129914
203213087
709338785
431194932
536966671
8736123
754337313
519191418
652768911
851170170
248924124
53224505
830799761
502312155
396352523
843110459
290364213
195811426
55430494
123280309
528790026
356496079
457052454
115761364
94554094
462041930
881844057
38542147
105478387
855489674
414040294
535515026
500092102
593923695
137326454
231724058
344544359
47104218
528716538
104054892
210122010
752322178
630263080
707661455
792313069
764094599
950926267
281762090
774245382
313774305
568853642
357217898
711609111
58367737
295826157
103440866
706774929
641336665
134790292
531398339
923981058
726141737
508651055
908176116
265363811
674831861
200132204
408511362
161098422
307348163
179494527
906533292
397962941
963164553
987876846
163162352
460088231
423679810
21106542
28043502
570657362
289567797
638944165
77527284
991092646
754255011
800533421
42040987
935575248
413488717
121091410
883005982
667288790
889445585
248000428
912540530
822234630
543734105
800552673
676592905
133877670
591818069
604373825
491859681
62314279
571567509
444733525
96455258
78802027
863233634
212377381
633351336
811284112
22544698
283597416
925745968
530084154
42130608
719657677
798546965
850942288
936715625
615390074
712116714
556921645
307464142
321370038
119230900
39345458
991273247
725385260
962453104
285419157
281222767
557690191
378704099
818215092
523914445
561832235
267252934
940330515
401634650
144210329
914982670
860365666
339739854
43616329
369840208
883224068
729692136
465779166
812432810
635924904
235394432
804539115
217723164
649641824
45656277
453653633
923389295
435259282
674604824
654689536
60723614
807283413
673690361
27286800
216120229
970796053
169173244
650197616
394263090
199534088
468431265
361469869
543692476
474293469
218542998
263070799
708995436
926983824
681821391
444717968
378636513
650864485
605365743
780077891
16199885
172521996
643399373
847301938
586875070
43998089
661723721
719276132
71967599
451502110
176763777
700474313
480036788
536721230
47746996
932043542
696212724
531349599
293250059
427053406
36916757
386288601
879241436
209508962
380061320
262778566
923300387
986768021
631184224
149501079
871973852
694437678
757492445
860625822
756435315
573942848
50182944
47903423
974616904
90484757
585270429
310507147
475539068
504696067
113346416
216376185
181662812
638431415
722425488
664907949
256158739
579631536
683346990
744205452
226474162
520430144
671164699
344117906
742431646
999794654
716974467
196073146
121397225
388710340
365541125
787699619
18728414
830487625
804222033
914880806
292473815
211356124
778374663
951973364
271651431
320942643
250286727
524416850
294989484
284656909
822669154
33806934
321812756
824514749
162408838
123681483
102667974
30640456
985235427
76558549
431928316
731020962
308065440
261390737
289783369
717952876
33872966
774354497
243190083
655072448
536461769
664232141
144953690
982257421
111593107
858538466
751454993
503691473
139546604
786013736
26914441
676010320
937287011
545495384
419882427
981511770
963576840
856955423
300665529
595723649
654453657
124330114
453025154
258485212
170742822
704844193
98253186
825368930
953261611
284616822
337033866
68214038
488983364
143106389
48293137
652191342
846446231
281465193
534448451
278087015
339316644
404075835
908510510
132741324
618158502
647383973
338245377
313748141
110330646
898229524
560363449
434525408
663361053
66195306
41790989
518162614
391470646
775172750
438377299
618519141
649857271
551354663
563026816
998190856
202666073
614898652
508814315
466618628
538154297
900784341
767606058
662557858
15639783
394630151
656009972
928155949
499529461
284698488
989635228
438428627
258489675
227544084
795645517
977562237
925432318
687793328
347086575
135021956
758636418
463112519
75049019
706538734
604908300
21755383
377132501
12839965
354235729
512441955
423567055
103518157
49629279
730773163
193577082
625620983
692941935
159141892
891786890
760765417
811989106
63705511
331802469
495739486
614609934
788973390
976839605
722180499
946716641
641875624
897681633
971375454
188509492
246578657
874517616
125577452
819076881
176534317
212463069
360428175
53032926
843322419
440957244
57729777
571716441
329878872
201606421
976993942
880582232
483010966
624548829
743070692
307824409
916260709
460314020
109911385
930902485
173173661
339560094
826362850
325568427
356455710
144549138
790507528
129873387
42946001
209361910
553601392
156111840
870574170
462123574
831497050
660364808
429519970
222816186
199511903
57888084
967902317
953066459
199863595
473368022
976973156
517449985
48540845
911221097
659296559
565315241
849753557
460795226
314821041
958551742
221670138
934282982
88876402
720306844
767643335
847834147
700363128
836206923
768330141
257980405
31454285
371677414
271155978
17073270
644408333
550616047
825341446
781015161
276025725
138087890
770058524
31750524
83409883
857900848
541614957
984830588
150565452
784018824
456756832
296166118
703306281
579034471
658139540
495300341
887635208
297283827
772868298
758074349
344855910
195077425
448054788
165792984
408816866
26474077
201326387
83880400
149700298
294712280
350830122
720140851
996646847
104255114
571496766
667738530
55809817
952356778
877396048
939578194
880500557
384559230
432075832
443276205
929338922
691336173
6402228
92057962
243348344
887865259
201716109
940495524
31888392
444121762
967624978
371740850
615013670
28380358
767600508
696678809
117128062
103638344
367921586
433877482
207705710
987559061
194207808
933886493
898418737
862160441
535001860
32579434
220941995
913079829
753828003
709592926
640150932
547864221
218267084
7013181
976012298
858347330
187239673
453809501
269820679
314161074
573028412
523309152
797705374
601004838
110748768
327731971
785807338
98894158
306964795
907439795
124804112
996065875
771970300
718824918
450662953
202330680
324358770
419229799
630008196
888323853
308143094
98281937
110072067
704393800
602372064
940106020
235776715
347809596
725489712
285870968
925141965
457987331
144182177
414842025
831148765
889070665
155532003
875395272
500190621
60103211
73097777
536493063
51893179
246296971
227623691
86548235
295928774
965087248
430867022
277315496
900910449
514939697
17454213
126623041
523706648
500593151
215643161
598621123
312176286
223029422
135305052
79935063
411709551
944178507
546089852
802807533
17133196
519567410
699424505
46288833
302019944
944393673
967102463
236039750
426484028
873362638
696681492
369589486
759347308
579405131
98529941
284014535
455619057
925905033
856526845
139779426
734473175
787242259
971331142
13864059
658293620
438557699
69061540
323885288
515902991
426078947
634158938
495986928
418387018
428308307
673384595
441881840
443719149
466438547
178237331
276423848
593396690
295677123
814029798
541272354
448679491
498710926
890822059
778221843
87581135
271297539
821551423
867390875
363797072
403092171
739962165
349634366
548882537
688952332
750274256
210302609
581838563
140679715
394811309
280741214
418560471
11404896
228188189
953334128
956954911
563065597
382897908
394366586
558495805
342931970
587055509
253817208
501177681
411374464
230013145
148659593
307260175
561112910
283754216
302714533
480854373
503077854
506829034
994209970
941129733
909768716
6811858
246512477
171466865
398510807
542571986
343797943
712970979
252573600
487114167
448279144
470622426
811390726
684537168
632386784
22323165
240529049
464887434
450565709
747417415
444390133
106198024
1196472
958537074
550582971
439894025
452160512
21002754
609108164
687070297
427954759
681535938
150204046
15781471
257434823
775953591
744417565
754245955
745047408
733937643
459733720
932819439
72591434
384825409
261356926
258825160
311743270
721363602
395493193
404579740
843234462
506122450
300755451
300486847
526955076
973966599
319640349
545176206
545760355
311316856
534968853
629343783
357956909
334546384
710594603
17174480
646279289
455335328
799607388
324248266
762734614
422592552
563821357
630345175
433599436
85103341
44360639
762064064
60897742
285287575
815837223
545935824
348975380
53894519
567356026
627272662
6089128
872520241
396450784
464182309
215638196
579960358
656075251
504109253
557529614
645553198
128549075
392974736
694379613
477739635
752946655
431808193
405428260
843773896
287900461
353248613
181238238
682477956
929031778
807389769
68082749
162769696
405456336
127504179
209991790
935809329
24025272
166154958
922030483
627023451
410588184
859588714
210765495
998429506
887160580
896897737
985514680
131245674
175505640
119304385
609224531
612420785
581764795
361326860
922643792
59587847
679433385
689062920
381682121
6122964
95223239
43344026
899891530
578896389
453393300
502355681
361981126
994529199
222976018
446706345
751546446
131763067
770666437
343960314
546766679
876577873
185179545
175020559
529679016
204549202
480202198
655462778
319611616
755043233
153774919
231261813
40186646
914316641
703090470
629819865
705139077
939008384
315305844
279305813
96284613
205303452
314974008
305557243
430502140
197060340
65213348
143865617
114919102
362646935
358260229
864925402
647669287
92092711
791208813
864903620
21717323
289824068
286208464
272857036
904986453
411018363
975594898
566157776
947005927
89012202
320265038
796907233
940794930
243895131
241530030
932063749
186150831
189768784
67705010
909557588
969931676
598805879
274790639
698175045
457353109
174686288
509169416
791391569
806912369
682598184
144345408
568362090
987152705
96868253
89147262
221998010
412821369
988074740
281917231
891135660
351155830
610686085
823399131
740947535
268570228
54613291
782857904
387932273
563863284
285800424
988621370
309787548
472189719
679781642
227520196
779673327
360473707
23154001
311616045
732064522
161264734
717029768
63706479
854917121
51335939
394891373
543206860
344218200
388687577
788834520
262909549
173768825
649097040
92250204
372306862
465995984
620971403
892007921
918173215
709643381
727179899
858664029
211535464
301573631
243840262
962702968
581065153
775602257
726973605
982309759
456818184
772262957
669646597
856179250
913336249
696608028
965982891
768720161
738477072
871798037
363070355
363715469
526393227
740832630
935563364
145667302
806443501
556747466
557962809
3446926
381420026
419814637
831657621
265941993
209435457
20015539
657604181
190110215
949559341
133775805
232410864
567511209
780691759
736523046
174616327
636614515
818649467
278352247
807439258
306713343
331902940
670338374
843743411
620344862
830649418
227487645
555930278
670450674
21818382
514979095
354757909
216617731
736848224
479239181
835641830
221451521
128170863
432101401
11039265
975719521
88774047
884560137
587775078
433703340
382062037
147237345
444049
49820265
700930772
641597490
639793358
373309622
85284524
919109173
983935559
84699772
266633527
530688425
147486806
766718704
936834105
615029997
815643509
703850738
663725886
857920572
727042722
194855193
287192356
229952164
344879714
731974797
343745140
207369142
188830121
718912356
473039215
464115098
60500939
352668422
590390388
643426376
334435579
673222083
811939840
925617718
62375086
562154979
574372662
950616255
394340029
328505265
749442551
616921440
83756882
856258234
916560031
77664226
175326647
786870265
106040036
310676476
375739283
223591110
954493433
995279124
710513565
932156817
166350756
912755296
926804510
77489171
853066925
877088247
348034746
768679282
585228277
646283789
177595217
585761103
909163353
562314516
28088770
4451224
245653672
459740749
739324241
263516368
750349270
269848689
781481195
912437204
81791357
957755389
827065980
845421498
990345747
602878826
637870101
153747646
265949776
223530666
932874882
277659576
261155327
360271178
442404816
406403457
841921665
945315861
200153551
786257505
39542138
277186389
715303143
329887664
621348655
130803528
428699210
590295918
293415206
589818698
913819597
353615032
40618000
827148313
309644153
613401296
556956729
966205737
885486550
354672846
170757406
567334229
116625575
665899754
655413975
680988319
780301917
477679372
616294758
683422138
324526582
857778829
920023679
729848334
876390116
877505579
830321390
820181167
11943000
820761951
272664435
457867248
234918476
176015862
192028767
73949863
365701476
694182123
741197255
167270073
696368272
987398806
106068705
317822035
926123584
449947713
670732091
620861540
311507958
204249252
189871570
691577352
87002588
411078703
690047121
49756941
931610842
210047271
566471468
269076368
345353364
638769967
809564318
770727020
931935110
8962252
699341222
897163305
395437334
612543744
196215632
183602096
157547263
798898278
450730315
34999911
993426549
604206879
890833118
875749418
428502800
165947279
813188310
729332949
264778476
194045050
274032951
936863662
510990594
353146487
606250860
904495350
730344356
795125701
267079143
868413425
961215289
795328173
490369848
976545321
897884597
461334043
577398828
706466034
847967176
392694173
454418070
324571386
860368335
150768439
692590915
324688521
298518522
614064388
125335384
396009784
141072322
717496514
345863484
652712204
431579335
644177656
629904099
516791184
428938349
233306404
490340442
436644701
179652834
158054754
154650144
833358123
919185753
407028115
746825815
792389373
340074882
531312865
43783656
268849250
736814260
542385395
156150580
81622550
979676765
904055664
838740463
430415259
667486250
31806584
729146748
406068984
414499511
762014648
581898217
828289757
195623365
951129068
860666424
454924178
48247508
611849329
521733015
984792055
555150291
868651442
989335897
420844860
981994763
187133877
894076403
853763113
869001299
77077585
608862830
523443976
701205083
998474471
884686841
483841159
771414908
73588270
292181810
69627043
541369898
497768423
483748139
21616817
879045289
524231257
801582104
636116778
383885429
37530623
322228701
742062577
72457236
780030934
758885724
976847709
539300474
835183307
367216656
249271789
850031009
436034109
568429763
908529469
79224610
61681811
97720492
611179796
635942326
929251703
59625500
600507634
387861743
717353483
892205951
230910438
807658720
769760848
113425405
237789558
55942418
667982435
235237709
832386497
797287793
145899796
751480955
400404120
119677860
850478029
252184192
435372855
870415053
914758566
228922301
206252902
263075020
263223968
985187430
324089322
896515271
189867762
348410316
429239283
449875936
973092486
599146413
592154734
477970546
43268023
37032933
569422938
822440477
298410998
957147256
926124898
639176077
753575435
599934103
260180683
673228363
218647416
474813821
105215033
803104690
88156883
761138535
340051262
752687323
798558441
632110271
540167369
139372041
988795613
712118424
552005386
996309019
624107183
367729150
896025305
341731415
626080109
688105902
60164856
478612073
25401722
683256445
236037585
417446766
230318278
113662126
178045585
990019735
15912723
110272996
547600723
185998078
463242169
902855829
168008155
79189779
448303047
583992608
395625456
633378940
541474514
456048165
170251891
80486728
484724807
542819139
130242935
948939179
907860110
492352237
829323191
974176938
779785327
876477511
589139159
208853147
506507586
145981253
286691393
511093293
791101286
127667218
342813366
487676559
862622786
593610718
678833224
703348482
102500357
597884414
452089730
866472562
758105281
869893237
216199323
542287638
966050051
361600560
259419148
264594942
799295682
456999357
34273464
295793764
945418962
388934081
38868282
127550379
491439381
406015168
58771413
756926223
790221943
426769423
828791938
938076681
986799606
273863380
267246909
72190549
576366013
644407335
570372870
812768658
221581334
174373665
995615698
531509483
851961150
650893034
535903396
171513037
555625147
473558093
457680301
671861147
102579152
969230987
705489936
788383249
557997946
934997623
24998645
887705111
532108271
358394121
704603347
58868533
565394977
355400260
904378338
899191777
971006780
280562342
275417106
774192209
241002629
870471280
606352376
736991401
460668833
782541946
956219412
257272661
837767808
873265853
827638969
985305447
980403368
204096434
921744879
529396611
231347572
828158784
733752345
563303849
867777061
541935898
384035233
113203122
727252913
231199505
165246162
517328020
332358234
145029587
646932067
925513065
194476570
8357921
742327632
891837681
995222197
301845423
296307701
497808012
245653001
228114664
602559506
681353997
226469157
591119401
849518558
134837311
326828954
487389637
117577586
885296975
725395111
952468784
162742818
421796798
581501983
972917641
11774427
875161155
153107777
832016919
658344572
814150202
482217548
537897248
29210489
130956019
725654889
833653288
743403090
639915670
507851739
339136937
219472301
881250461
233241150
214591235
501286643
267865988
604090178
708806765
728554544
941179133
82124690
217386099
192541205
783075127
856062796
161976428
539442820
876663979
143167189
650340394
368328642
667125880
12450287
946682737
87072318
273303523
834739220
958759025
841665409
50233379
63933786
336516975
862231471
16894367
541176624
395354351
808344816
226481517
85508201
433786996
928826646
434332331
788860980
28504314
92800283
352829505
827261476
445525907
513271932
658843107
438325321
827893285
598059343
400719564
706639067
373123187
625782375
357922275
871177262
530923273
661895187
740716693
436474825
264134655
457996355
712249128
917741835
139236471
578192449
623627663
662505914
4979233
546693740
77148880
111281888
83587060
206239391
97559056
410047894
406874530
668265549
848558602
836917542
511692773
588166146
513128013
615936143
149953222
387562709
233497583
997696739
133446636
868380760
36913393
155739749
358455047
296850216
732134561
276638109
431746364
580681665
738507908
90066452
418022020
483643222
142856349
268625027
521731472
480032785
2086156
946154158
63325334
286630207
559721289
160578198
616664763
394080723
685724539
735520039
322831639
693747518
489311537
578585063
222151318
45554052
697765455
468057676
315258540
705994476
340171726
251994302
114164162
296258734
57935489
245895786
903604031
517483237
848101200
41955087
57457242
156990728
977961153
570335769
587421762
54905117
891610164
905497337
76664082
256035637
158860683
283428231
732193001
62180446
223422270
57562569
549327177
777745111
958206937
317993957
646965852
263507912
511160515
934536456
761626923
908966514
442344917
438498949
340408029
28232279
397777687
575131009
694237418
367532
669213878
994531884
458460166
848055913
558954889
568327155
428026331
589040095
186816239
74638034
769665110
605214138
409710170
364322416
905285133
781676437
539548029
764298205
496750006
940397646
586760226
660383615
176036221
770858365
4897077
869776314
483795185
111955164
912105937
879761463
180472297
870397946
953429881
905070628
310458316
298964875
524093158
773571037
137731021
146310398
932114409
153855416
683221322
116737257
527320587
229496821
603319498
178128429
781477778
321126989
305247950
209994807
308549166
933213138
148970459
196776662
890311432
895200735
623113530
370148106
623331095
192988034
710101426
913314984
99313580
314715622
265574668
51844199
912540414
509685402
469825696
114170848
13954605
162183709
482786680
951623325
274294436
690282679
731118642
422163837
802364181
272935213
103288985
587007631
275580803
672568544
864469103
617432005
366254351
633504842
820290938
589157945
151937515
30693651
609374010
518377184
385474456
594596775
556007717
929462167
703748222
491376335
296749659
657826128
615711785
673295301
262086425
117944752
532602003
112620841
345760645
262950944
160648176
491517505
23292848
798248466
746895827
479190007
349422199
160120007
550150599
224640822
729085212
719569397
74739033
701203885
279296986
175755077
991101797
576443761
865832922
947173397
562889844
787240305
376573386
589269899
330963181
85259285
944914313
265723760
376577761
300943209
562295329
106818974
288231232
529716423
323220637
324891480
438235917
669814911
329778443
144923409
279790444
855524583
201628120
693304744
519281088
548450123
919487833
698077923
910800763
726454148
595973814
983300212
480372284
661043603
154980219
960449022
48836276
931609498
942911509
512086194
227018887
903239530
982449187
947472901
176400797
215689097
364370739
466607461
420638052
218028202
943657827
497059984
244801258
544549250
478150382
841119447
998444285
527903081
753190009
309174764
650756594
24351119
408793081
321730437
577809324
512660749
445082975
643517667
509474959
665726632
392809818
89491390
280345859
354786074
748034048
53907196
326461435
92903672
256342033
171748148
96034177
727676620
147648249
320534893
768173224
114682253
349074571
810413964
293095811
319385962
374217301
746545704
93565063
254129851
497126003
545886903
948345462
66755861
976892247
754613625
399462886
467887809
323764566
484402872
673525749
853725782
414038126
541557720
891122171
72652460
905981735
252891701
878845128
380005658
452235942
788660581
472707966
691444277
457727678
772574178
408654830
694166203
465298311
980885787
424210890
714360146
309615133
239901553
510685667
45151967
850026398
760842802
727066232
887603251
195918634
782310248
486579339
912890744
567733137
910963015
864088026
347262530
89331878
289930749
918826767
376921312
169215717
268854171
737215036
8116202
799656695
351907072
938004329
357790068
558955514
305941364
382534718
751791914
168313513
292252091
426431242
973317184
184928266
393005955
429349628
14896488
720118935
150085978
323599761
427020257
632088330
683440029
410446632
436109063
71207227
828428920
198746275
310117762
125238338
375758519
957835284
47380011
823774160
376990024
984839054
239008859
580963773
270591227
306124241
294739008
716324914
998544859
319011258
232126658
511280587
705512176
487236791
61185341
572625427
42592079
265004988
810532736
720411952
787691183
104103201
825844710
914130752
249811735
359144324
600472128
638780176
101130307
121125078
420748793
881199530
232730023
630175140
771448686
835712750
829280750
192972431
335685901
743758097
361928365
913033416
387955755
775155505
863375260
222389410
531419421
891114430
374254031
64316604
84349093
811867001
844515974
832949961
855991749
680581064
447783574
941041793
351799349
937241680
245830829
572151920
324721603
226196523
702860558
904697052
24214882
208811678
300806771
315139757
237890913
843424355
894054090
262766749
443439567
550143299
697419498
898969376
792173501
768794000
570846219
931608959
438361045
485213019
263315298
791382664
631476732
814897866
814141661
300035168
710643303
152644623
521995579
71985360
930306659
529000532
691326052
872621347
724716796
13997374
902876831
570988295
974662585
294124250
547042205
894886757
364322795
83571074
372666200
658004948
715970889
443639723
938676145
626022070
755248278
639973614
690651278
147467801
900756236
347251867
987833381
114246946
336962881
466198171
146932042
109309743
830288331
93848879
142823239
733048910
220798465
659992572
410688503
287180079
843893501
309317068
905327110
250534779
190505353
382376381
491664601
11248608
812943945
248612916
192366028
689268329
540053381
415562741
472771261
484247643
10012242
348389830
861713675
791607718
903129575
531470538
562789006
838204840
60381644
380914444
16991780
577437383
563411094
341138307
526515586
958532380
305589842
654065010
211569034
262601798
936134312
622569721
498440458
540521506
165875219
544649108
431206812
634963288
20218971
311279034
155953945
647721951
247617418
864071987
409139838
402622624
502106597
223583158
767115073
76614000
993630653
311840013
582224125
606172074
339506488
530522348
515048333
53680336
54727295
734282063
235354977
871533036
998762032
272238277
221698180
114236244
57140834
170303340
822182246
380000045
903852375
711193669
385770745
826213075
306824083
455641687
14340601
508498582
212724104
411723790
71223680
747730677
274835395
124961644
982481879
358777571
363845261
3297451
710153860
235359905
448071953
978747241
830017649
8636233
479573575
498957469
166436738
935016224
690497696
532416278
200161307
924536370
585256578
5862228
280066219
264224586
110550387
898107444
134828103
941162876
77946226
756495693
371716439
424639316
560191159
62435317
953561678
881673055
96602068
908760153
803225676
835741063
427546396
837195254
972558364
195447267
738375054
615451856
342769310
76943326
195635519
795677885
358357184
117816953
436721273
982379492
961751802
520148939
242201493
144667778
312357672
618580464
834455828
609609733
410217591
139868292
570386415
966623812
813342189
454705379
54906441
606987941
803301589
622327245
861239348
499489792
700212228
746852085
149108854
324928671
606337197
727478756
2554103
304336769
160365165
291420530
490255092
316253987
66841355
41091667
603607483
368406155
119579199
453531714
963825805
176577427
576117158
973520069
524590906
779573483
292639871
365102351
513802618
282070040
596343919
260532051
917173313
692645589
896213235
67085778
429128737
860379716
877117223
48563570
228607101
178994999
681611198
519595947
107956321
638951547
505404199
369871320
451417296
247314308
226419298
70678835
268764142
198016734
52334233
604858391
613576268
878609097
564934773
247319018
326750769
169765420
585037064
429922680
205536001
859284455
131303021
56983631
869794582
735559864
436580269
986228111
552250934
766836740
10914402
641966849
637785583
858484148
188604125
634260047
799168180
153797673
628131154
114327007
920038359
277792760
557318636
581296054
895852217
235268010
119732527
295637721
595840726
844211220
170396229
120270237
362925125
124003076
176541518
509386703
871552856
249036680
877737673
366760088
974014988
524720422
7507000
521072179
241334674
648747564
835393872
57953776
248005346
781840769
872010020
599473779
549609226
917702364
545272871
975732082
963450107
426658169
849266775
938074316
169621356
187758338
363588701
120911395
656165664
116303230
403679265
425112685
910836559
941929045
192730371
645923003
987743259
72476116
915740509
591128891
581551861
880897436
145698962
370718228
365714385
376867211
404251525
4612399
868985392
251232691
218082885
162684722
65160842
999782379
76942256
912038921
508951641
876936300
339673893
945430983
391582873
507783986
413815413
841464667
966714763
932386079
922622780
101280567
172772657
46037672
998188133
69118579
163639953
241701732
372537458
580964867
595715478
362056592
540757456
514805145
806350522
774608614
571729180
507125835
283039585
606381501
16196616
517736278
127751067
750935372
370048312
898693757
587071763
146911747
106390346
651857139
672192790
655198973
309802832
952564189
655354459
72738400
441435460
241406780
406651077
951694603
990124367
531162631
118557594
890805392
327374212
527088692
581054490
66592026
568513472
282235493
208770753
110882875
585265551
455459249
380725640
392052623
440582149
767715372
138831925
731202953
993947949
30807962
800914949
819418222
947913052
789396635
402731408
607399211
290741821
647419298
474073442
733397831
497578091
164608246
627660932
633154603
452440939
198363545
180359230
661621397
705671202
262282742
996546577
190642436
588284629
961246767
638282685
781807252
70488814
213499209
593661811
77953061
829981553
359228575
801960540
680221589
735212480
937582977
50437487
596736645
895329605
652188420
25323235
681646342
871222294
808048293
835716505
143251640
779035331
610807393
908855731
344335815
301060736
213719082
987519577
548999840
451238048
782129370
485878838
450508492
852676829
460920333
388081397
844004059
896024785
289603405
504594729
946044784
831312786
90332362
594578386
163821549
551092003
627748192
502204972
57033060
610445723
569490558
450156943
801977699
63343914
482547155
785379391
683615535
972385533
872177703
748137177
535374660
231626656
141748477
755896959
805457281
151354910
977239610
215125591
132794783
608166523
904246225
418330526
317625654
869068721
292560080
309348493
46844146
2118302
383053155
216338803
778029859
94315011
481735805
613417757
388525494
36094211
115049027
827157181
765082917
395732957
946047681
643955493
356427785
712172343
86455890
14821042
877695414
692190527
146146043
534661098
584092241
303468374
769354103
12487004
769318918
144983415
501945177
40704316
49876127
996282860
652545296
241433015
603229309
566067062
430447485
2892320
217873094
570882070
707886011
351494839
17055502
775621510
985298090
460334948
253933885
886063455
325060277
820569079
564457180
90063826
887481095
592350592
992404595
994219848
954756870
156993920
845638276
591358328
489076389
169720084
18574615
693741280
287612915
846325024
60952094
817834048
20771019
726871029
756504593
297708310
577115824
750748558
109983622
66480281
353329761
667932499
681548422
998653600
654186658
850694314
565937146
838746012
630025318
359503737
771504431
667597302
91246320
456066780
581904853
306236061
205517476
6801284
263706322
495220398
432633888
768082797
628911763
965085757
677472871
413539453
819128882
800326597
744247379
384093536
229181721
656665799
512642668
774908552
441047902
334215832
469555216
573443979
413864247
272984642
170600354
966993241
545232977
747425795
841800310
629816876
708448807
115377490
724117649
311974936
374594102
402953025
99409141
513951652
801531464
262449992
218744012
318710294
481820287
695739981
800279947
401377097
856409001
307150623
784105774
553507396
212610781
692305196
124309698
253386982
604201686
735021514
759651441
553421822
238921519
864896394
603399506
359848415
203085668
735612964
564077884
102881392
734133970
234055430
519368039
734221150
467881618
475211581
139365868
410057429
203339749
839995907
510132179
676773174
773669366
504458728
630510523
682841214
597684067
65976586
917824748
295641956
942985800
38202914
326287698
6882136
306928501
199774359
324177886
654211338
669604562
631556809
438418276
225772558
299570129
155593837
266629712
661785218
544612057
899929885
504331998
815555349
24843923
209863514
53420374
836395479
442980405
664258233
659629675
74095089
730616474
615895263
951399965
21177762
74663423
358093342
501311668
318126421
773624480
987790416
321116200
463311305
466144740
296521370
874954825
230191699
876146373
449249109
953694468
522779693
23636938
564784682
485122151
631149231
112308651
460033556
964287419
400675022
448500019
681670906
538104880
413000323
594261511
576726502
926777495
456306755
905515189
223264574
431919156
282568595
154787739
263166148
769369227
490004200
288095198
578296517
61110022
809574490
574528326
266414394
745773328
12672627
318956221
739393090
106016554
792655915
420295325
352122973
125151398
611363981
711446607
673654302
229280748
897049811
472945755
26895554
995511925
340375088
754328743
865527803
390059364
211239179
463474820
695261860
143844150
296415864
441173008
527252170
222091541
747021529
130588621
315624827
164510059
718718530
861512287
300249250
791589425
390228174
822656382
185541824
175457552
202305787
847852728
176050029
511413278
785959923
228498115
20026483
625916583
355254837
261396869
574374044
938516575
527631831
132786439
771459982
933264598
563337411
470453450
934514619
527717830
240385724
364032463
410714672
831661210
845965101
350565163
838290051
352273910
879278774
30740326
970492510
812262553
271476299
510785379
251579312
921876950
106638474
869408536
146561998
158159705
518954491
15767612
891469886
475078160
750458256
426775137
972869609
324967282
413045677
585508612
526603220
154641164
844816377
433730882
103676351
750957113
654219364
22646949
259178341
718152876
222700947
454124538
14214282
954805799
511141283
633295257
119089657
621865492
412473956
518108246
291652123
773925440
344528117
36386989
159381708
643728385
660453935
86382238
133339071
189547697
426445398
579769194
228582535
251290313
71223883
304029879
334309162
894995091
43036685
249827149
851442455
232124159
518681529
427657772
730560112
122685479
745858501
160758783
936123021
30862131
54338079
793951904
647288351
597315630
194602736
157202032
394239981
940496224
839629210
618946267
835094601
37725294
830190160
142611463
206363829
832293990
192228856
349663874
572156377
716472715
442318006
639643511
807338031
131737584
911937641
392593880
144513478
364291618
441830001
1124125
275781732
171490045
921897916
939780186
135596940
945884817
105714081
49140350
856754329
872628173
446255928
725565762
305785718
118216326
901922280
551791873
38368060
374824667
539410894
892973972
73922831
825277589
805073122
51857672
13721305
368377963
310916562
537516226
631082045
872175085
363299252
47999143
936707394
184266446
88714935
29181046
891381948
103364884
840859504
652610114
16841410
593900391
159021714
481410242
756266590
380635269
781570306
375625823
442870722
409625187
625055282
690796172
656066633
17051344
727790965
618334458
268052902
623212144
480289579
302830452
399346379
693255858
345333158
638069834
157786948
481806876
759487251
713108270
199867132
12129328
241429275
121193026
858475077
821264275
81353544
28521434
164734066
386515298
984667859
650746077
157178109
797166374
32662823
900216112
974430888
782193259
798922090
552454963
112910636
415182109
205537464
956198670
955186941
594591365
669511821
853701493
961234926
64247228
629921662
686804389
112745848
845047524
839526511
355319719
808581194
199686206
214940671
87905721
931443063
461639639
286797267
467648275
597061381
109634505
847460643
282064667
249384437
477959129
485097962
260235236
460318639
945639495
44640574
816443385
266882141
336812168
774573740
762428605
657189925
851378699
387989017
234716506
580515259
113092782
523487937
192082341
681470769
724065215
170754001
296865546
778357463
275972032
751333620
377885676
374700869
693846234
618875712
5031084
241611686
47763946
420618396
577575403
613525483
304106028
881894431
322377848
934320379
523642025
841365793
310461287
921708890
371146538
40156301
759432316
439698640
391738090
120657459
521769308
515041434
663895260
468678629
693787047
414066808
392617898
801681474
945711699
778680767
863373058
804483544
820206390
683049129
790779070
560976546
893280092
446522470
521542249
416267421
952180700
239635495
971605098
281269674
305351868
824320478
958733849
782759501
291192934
18654931
799733489
637886309
170003625
693218405
726211780
827749792
283219254
206428170
900546051
233609970
905436898
327645884
194909108
716836807
274697222
317023539
326083835
378629271
180720491
55203698
674511678
743976834
384934809
183142618
809066227
400896361
226589476
908216496
267123585
876814715
298076938
92717495
889816587
112159489
178800302
353597740
170884867
610547737
38479353
84416419
255083791
948499000
734111309
881234645
501835135
553527507
874200263
365828472
42283292
148766180
199054781
28173847
527621914
991944282
659070311
665460345
371744412
61369757
275261227
670203500
602896920
330919459
997569438
886516169
524140081
131963852
66151389
275880352
94967504
935187161
838462812
982749516
89172599
421997981
972149618
129751063
398002131
197698031
120724432
373719307
262973919
527965580
436592882
873443015
580892518
664889331
121045048
268064255
719793131
716592823
671071890
213695953
952990701
15386569
67862081
975495629
328059269
648649345
195963371
467939033
989162057
77245801
724256429
244046201
274524761
694173044
600482774
514189889
499242758
923424578
768834671
90782837
581960607
835941443
854512178
589494927
825403528
773185598
126068512
671676035
992832606
646181216
457540522
544695931
674181070
803538480
600385028
614277771
477540475
466575469
874102292
55001300
842307585
970175366
107993547
471618109
279923813
401226571
570596598
428908638
595571903
862068910
402464216
782157256
287754822
955019466
315961365
607589036
232366026
231124193
269702398
797088912
455965536
482692874
271950139
780566312
589857133
969626143
199622994
753604071
939949374
376092681
721806313
200224146
558661749
412397253
215921171
512549987
569254048
435449626
184445474
176176311
69379966
394306449
576771471
629663372
785462314
321275710
63011163
346767852
456168334
828845711
671598270
41510331
917009708
811043276
111082202
707658195
161606844
576867713
665878680
900880474
165498309
957351514
650821474
216458963
827526094
629244104
912048674
587191035
899083161
412577290
186627070
405989458
195673068
782423106
846080157
543410746
183579453
152020541
485199611
882337863
349124426
60901570
817795821
174916113
857953441
273076422
391187180
521768353
822812907
950530380
338628265
354863126
738627255
498654936
593573959
529094362
631963192
80835833
58974159
715075173
257369019
360857772
265379051
896254408
682479887
309741075
916984482
643584385
565541786
516333978
971465269
124707803
943348113
772494505
963624565
98369622
686322597
894388731
337750605
349831058
966075442
610695801
204783854
659329031
403876024
165173063
329214619
802967670
278208310
166368178
768325934
827733510
310550857
519666870
51718992
492479318
775650720
214634298
792411718
843051815
392708112
449882843
949017214
388688074
248132762
782570270
786870303
978718662
368664409
381404260
101617060
570431549
270133855
754145479
805098244
402400507
132433942
965145082
554356127
513944008
576370009
871457682
294876077
547718613
288993713
434573590
963767310
77672078
529597102
709210658
78540318
326230514
507266050
307995543
486396714
668063074
468747559
408255557
140528210
205436526
426184566
221926128
378588671
570381322
870075093
525331234
648526040
788612985
202443782
15225472
630741985
240778919
242906564
644281029
212498365
750600591
792486929
400948144
630466688
944533466
739403126
52004345
666174238
101989928
961334320
298789165
130690133
97067506
869521153
51028241
36358646
296451239
960037579
273159346
756063506
859387585
947301060
529019645
250413897
428442513
884452402
159464211
386889875
866528470
890926574
141611952
12688204
426900453
643935818
173819260
871461996
847134769
95073923
953579603
289145271
373412576
949665422
116553282
770093474
50121914
642570730
794967105
999470454
549418077
390237752
541854368
125274594
48307346
510480961
446089793
814965477
784787528
577900708
302054982
816636214
765810895
888173830
286125655
245223417
187471791
374489156
917105686
578361967
736054411
373257289
321400234
357505822
830469655
411077974
511167598
808773735
921662677
236216403
740674983
321505390
729039609
889445018
973992620
86877233
97724830
239030805
627687028
817991463
305081218
134175412
663581392
446731494
145532103
289056141
849686763
487063734
223051514
926178726
510869007
951014315
649870569
833985307
521045648
683190156
637281120
49112842
900640162
13067976
580784347
281298421
575222723
548401863
656562805
244487866
373764750
843250370
637908092
432191921
788580757
621317128
461270181
968400903
886701040
219693683
242443931
758032491
460984935
116689274
622636323
3213574
757956466
351423016
352524222
291926634
133669836
719402429
604515804
319450235
432650311
115696656
476545814
95275506
202049415
818222919
97700920
255733524
511913194
605399371
395786949
754803525
194014142
151092815
599078554
949545024
440277111
934263798
432258535
633142973
832029125
294902675
625944154
567853305
766614600
926224930
706781639
528194700
764412539
524277682
528474309
145482603
510837425
176950443
390658633
456752808
335231875
384252197
717838194
807273311
5925403
135143399
306318045
643048618
437908646
512414469
772294817
438123534
455178489
362281272
907276192
303003978
954499927
639654478
714728165
386934132
453604866
991355434
528985150
982887154
910888087
4322066
799836587
696001061
122528365
21191407
7605613
230211141
290839696
952298192
615401998
45202317
949264262
66303196
353081222
257800553
627599115
833381479
545711438
627032641
598584058
435297357
577635733
674463400
651557115
138317273
379353377
150579132
951984072
805193432
229027230
724211786
912648763
66027041
609450165
360656211
901452573
140400037
394636097
420367275
596753354
677295068
581003264
553670354
773315190
726885253
811234065
809655674
654819273
321290258
148681478
61599155
696738242
455563238
986442256
159163458
616196214
931712808
933712565
146568319
324536211
154118440
876699462
290005960
285162916
659342020
695562199
656096416
917245658
162406002
701404352
754816328
323338707
393874346
615178237
785925077
676826979
311615894
823449925
975741043
52428310
392031985
430106504
669748505
639793515
719009801
135668424
888427062
40621406
776104383
234733931
898701939
617273550
39001929
609722893
221282753
782289316
795144113
405360848
105301564
694974629
701323918
287939009
930481337
489354399
46391342
689627338
909245248
591693477
39556773
237135732
632505595
591416789
151910897
694058942
327432030
877551231
837587724
385662521
357570067
226808082
353891883
112096649
724703187
34377202
851307152
505064592
879284802
818936365
9150424
613147936
226989777
868946946
448096199
153392642
121988568
348305618
436710212
999905403
848270743
535718625
389661893
196666455
180300776
532970561
39761594
176767716
469142037
244705653
86326268
52315115
324347436
889553416
546516199
830122307
656377876
506732072
599091331
889247165
130108616
361868147
813766968
422806662
86200039
90181544
825945471
626516196
745473011
580737408
841484166
900035190
415523497
541085207
542963138
464590198
389665601
422497239
