284082857
103253790
109878288
713474249
277122835
228787441
319636707
432929726
507407217
63490683
708441746
335014890
379641800
56922280
10263942
139331086
2884396
193944099
357822246
194521844
265876350
404596572
659694678
464507426
92171913
168049880
73924170
180782229
52911942
382725887
282054671
45463337
606455083
980473542
428294437
524621881
303396004
22223734
558889836
541994742
1082365
328678387
162137789
204726907
379458655
301843142
876358545
921030445
244327413
712948271
476374839
94377598
240668876
69089929
248181933
455683288
486827980
115541456
471288621
240969738
391274597
4382604
209125222
4970646
136070381
137332865
647483011
122965511
348384681
526939251
40273509
49450524
65217969
314592145
142118574
604796650
44472437
904698117
394638731
11149372
543450605
281635445
70577736
77738391
45556923
178514998
225186789
88959636
765995575
170255373
472039900
455404593
882578863
30224111
987145533
166290679
90872369
61780422
180066191
256395442
380692357
574184592
575616142
164676403
73313698
538505385
299285883
33794230
662135072
166395289
4459941
184413848
476899730
282897921
251115161
122470345
188827347
345553328
539446034
162090903
148738862
806796599
13553033
594205478
182693679
345225680
137168421
531766251
94235965
1680606
875584543
77878270
8287052
82380889
460102406
282645499
666097912
385054152
284304585
957372906
380470226
635359623
366993210
14713917
604651940
78606432
213657854
877687833
68510451
263109397
96822064
687552978
452272391
399186905
33052847
121972232
325733844
503320864
104505981
371593124
53868700
4354133
207855802
544997872
99970927
360710298
35572322
178973316
41150057
33337010
186141713
168725319
916486391
63626500
491018470
762447215
58486286
332006605
1393895
205680738
610269852
356971470
276825278
226025055
287938318
9388953
505164547
679927607
330644185
150756866
771918677
11691775
67420114
186521365
50518072
56432910
513725987
141606161
104175300
251569658
59395831
278102748
267198714
480326037
127637554
344161877
64048503
68348656
400427159
171680631
716589054
496458215
347888547
163046710
216060618
161496404
291219506
798930723
76877377
105336771
22105843
230487785
616830140
81719403
478497
259553650
873924086
325068177
23180582
28617419
14579105
635299105
305798543
54661107
261163794
177980626
277251390
498994570
292505025
361373016
90696924
119529632
669510641
389124818
22148176
397511914
440243230
448106603
165770734
467018324
379834075
78149076
14725062
444030242
9002938
308150078
391273868
279980232
352975174
229942132
33885867
241266939
418890606
6714099
6558405
182152442
909167981
790566448
79421269
13569976
563316524
115554788
716917480
25556831
458069098
882832203
276656794
5174353
32551487
461241762
444048862
17818763
28092446
81844654
131731536
628633814
57077417
933334572
17057493
703938406
207040690
668077959
327681289
809079956
135425548
28505183
576670441
430398111
249553080
208158729
141283261
572821804
224918679
172175599
156996217
366599999
268711107
120963194
67344017
326813102
80593531
102739611
26858272
40993084
331840943
220790398
349592614
378393785
62847594
180267507
676442606
223638877
39418103
32663863
492617333
304343971
727793188
47921282
143302234
309408223
430545622
552852803
12306659
180006544
336622433
959244401
2174721
269475600
34722257
456959261
60371706
85780108
351604247
888503198
250076055
323573551
75696780
192376271
168437553
993710204
69207984
445100964
621687532
158671384
4052468
310541396
84632695
936449698
174829702
782769892
826196518
77897948
948107329
97840917
311534197
15732958
754658943
779902662
53381350
616330009
58728376
336745802
852865606
577308781
39319620
15600
54909061
561111791
508583376
249379326
331481004
625499347
397353318
72635736
494329806
847089989
138203344
325533377
136513114
36143995
114602290
183129625
117754675
320959163
281347626
87564734
760322238
3109308
114856222
428953889
16255076
77769743
229694246
797643135
440987198
274860777
468159722
194889207
996068006
106507074
89018096
151628527
187422462
548445866
341320371
36153905
500334990
85920919
186660294
589135451
858996438
436418950
548248210
33740378
415737020
249633609
765881644
195211462
738020553
168852890
26317384
148424343
768633447
325122869
217090612
5468212
521562956
15927273
298038382
2284325
179274026
538500563
278241674
210577609
380406231
550719759
135910721
225971049
299300298
383313056
506023136
92275162
49289842
525891292
215801223
268175940
203839272
415419046
31587773
175284361
85510539
385341889
377268906
95790567
13487211
30875134
406889816
429542173
384055041
172503287
208886656
187108883
506739474
172943747
506132260
56516285
507315081
768025550
525161881
455071965
856179967
600401012
223874038
171998877
146041869
61485897
350316491
287370233
887617765
363331969
156293211
6856633
127347646
328257027
239199842
758074807
44750935
88061309
319304801
352190047
67121789
213389470
372465414
139767849
779518620
694784824
331103553
420297510
288932801
36508615
113138659
152663351
316860313
629639019
37944770
373531122
379472479
457429857
292653539
635582661
311028339
58689608
211419194
752586925
548985360
265648258
551477514
605779329
50742078
555967023
232596349
527968079
6967839
573687049
136061389
789439520
467123007
142601317
30060473
788358791
181776913
26518679
832607091
888952031
230429877
325023358
177640379
55729704
255714104
155651729
827354344
557576464
38327685
213489048
38416441
452345726
508921196
358562641
239712878
140698817
10066081
104749158
947613987
556986354
545549328
427737610
919507175
545467820
22705581
163392397
49224758
594252066
306765350
502637625
37492719
286636008
11043853
200976107
527298653
56581094
210519300
31626662
705416222
975244768
693698232
322470105
45746310
734227424
19550594
230289944
237365727
667655212
265637602
229244209
30980324
98207084
13282938
640892347
314886748
32457189
426913761
39483300
461721991
500651584
348586038
264082433
347112153
126386890
224664653
204697400
65433698
123592115
242659463
507850749
114574137
535448817
32066899
11319001
540347144
368531116
365168360
945854676
157377861
316061530
797757859
44058579
232989814
178760631
123759068
711294539
10496920
168454546
360060405
774363350
250901926
45494244
169742598
162933357
95754266
560145455
50644418
99287356
629612972
313560201
334476840
422135721
727577294
82984254
101902516
881905693
908397202
185793589
217851448
170292780
834378089
871008258
308765967
501468743
165558291
24408569
9030448
246154773
298267685
20660702
49710088
818355167
919184211
923494427
57100062
555959503
232448566
82969564
784571946
131218473
72858172
110111542
454670444
164270417
2478148
605420278
772805072
196459095
317536274
311528333
465087689
197843601
197327196
63654797
65714375
675359050
2878335
10158477
103458643
15842870
51730859
126830308
630922927
174774880
328105021
313241822
5776617
212528629
135410901
2808905
414713903
222053981
43833372
272131176
510138723
165417707
346959707
613812103
119956128
94294221
761133138
161983377
579323705
506019957
864175957
58156125
8871411
40176342
13835714
505413261
659448689
466362490
532967222
219985798
19970855
214032369
225207372
90004998
46771843
685629253
351985900
584224832
172250313
256694692
11538999
663498823
443397547
96039916
784375319
132758211
101845868
585590821
206295581
24143854
129149122
16471959
131126780
307006997
393952720
417143151
25124618
1247809
231462549
763453561
209130188
946844242
145855168
267643966
226322052
469665982
717368781
12520785
132297540
336635804
435885254
133027991
49084503
129890222
392057448
536902598
51445601
793698547
512189553
747092543
350476486
108928759
37496664
479288111
280590327
15305317
5166424
276410
465205296
231288009
214675011
13065602
72491255
1080196
181594898
663862394
413009259
28656716
453883514
342098709
207467883
91370031
50261787
37874877
686075884
183683701
162577790
222567992
85331
754673051
51898758
15967223
296672872
80383806
340169494
448377163
964049755
2804792
137306616
539817044
36294090
43236551
298138024
392617859
350806926
445252508
205165815
542832281
221025754
582642990
154429030
8804951
848132697
98637001
132229544
352036157
278518613
780364797
450898600
65610379
38185975
274806978
610556524
33000822
34471224
112394854
214861770
225537
190333487
647109009
81687039
990515167
801484308
721661163
74947888
427134946
804616022
282074580
943994752
882916026
314745001
859417449
2018108
388764694
371638267
105363392
362831095
135326917
191892533
905414377
33416434
929989284
659498131
86009601
148480284
421115017
300379049
453369673
11138061
239477648
44024166
996165138
148145027
494933862
305061991
44990758
859708691
376694311
313943963
817876105
621645903
280128248
147426926
150598584
477954142
283810572
840331039
512697591
180476761
220491786
36147308
634855307
532951526
280648725
22480263
835062831
18090529
515736774
828577805
994435643
294120828
198096504
312772068
851643714
204650661
390635847
96428814
171207434
498133332
299914492
21506745
214690806
464780408
777475520
1341733
508702162
190632042
15364696
327808078
49735873
970259944
52815360
29511364
416949463
937730197
417491804
51448848
93807461
179334421
354918098
271926171
353142839
524593095
847813399
121021690
146455459
121629298
331659232
43385468
686829
437212094
306788043
152942425
25203442
184292651
130597169
79453011
630955334
121823155
17680495
100182171
367724966
151464939
647871707
256463652
36319595
975571220
559789917
172378993
324179644
636403145
637917748
656973339
525496638
121623040
135528392
112482528
361099080
3040857
81507668
87269489
583944736
72691249
71286604
769693090
260779899
100160645
38606405
65036515
173332272
288476877
273966561
134276026
235370183
542434705
239843792
203009713
438324320
314762127
233694922
259506575
55916744
402747350
265078783
322135556
320448344
735457739
94039890
923790355
326950564
372066883
426842920
59926709
942312254
426765754
137656464
814901260
98297069
796506929
363016417
418453939
120130191
108288818
98570482
510984899
615304954
378181027
338165726
56793098
42710713
383132613
545893797
207831488
922299951
249645441
40441629
619589280
560081550
287024272
57395493
432307400
138694826
725424530
294175742
288172014
229562418
946470704
125924401
853929310
499218296
97352207
562336709
219058135
278213025
390738246
561125540
519126271
35421517
21320778
134825264
306377907
747300998
51972079
354474582
193273559
956924412
94450712
8580965
172767695
154164804
85310426
164131196
374750202
976574533
406845846
412623622
279964733
235804870
213729216
435047094
214869558
212716
761274902
168487016
42013108
41912788
79511046
144848905
476163917
844264797
56522345
264893832
250683859
75126218
300224360
574024177
1780645
106071821
387679659
81482810
9680146
265340250
59306922
631450
363552501
872510332
453581750
46070659
901628604
164487978
865285001
873592709
128112968
10541765
428435272
361877226
298790371
367139718
592715812
224000938
239426871
144803819
912475894
122526402
67658247
528849384
405674566
18947105
229719516
600727946
372476484
502489962
14134989
218068267
919475
229502378
429550841
63593323
619723442
2236327
253628658
485365400
125225403
558530547
301839551
103336416
685003376
267424652
701046762
928309138
424341625
396358892
888544966
72282561
166255369
195998924
13003665
787723542
789035789
226062629
690381245
715274480
759804662
497262433
40652645
96474327
693819982
391396183
186895011
228709015
106694426
104031027
184796388
270602261
164792492
8339793
562132232
698961952
804044263
64278160
53372302
751264727
256051372
4028729
748993708
798358564
647562160
384266052
666210415
641582761
548194300
311124191
298836189
255503320
174780381
525953814
245715215
11384850
397419557
812191068
9175777
745977278
238156346
379216932
775697752
616846738
284654839
70912654
18723359
264319667
266309460
494908698
187763316
1152032
235757330
344644701
115447800
58397238
109004493
732552185
40931942
150665221
19303423
225594794
62847555
49334345
9877733
46344584
407549515
860886883
209637614
445225043
3639200
912753460
143873091
476697718
974942963
659745811
236605221
9136156
564240261
107637043
273692244
310584240
756477568
427314914
829884761
482376552
483093975
87810659
38837450
56632767
132801251
654348057
620480477
245667384
668038638
132720462
630460973
1865036
186745011
604032658
960167959
643052466
568881881
645157726
398955091
175552469
164828182
694937986
53487885
904555115
790200352
48174477
150989191
170616718
61842940
117544266
55558536
88226916
26169632
342378148
508661304
148407000
81088528
100492185
367706324
10664882
366139675
169185114
153338316
458770889
330013333
26414028
55344066
37840786
647081876
76413038
50159473
372753468
503862856
358932741
756235142
410871028
120266543
233577357
104627916
535808970
351085490
39024241
146806312
135402032
494053212
342141283
32182714
153226262
745322924
407667085
258017624
384467865
136626632
701606256
55375514
119666523
27666426
49967356
766983680
117122252
488209000
121488586
234111618
100806624
191051317
69556483
148083810
349906789
409174431
519522481
10146943
56671827
52593261
37848480
408189513
264046465
48302259
30242295
598624291
158087146
273681928
85380900
154802122
215177737
298720514
388123548
869248684
142620791
189471159
275479788
367054977
99020819
655416692
418441463
212403581
652065096
158422974
50170500
740341946
113215359
43414227
639427238
155237181
266035088
740101579
203778096
395299257
157962647
21253552
707299207
479253994
314910144
851701012
229969855
701617643
32310740
105814486
121839866
15823210
248282752
255726093
460207164
765901282
428634878
2816272
57364375
429860314
563951710
138073963
131706892
37583504
228043880
501669156
940455532
481274039
24121652
372373974
105366444
469592015
971983884
583532816
508619302
726407817
22176089
195297287
528616936
173031260
80472702
471362995
593666712
797443944
527701593
685514266
458343645
252716999
32479004
810857825
6858519
64588106
307060968
412881740
89973070
729421155
186509366
558196951
542050885
677169491
117481515
36891814
96236883
753704279
229923599
580266368
362334097
385846335
259806029
343406308
465711652
431607351
573160018
104884927
360675771
597363171
31605777
420058152
114529489
541536147
544291794
92151929
35148417
883505363
91297208
942217549
318814428
146057277
113443975
709658137
326402512
2021602
260941271
692344658
170610361
48769065
583324573
71903694
193303852
542749890
439671195
242791301
979117241
408845265
538723457
46156976
627011600
106380946
148848222
146240684
194960348
472495982
223436938
571834031
545405815
138354185
153656394
95274316
477499096
196987847
271947354
75915398
819145596
496624721
155265147
147617451
279254339
409632181
260372539
869530609
149644097
182659159
484816922
395667815
185359351
331752759
206815541
319934269
146395494
673325386
99813620
470670002
354919118
560065587
586174784
481544191
885184311
60396567
392335481
910685658
754862004
835005875
535173153
221377939
122630909
230225137
176265910
199079670
746455260
404337857
398353174
432550131
487404769
605609034
812162413
282315144
137295073
27288388
417924036
417176231
187454878
771998584
51444973
4104206
114945239
44170931
897454867
84899254
203840430
32001695
762248873
480202556
54882397
191479224
89884304
170050074
110524652
394926149
35308209
42768775
70091354
216684597
12446895
21623492
440761106
32581486
231219658
21203149
978222834
509262040
447349535
510950091
317148727
112011388
256411682
611146049
4009629
337676032
423551295
385596200
754585948
163927591
143812097
151611683
82065037
540292680
78775593
79627918
32672308
859630595
81559308
244393975
480560416
56318612
264859326
98510530
38996556
7383519
356663070
96502381
870285530
264121512
526677474
322462258
251828650
52438899
15176175
138822379
229235686
831677643
419045634
676754709
736329108
541756383
404300750
292270648
436672354
651501272
384733300
541572835
148020090
700322361
28396278
384393614
303321210
426992915
898983353
352217256
155043779
314828830
53146514
726386795
81419016
281294793
170538861
106854316
73951411
705221437
172067229
191678993
368949894
173329624
301686433
76682349
4425635
42779641
316922445
518375330
254459667
62548932
50928637
103592350
214551121
267716294
124001318
165450710
933449424
57743184
523975806
880652458
635873717
81132854
558149315
407101433
215566527
688531864
651125110
59437861
595200410
139852307
29463554
686098902
98802741
265337649
87561662
377908508
128610300
348376076
673444889
155202206
718562788
534110358
362103806
804646904
87056159
141115869
917252546
788419356
662542344
178734552
171618253
9223645
995356504
773533322
156443155
125030638
13937260
439680325
817063553
502584983
23666743
758347640
237705601
515018764
447865676
492620696
281584331
26899763
280608591
193194721
775160179
315899447
857200284
203233950
82220325
230381768
542562112
38033946
600728667
83606292
131831550
603689229
622440237
199502159
39636199
560418056
685923434
649660438
53193797
702810142
249907571
554737784
124409322
546185016
24250210
479913642
63101711
286989013
95408269
186065363
529913665
558248361
23748401
102691672
206683618
285411385
550904396
379046662
328750942
134280538
298759319
531141141
325490218
57015186
308332098
162112247
348985827
283286816
81011414
51481906
352811730
176102718
135740607
60273083
907561992
452749243
102542782
241641880
977276114
936518539
3052951
585103859
93973182
110813641
16976274
602695032
155960664
496538886
340400343
971816925
286122172
71461391
326366273
119972666
263463316
461387199
204583715
762803703
24946313
591744348
233251147
103861948
615176376
87619518
617615676
335778457
316158080
399043415
84976411
72659931
742844657
152536697
635366488
116974266
196976008
113925049
731166523
989539820
405028380
101721377
323951373
845370228
330781237
320288047
554537462
13193911
526613555
21360295
222842105
300485740
178478089
198433868
359683004
513204374
513648475
56705486
3007720
484540050
35478963
866159053
893286548
49447988
477408632
392665414
81853971
167978787
703430487
991918389
146737535
431594927
470218537
173264466
175680247
215573441
130765867
384787740
393604819
577213642
432020076
404760664
836876972
11607167
73776614
271293599
328751023
284445207
487670868
130474866
139275194
41895325
597937275
792792768
279896322
4489797
964722583
780567231
470298985
308027656
6438270
56525453
327228231
300146220
265501946
191306090
297769495
750491795
263081697
301021738
23794770
450948379
7672664
754280238
177238367
509772396
91777841
351852218
63203870
143190405
345985410
177192593
3507760
720835348
326982531
144564332
73425942
530024483
103624358
905681330
42938375
253746594
687149339
224319616
250484384
899398174
87015828
14360646
104248208
336655854
511826744
810265243
402382301
610959408
389403087
415609214
796372295
780893235
163290183
259811408
340469236
831651252
265708775
335441107
63310833
226510730
297448745
146574130
172854878
105767342
434076673
218131429
47647081
981459612
677213445
783497976
785203567
822331145
162288727
25959988
42577583
203857167
772805959
85797648
667613937
420165870
299953854
112808271
621722500
304348492
24263757
853378531
982544132
16150787
251318597
369442124
196937744
19537194
231785181
937124262
27819006
41022057
128760799
791285024
417357223
604152615
208873669
278112666
136301815
78641453
276601642
612822167
242616798
746512962
722392555
70199208
94762830
470246260
76053834
379595260
454277929
21290500
73064264
199672892
36537733
547277645
62425001
431895673
352523433
334091617
109066905
197657412
155742962
34425222
164308567
152211281
78598531
199608485
740982857
105466699
238767474
118176404
19411804
567594515
42562276
977306771
96720982
464481119
35462626
215231305
240295729
113741900
127065593
179646095
11905165
168864369
191519287
497120923
374242631
573311727
24126169
397161533
105892635
73525247
857440667
143741228
201573968
633846111
44007274
917370692
4389919
681986341
522821123
49116924
706115524
992036752
5222185
175955145
104132583
727723545
411622600
38502519
267192738
461949339
309199574
8995519
752925296
71631557
818122511
679143555
977106034
429440656
321218799
447871079
675599279
303892159
14495077
690652583
67227598
9683979
26852074
785350884
368930241
887487095
326642058
983553143
512839246
35700013
394323010
114869515
116146958
8273017
933040974
921351432
603921659
407717235
21221642
80347787
542501313
267023576
382430592
105287576
851628907
25584866
16157022
160646021
66033009
683696079
214771199
85548869
58702618
76510519
127052036
346815891
365221271
175544285
72760162
115416350
178373562
55868308
608708899
443820536
780928671
225230400
534661063
209723069
794959353
203647738
504604020
43191570
104997022
252464145
74872975
229784940
101310553
371013526
330632137
244923631
554163871
156727006
443829363
325502460
558585407
15254780
916006103
96942210
646047507
33346993
270936649
64026795
18712732
386639658
391279283
13038889
710836459
233877732
364783585
38686319
229125167
306236897
57954557
99802959
281658376
80588423
968019645
769168842
842638898
193559924
577615971
602205349
793942498
26809379
142012753
742328725
247582037
85311400
696991296
124231702
177833088
166823634
18745594
78286511
945149025
346668783
34076227
247220328
518219614
64748021
212653071
344730759
99792538
91998357
38253060
140684336
689879382
17101255
201175067
15077347
249210764
161793651
153474701
11503680
544841458
196876018
478157054
879638761
992797943
748518731
11791326
42752332
515354747
30243407
350800554
988572338
466926081
698556672
637822702
534781798
899911097
387730107
639224568
50754451
506838253
17086056
99333261
235689096
252401099
834568435
436218036
248474084
5842071
487904651
188176452
288717534
37776224
986140369
237643748
305336200
121686617
995046572
38060736
162111135
181920897
174352714
45215815
192141593
219870528
256558425
294756110
202133421
205383218
211068094
596375808
15115758
391381513
106070703
174797611
14449386
755019268
295239968
637703390
302252934
171353189
132525102
90272015
373335954
220618509
236795219
424221310
379004853
22196571
414975810
180877598
419379994
185997211
314124492
944275163
232209070
30239962
532755920
51974249
414643585
401359529
264419698
79220500
23293053
782682885
2767455
304588833
52051305
655016482
4257376
364137966
208989606
703172613
40119849
237379276
1674055
298683007
560493172
582553642
502601234
1539806
218332528
24306895
462517441
188925811
136835664
253056229
424946025
668264209
190786683
295936063
562046998
316459128
268456715
738016416
953674454
164207906
348268088
428673095
225294347
67338276
118524212
278156155
10574869
867060767
40620039
492565078
982146840
102403488
44366014
339918430
33351929
59204150
296224377
326851431
426097454
172726498
40693235
210581612
446635073
691851366
106516010
446028759
67025254
17062966
882828467
32809818
864692166
613258325
784366866
247256041
509839563
203312977
7163587
233100136
246476877
12374446
64640364
268424460
186636882
743779937
497176717
8715736
464631349
652495
238061473
141972541
418701633
346521472
335916951
507955774
28900096
246943897
91445993
179638740
613658080
532107105
133525998
907021781
387721973
722180222
136074955
518621918
137975812
933648196
597812801
151666133
970034542
397777442
352562798
998195880
333418535
13043257
525084501
725280870
42296561
172653708
39421740
339235361
686946046
939376500
139218357
39150696
586200384
261797415
286286432
246867848
194745160
66303619
160976884
432094637
670547230
105425971
583630925
138009667
116984653
394460501
586424620
857830327
106680936
427151115
105144247
307957557
379520580
239540
166672125
250538967
421469
953199064
102145722
315996013
37657521
661982554
446140839
48752287
82768114
35317669
452741107
47793934
250167359
34073374
125787162
370945288
205914992
415524018
527573422
637149035
289413474
17064482
102417377
312615264
223327047
751691776
910666753
690777787
447011291
523705763
54651446
86205357
47199043
872648973
510894796
551828107
985663343
494236167
42842361
372780474
240540340
99979044
118760473
75248118
167263606
158779958
551093378
724153703
896118642
4169930
100255500
43315542
324739714
365083943
1127437
86198104
664256378
59886287
37796689
815379700
239348637
51751968
101667453
113587325
144709729
755216420
219196615
211704645
225763257
125129830
411117581
536345616
199722946
175061715
168915618
37691656
489062872
466134490
40360609
23110870
282670487
54372843
132962296
186084371
87390103
314786370
691146746
590617480
399768833
160840517
175636245
192919989
620191990
301595106
113485556
163720717
263224468
431208118
742754977
400595102
360381136
685749393
546476426
322217101
317114159
38523394
815557260
841395192
506922994
10891247
929367638
939982249
121177734
390717560
160331583
199216452
481341747
896006304
72085349
67703271
118573898
93511791
195480279
163065049
29386162
84065627
35382383
463446970
187858699
215217837
83461449
10995993
474297178
288269025
38143961
666110371
1581936
111011864
133714403
38608496
569095598
528107961
604201203
343865692
33184655
8634018
389337850
78344184
342344290
237525666
31053829
333595949
623966611
417797110
571905904
418117893
142355253
135345668
281772293
45637410
1427019
246523388
395273199
80849832
530981752
135968357
104533077
998620488
656844784
854944295
194059188
384314
60583771
536253386
380134024
644404175
458252507
193684494
527241075
61923896
217443407
700536918
169963792
17168044
247034530
204427415
669865891
342859143
454478233
354034084
462466762
102804960
670445167
690126414
212515835
174602095
213616194
830192773
440050476
734990294
225669359
561528609
204967899
89726182
586617347
331760636
26361209
350054189
130735682
259610472
593822921
508405222
200823103
18645718
850314332
849083760
331661217
700698833
960564956
39799316
415178633
9158870
434031372
271396829
242625736
212375600
607670185
9237105
416745838
296483040
990778951
108029846
778134709
763647577
50501633
679273334
319507250
25923431
220937581
735144392
221031804
15984089
424835233
925896253
64773887
89882250
3179458
308434834
552969008
539812912
122213665
409368502
264908535
673351416
593739140
421520000
900438926
321252962
282867612
146915242
198156602
524418530
473414508
165087553
53115505
120964822
199966143
77405097
541689278
3593627
321389010
232502559
49388503
73790838
150390745
692185533
125447651
215499290
260342416
373318080
107056602
119657950
798612365
62597259
444527395
580880279
79807821
70964809
121941543
223938592
559394057
472758340
406309944
359601071
167434443
111971915
649713044
415101041
743370205
304088964
963139944
444164720
143595964
97803263
601002509
229659072
6804555
27461949
14082235
280471189
970056501
248282468
116830958
53396708
413271359
35974086
941451788
368127073
82386656
363049348
771521808
790537368
61357475
608002861
200097637
499191001
52366898
49049029
265280271
610467500
282480414
256072390
33840982
272793660
912149729
257657849
108325244
737624178
52555859
580340009
435867211
633057925
785563348
356666570
178072603
70375943
723316118
651433820
244413830
792792408
426166895
183482182
319054849
375974112
849904535
29366268
64984446
418101946
590250261
75883201
241138273
559612024
887782498
9095600
68591580
129997295
23685050
95558016
40081760
119723547
610933156
427900064
256558229
409034764
259496624
572442384
92950250
982075723
24097531
307968826
110222743
58356002
266968527
327445315
465831672
214490319
267319163
357245808
163491674
190819512
705469046
4746570
466861183
530751159
588655987
283907918
71706207
915401830
17150128
642337047
774315487
518018481
114019232
760347289
46872716
217397890
217974187
537219625
94026680
727903511
561427260
237074756
820326497
411461413
669977718
219225353
478303293
266994884
167700080
203605168
45814326
356882978
139046842
190233060
379949724
184801960
59176429
11684642
44251578
4362601
30362327
983341230
122145658
22454104
282656467
473905250
193902970
335451845
11012329
336897341
493846263
84166537
350588118
452126183
39424920
68514976
51139571
32705381
240778028
97528314
562324174
471654066
21071380
18886155
70765774
57031607
789344472
156875979
650424771
426097109
303656854
300744721
32298531
95940142
159456745
192937485
606288590
394036165
6334076
260302983
359456148
131703293
285290217
198591260
211240204
614019961
134703871
228810956
46737686
153915104
399701324
579709742
886538017
776705844
992965635
82100131
757328070
949781236
128850761
88666637
832902040
287227795
213836528
78546444
260726227
947148219
183519200
79904369
593917728
131410438
394435304
148410861
732145539
727402632
533421887
54933679
321200218
889221604
11357456
153076904
944838609
700194293
790430229
573503542
403882491
468749002
461836683
843250887
255975382
815813798
653938442
405581922
176387811
305374474
229761313
498380239
187727388
511811837
451592092
79743118
560425064
975479953
21602101
871539939
19200402
591576008
518351559
83382639
878457703
966924555
594341745
516017250
75802610
3838921
364448051
748085560
958058024
91291801
852485523
127117146
291746934
4979066
420935946
997460440
136157691
371878016
853065227
786695259
558744037
750578819
181895631
90545083
504297452
177953874
685448517
358398269
106680044
519272369
299655736
140550979
44788015
214403394
101298109
75457220
915032238
395488491
7063415
23543170
35671235
280300386
682513604
408224841
38441548
671931802
41090876
277050672
671134303
20480812
842245525
243634760
365743040
508683110
128747099
180248393
90759890
610425078
131965191
30591002
120133953
40170306
113952896
834932633
131467075
4562382
70267604
659211710
36710571
500588525
470821134
611934809
26922882
464270273
662971130
498931421
12648755
77708690
80573426
728684379
982285908
241149125
511945696
54511718
391477311
44259444
441727528
147288745
251254456
285309820
356181235
821314001
754563370
713143657
117112143
873369292
370805355
426779466
184414691
192898071
620282296
557109597
11698215
531957416
340146143
51223804
467351523
106349318
72217642
59709044
401098884
332492075
53357727
32975914
761401322
281731368
73778761
169386982
603136266
416820223
492058933
935301241
290583750
103843977
41164130
265498903
487738241
821171978
201464283
263275735
1848437
796954545
314719384
285049314
795062974
41831726
808996054
18680089
647003514
155034700
125188575
637485358
1425556
458884236
329622136
349212369
3904732
891941429
472794226
358045383
311682569
665919260
374463107
26391951
57235747
141397467
105072352
601313338
537044613
43351361
27120280
272922655
431554665
22150391
499380751
751671533
853110859
299530172
388629314
246257859
793941641
146368860
839412529
608328970
718269980
622081011
109954472
477147129
630910599
413250809
107396461
371084810
16891995
498449753
957128641
165368499
979697674
596149351
180197159
161762142
168466422
589463145
105208812
648385974
22466263
444905783
397048998
476689498
378899467
705248200
52755205
45407091
771983178
74366167
408021430
54328938
979422459
30399941
707359533
461686592
478178777
664301338
54095137
36911379
459785873
698565232
710473830
201443331
201500566
86042748
240492812
90890419
188323639
11392838
994290285
4109623
553208675
511019246
412428890
139487199
484794079
9690432
79877946
79474557
151307529
114764168
15917097
87277813
45000783
74166274
489145259
46776256
651769013
831898092
147137029
302375485
297985107
787866807
923842009
433769796
148157923
844647683
139720557
161372578
543446062
430553064
115307420
479587446
144649590
655772802
621351268
658885045
578654448
53948487
6058036
111116303
135543694
226432152
56197494
559259458
679589168
527873929
718952885
49131118
123881027
321334676
421967066
270823994
12443073
119642577
736754970
3562880
855794586
281743928
14817908
506616641
696053582
198355804
99166228
145884775
1245030
543664305
713330867
981105802
370948851
232205615
119149785
20041534
34737541
596361642
258683777
6509458
109751872
362624
194272858
412584577
854994267
71850871
724175660
713457287
30460882
118655057
327648624
81082183
52728641
103817513
255696539
194308394
344865439
4356773
30218506
404661926
379258720
558728266
719679179
12556784
218476715
95964173
598364761
323519899
98443718
765143153
606703553
515986433
295165738
427239209
108930486
527504814
31542962
114390275
367662126
41945229
653348221
804690985
456236731
14895893
862850561
3297822
19539093
210098078
465238043
780950042
395632774
63102982
27726521
28816808
114514259
680721710
295653622
66000939
117687993
17576956
876055000
263410564
64500935
399557747
47881448
567615834
82963127
162062103
938095251
235847347
33282792
447208407
579743742
990091305
228107299
283119758
142014877
538621530
9426559
580204742
174062395
891739
189305723
27166073
60833189
134829961
225082678
238463082
492632106
994586362
28485801
426538546
486707837
565210251
784784963
772731110
412914993
42770931
153331267
618045435
5711749
551258623
57287906
106259209
475309064
13180345
317897657
54928406
99474860
351139528
393754099
95560866
538437336
99610990
126563967
797136426
623860946
18074924
279485736
785827647
573312699
15170412
2016332
715451734
30915663
125399721
619321798
403728465
984957989
239701389
289186473
465596080
156132611
803710456
428139707
20236738
805632776
417692980
668235621
364501070
420094235
822185330
8734714
95684629
489804101
459018569
15292659
138308740
708303528
144407239
97421110
67549966
129227191
25831580
665737919
28091363
151824844
963819389
115579828
728698956
586826777
206188269
485793067
504979063
41476934
413753391
511933666
29897637
12565600
357511149
637281823
485049515
444415664
383558571
87127506
371373025
22558535
104058278
112402444
228979257
237501426
7270119
334456719
327476831
759655782
4291674
217747770
271140802
821728994
178084972
656252581
607279748
3994992
261291613
74489293
177484684
296488303
816687576
268622279
227107988
716886986
234981364
186583549
11878432
146466364
310525390
679546538
22776966
298340904
660262508
300682554
204794120
6099474
54430317
36424157
228881462
181474529
236420865
477079982
119835919
478843124
280770069
209923531
758118708
15425761
417675429
110872485
978389367
120194343
583230134
743585633
414082652
52973477
292434506
2382505
196687697
420724411
682294748
870118308
517278340
861728866
409264721
115543645
861831231
23878351
584576391
17979908
166431606
549607637
310385229
325665009
417299461
126166837
422639903
706545016
42028785
109403736
2010147
212171658
222748677
693567250
158273447
693644063
718678914
7666706
319027908
136484196
955464831
230764733
915724852
278865542
910403418
97037850
796995325
231096897
251068579
815373614
332899957
362969418
139237773
92205765
9019735
54770847
292582167
25385479
166609878
433944132
148975749
586353417
82123638
74180152
127354500
154749280
252150154
262720489
88104519
26667106
75900524
106583997
568414757
906734919
171033632
687252582
199535705
85417400
8374205
95698594
526945051
562685095
599537034
79034851
119970984
585936872
23187112
79358247
225831826
505192307
89583429
437186113
123941783
154568547
40755213
76292569
474640672
464921986
776786667
48143065
99085902
494560530
642272317
647514020
31668221
694802313
386576165
656116451
19807065
170433008
771617220
178538238
38207300
10859036
484118132
164741577
110404785
299662988
213036343
369752293
68611854
81145945
742959114
714799207
366316183
898359321
279747679
191869605
213716124
2601990
552138966
90479760
27014129
40741008
71534473
78347346
656418426
995142224
45543000
464786460
95830124
353732845
800186556
451277921
82650065
276169694
100623120
768938227
481095582
381046056
576156755
465837426
78244001
20988466
219863497
708859
307067700
353045412
433997199
2336650
490464450
542459960
437531134
176774429
469990719
357907635
712977596
74572547
662276415
69949891
44124676
314516207
252837883
274598026
494435048
40316310
98933133
2061543
178567930
235290140
96724842
341640783
358911751
220060021
244233010
882018490
218323344
394110493
608537977
6008607
20084861
143766431
587900920
215568195
153395439
801139767
11477913
362982348
364974391
12616900
10400236
653045110
224684961
85373080
100065505
656383558
98503444
311548554
221392307
164488105
691058580
141428666
19997374
382928983
146716918
43475301
469745224
785811622
186176794
366163798
68136931
106131854
1702974
48451705
280828401
348387342
482942582
922739674
775862622
407115704
736170771
466046670
165137361
277477745
27335044
149523023
170664236
76446582
642843770
453507476
653159851
50293499
102674051
235525431
13787197
182276843
78174180
608906842
571158388
950677750
257525162
280269640
367380821
158577354
101085829
640362592
793865207
3360350
142951519
70738331
415434335
75157
892049150
198387164
526940809
324085290
1701662
618985214
433249255
58016831
334516388
97897138
223965059
654072602
632208351
449369539
711711929
86416732
951466798
103158617
793391493
787418425
84626979
542122236
139577256
107866884
490293804
416293635
5786137
547459244
420207790
101417440
965457843
698260557
163560954
124107368
978535
431715795
463123180
515429307
65824167
76642429
149801068
376523120
19556312
411442644
101254562
678614316
259510668
443370128
177480126
112953441
350266463
164597279
59336506
151795488
729623920
191576217
971672253
43133208
316707888
19046126
980896792
225821020
731165707
323205028
227958255
406331462
278717769
743711726
57148620
219747348
49408264
649478464
196140381
900351078
504914488
234934214
22815599
564942014
85289605
544719455
172398284
736244671
443181815
2118724
737566857
634613179
126199580
54221619
59132486
133087925
122697992
304157344
135548006
896846132
166389882
367668813
214793309
252360183
36228624
765873031
434353255
11858602
399081907
230768322
912716080
334451264
342886511
220244228
827761193
63987280
277910810
83592540
896645026
62733358
10157768
219823888
551912919
135915742
461119719
812769524
56592143
46353539
90650861
78137833
201442746
102096315
480949349
310598429
602549431
186056548
471785714
57868225
253491858
86752382
44971953
103243414
97789852
781246429
1817610
398229037
361383079
327788747
705240582
417340198
286083850
82217744
511456539
47082256
101657679
436819436
79859228
459819291
454279068
101046686
503487987
447512847
57900860
109821378
6666028
561919834
623600225
450306419
513547375
634959961
25023839
103927021
16720952
383518350
535901239
150591019
593259375
24259869
449749286
591218747
68983968
128972425
496240228
672376155
392612330
137090229
534040349
956302129
554163580
146465652
138160554
94765539
15092904
46163406
293065689
249337314
506908397
92393773
640548791
7570115
222546769
791095823
67716725
231903182
39102054
322773109
153395092
112992151
33538406
348486785
172485559
26417879
512591107
163476747
418363874
81632403
13825128
8665634
71562283
17787534
520820250
853462624
589969634
349399997
414895605
819019234
78842820
126133092
22103300
244530280
195016329
482835589
543457408
189074548
98904163
709828888
123874383
760750411
295913921
237934696
232919125
500655761
37603234
395698982
39898140
345168376
79659073
285072461
713144376
356392495
673120252
105806537
385937242
140866939
32636018
40592223
192577106
224463851
222273201
722736573
898159055
106429087
177560699
668534622
98207272
458719716
360477129
615001914
269217283
325782180
436670188
44154604
47329826
957647561
111954287
87407071
86213240
305379730
511934496
390991251
360157764
428256069
332968658
450338496
42194221
211296113
252471143
512851652
135215236
374485266
958587117
484578666
980533667
297006474
4488984
195383204
414784627
332291176
215417247
915794046
310595366
143449442
520588828
230964910
636964202
504538169
20555652
27223461
134587608
36045314
3743402
52723540
465770434
675124019
530089845
706164275
163550888
698151129
154176832
62483638
243238836
832623004
19922782
654866247
860191158
178490657
441126941
75418925
92811594
399351915
600433675
645489913
158787038
234901
52964912
164309353
710532413
107502488
35686242
7060679
544928332
40522929
163301978
110453021
37073833
446992284
618694079
502859008
302170473
159522952
98727951
608694979
445858390
60909980
839643659
56481289
323989838
95385922
96563371
520697473
49612412
437302942
154562297
55576585
234997651
333856349
265560639
640916849
332253624
871416661
281337543
467914375
54374648
39936942
936773927
26500185
