718523210
472906609
251048859
94227204
12309882
441723231
611169703
265135975
675699017
664720992
349781577
162353959
95148312
517436573
40891770
522370753
230672853
32766984
432666746
601717478
711605954
678619654
528651141
20589306
89863161
108678879
174257449
7443685
55557543
512839243
594182690
355060521
988398771
107422731
481986363
282512520
572943290
250341427
59105356
743792196
330080582
361970769
201576279
347749878
517928465
222889330
162915609
14555819
37585379
250990653
249605309
251565804
478639158
891377444
324318301
183676835
327586677
740406016
2871230
66204835
51979182
113921968
713265129
803426354
307858671
109938798
241614958
185967866
651422757
99842096
346949057
20980384
58506810
41269157
48205622
485147998
805343061
493238949
121498640
784537839
538997946
292562143
911003290
121931613
37857554
309105029
653830315
225096128
222580951
194472790
45834578
278792694
108777836
922592696
514408715
177180758
966223051
431834710
576839236
484989752
164901543
606928259
665652250
600233419
346496479
808909241
5904777
547559256
471646643
120613146
164084575
424470799
258671378
750816053
147202310
85238747
45323463
72098784
38969056
71974690
657639122
777196002
163488856
360677388
762646097
425420974
620562250
396517011
129895186
904016596
36875295
56796771
202122796
15952704
166680857
262039443
393645696
394715998
590344182
213559397
7738471
102440635
788627786
169240554
216191857
459841104
306461833
21422521
192869766
848966612
178074539
463973498
13886893
371100181
113847336
220322405
431135042
263408672
280620363
58086024
497870214
69445243
270135607
40523171
898544531
534442716
1409857
101190395
7827184
482255039
551482514
235843809
140311814
254791227
444110053
285227134
112273268
478992676
363348486
22477588
225598677
33061537
407451083
354424367
797753000
946495475
754642480
804386209
362012475
478841704
82777828
401901745
379874661
580502566
570262597
845820362
292143617
64050517
174914503
21402908
114837030
54531597
259702344
573790389
475661924
208572859
318186818
336090451
822651870
151093115
34517496
108573063
419360607
135648034
865063
97205763
236939695
22051365
114372696
18896358
148869377
132764325
365652314
56603915
791403886
305767441
724651596
326989935
440353015
141042741
441790194
56496238
75395795
695897486
450716564
48462558
90623516
618006832
323834660
54370609
182249281
339642267
677972663
209713642
186530827
94380379
166907973
809792210
380574439
73809927
157700996
6147802
653255308
730817850
707605902
587848623
172722476
918744795
430833821
728406742
578137780
12595361
389295292
455032854
195318363
531721196
136132030
464703836
178631877
337722338
10300814
119775888
684746019
240971374
180021863
349412283
233037280
